# JRE version: OpenJDK Runtime Environment (8.0_201-b09) (build 1.8.0_201-b09)
# Java VM: OpenJDK 64-Bit Server VM (25.201-b09 mixed mode linux-amd64 compressed oops)
Heap:
 def new generation   total 25600K, used 0K [0x00000000f0800000, 0x00000000f23c0000, 0x00000000f5aa0000)
  eden space 22784K,   0% used [0x00000000f0800000, 0x00000000f0800000, 0x00000000f1e40000)
  from space 2816K,   0% used [0x00000000f2100000, 0x00000000f2100000, 0x00000000f23c0000)
  to   space 2816K,   0% used [0x00000000f1e40000, 0x00000000f1e40000, 0x00000000f2100000)
 tenured generation   total 62188K, used 58411K [0x00000000f5aa0000, 0x00000000f975b000, 0x0000000100000000)
   the space 62188K,  93% used [0x00000000f5aa0000, 0x00000000f93aade8, 0x00000000f93aae00, 0x00000000f975b000)
 Metaspace       used 66815K, capacity 69096K, committed 69376K, reserved 1110016K
  class space    used 8730K, capacity 9146K, committed 9216K, reserved 1048576K
GC Heap History (250 events):
Event: 1.498 GC heap after
Heap after GC invocations=13 (full 0):
 def new generation   total 4928K, used 383K [0x00000000f0800000, 0x00000000f0d50000, 0x00000000f5aa0000)
  eden space 4416K,   0% used [0x00000000f0800000, 0x00000000f0800000, 0x00000000f0c50000)
  from space 512K,  74% used [0x00000000f0cd0000, 0x00000000f0d2fda8, 0x00000000f0d50000)
  to   space 512K,   0% used [0x00000000f0c50000, 0x00000000f0c50000, 0x00000000f0cd0000)
 tenured generation   total 10944K, used 3501K [0x00000000f5aa0000, 0x00000000f6550000, 0x0000000100000000)
   the space 10944K,  31% used [0x00000000f5aa0000, 0x00000000f5e0b558, 0x00000000f5e0b600, 0x00000000f6550000)
 Metaspace       used 11930K, capacity 12202K, committed 12416K, reserved 1060864K
  class space    used 1313K, capacity 1397K, committed 1408K, reserved 1048576K
}
Event: 1.569 GC heap before
{Heap before GC invocations=13 (full 0):
 def new generation   total 4928K, used 4799K [0x00000000f0800000, 0x00000000f0d50000, 0x00000000f5aa0000)
  eden space 4416K, 100% used [0x00000000f0800000, 0x00000000f0c50000, 0x00000000f0c50000)
  from space 512K,  74% used [0x00000000f0cd0000, 0x00000000f0d2fda8, 0x00000000f0d50000)
  to   space 512K,   0% used [0x00000000f0c50000, 0x00000000f0c50000, 0x00000000f0cd0000)
 tenured generation   total 10944K, used 3501K [0x00000000f5aa0000, 0x00000000f6550000, 0x0000000100000000)
   the space 10944K,  31% used [0x00000000f5aa0000, 0x00000000f5e0b558, 0x00000000f5e0b600, 0x00000000f6550000)
 Metaspace       used 12473K, capacity 12756K, committed 13056K, reserved 1060864K
  class space    used 1394K, capacity 1496K, committed 1536K, reserved 1048576K
Event: 1.570 GC heap after
Heap after GC invocations=14 (full 0):
 def new generation   total 4928K, used 439K [0x00000000f0800000, 0x00000000f0d50000, 0x00000000f5aa0000)
  eden space 4416K,   0% used [0x00000000f0800000, 0x00000000f0800000, 0x00000000f0c50000)
  from space 512K,  85% used [0x00000000f0c50000, 0x00000000f0cbde58, 0x00000000f0cd0000)
  to   space 512K,   0% used [0x00000000f0cd0000, 0x00000000f0cd0000, 0x00000000f0d50000)
 tenured generation   total 10944K, used 3610K [0x00000000f5aa0000, 0x00000000f6550000, 0x0000000100000000)
   the space 10944K,  32% used [0x00000000f5aa0000, 0x00000000f5e26a90, 0x00000000f5e26c00, 0x00000000f6550000)
 Metaspace       used 12473K, capacity 12756K, committed 13056K, reserved 1060864K
  class space    used 1394K, capacity 1496K, committed 1536K, reserved 1048576K
}
Event: 1.641 GC heap before
{Heap before GC invocations=14 (full 0):
 def new generation   total 4928K, used 4855K [0x00000000f0800000, 0x00000000f0d50000, 0x00000000f5aa0000)
  eden space 4416K, 100% used [0x00000000f0800000, 0x00000000f0c50000, 0x00000000f0c50000)
  from space 512K,  85% used [0x00000000f0c50000, 0x00000000f0cbde58, 0x00000000f0cd0000)
  to   space 512K,   0% used [0x00000000f0cd0000, 0x00000000f0cd0000, 0x00000000f0d50000)
 tenured generation   total 10944K, used 3610K [0x00000000f5aa0000, 0x00000000f6550000, 0x0000000100000000)
   the space 10944K,  32% used [0x00000000f5aa0000, 0x00000000f5e26a90, 0x00000000f5e26c00, 0x00000000f6550000)
 Metaspace       used 13026K, capacity 13308K, committed 13440K, reserved 1060864K
  class space    used 1466K, capacity 1570K, committed 1664K, reserved 1048576K
Event: 1.643 GC heap after
Heap after GC invocations=15 (full 0):
 def new generation   total 4928K, used 358K [0x00000000f0800000, 0x00000000f0d50000, 0x00000000f5aa0000)
  eden space 4416K,   0% used [0x00000000f0800000, 0x00000000f0800000, 0x00000000f0c50000)
  from space 512K,  70% used [0x00000000f0cd0000, 0x00000000f0d29bd8, 0x00000000f0d50000)
  to   space 512K,   0% used [0x00000000f0c50000, 0x00000000f0c50000, 0x00000000f0cd0000)
 tenured generation   total 10944K, used 3709K [0x00000000f5aa0000, 0x00000000f6550000, 0x0000000100000000)
   the space 10944K,  33% used [0x00000000f5aa0000, 0x00000000f5e3f548, 0x00000000f5e3f600, 0x00000000f6550000)
 Metaspace       used 13026K, capacity 13308K, committed 13440K, reserved 1060864K
  class space    used 1466K, capacity 1570K, committed 1664K, reserved 1048576K
}
Event: 1.721 GC heap before
{Heap before GC invocations=15 (full 0):
 def new generation   total 4928K, used 4774K [0x00000000f0800000, 0x00000000f0d50000, 0x00000000f5aa0000)
  eden space 4416K, 100% used [0x00000000f0800000, 0x00000000f0c50000, 0x00000000f0c50000)
  from space 512K,  70% used [0x00000000f0cd0000, 0x00000000f0d29bd8, 0x00000000f0d50000)
  to   space 512K,   0% used [0x00000000f0c50000, 0x00000000f0c50000, 0x00000000f0cd0000)
 tenured generation   total 10944K, used 3709K [0x00000000f5aa0000, 0x00000000f6550000, 0x0000000100000000)
   the space 10944K,  33% used [0x00000000f5aa0000, 0x00000000f5e3f548, 0x00000000f5e3f600, 0x00000000f6550000)
 Metaspace       used 13889K, capacity 14220K, committed 14592K, reserved 1062912K
  class space    used 1550K, capacity 1678K, committed 1792K, reserved 1048576K
Event: 1.724 GC heap after
Heap after GC invocations=16 (full 0):
 def new generation   total 4928K, used 511K [0x00000000f0800000, 0x00000000f0d50000, 0x00000000f5aa0000)
  eden space 4416K,   0% used [0x00000000f0800000, 0x00000000f0800000, 0x00000000f0c50000)
  from space 512K,  99% used [0x00000000f0c50000, 0x00000000f0ccfff0, 0x00000000f0cd0000)
  to   space 512K,   0% used [0x00000000f0cd0000, 0x00000000f0cd0000, 0x00000000f0d50000)
 tenured generation   total 10944K, used 3902K [0x00000000f5aa0000, 0x00000000f6550000, 0x0000000100000000)
   the space 10944K,  35% used [0x00000000f5aa0000, 0x00000000f5e6f900, 0x00000000f5e6fa00, 0x00000000f6550000)
 Metaspace       used 13889K, capacity 14220K, committed 14592K, reserved 1062912K
  class space    used 1550K, capacity 1678K, committed 1792K, reserved 1048576K
}
Event: 1.804 GC heap before
{Heap before GC invocations=16 (full 0):
 def new generation   total 4928K, used 4927K [0x00000000f0800000, 0x00000000f0d50000, 0x00000000f5aa0000)
  eden space 4416K, 100% used [0x00000000f0800000, 0x00000000f0c50000, 0x00000000f0c50000)
  from space 512K,  99% used [0x00000000f0c50000, 0x00000000f0ccfff0, 0x00000000f0cd0000)
  to   space 512K,   0% used [0x00000000f0cd0000, 0x00000000f0cd0000, 0x00000000f0d50000)
 tenured generation   total 10944K, used 3902K [0x00000000f5aa0000, 0x00000000f6550000, 0x0000000100000000)
   the space 10944K,  35% used [0x00000000f5aa0000, 0x00000000f5e6f900, 0x00000000f5e6fa00, 0x00000000f6550000)
 Metaspace       used 14495K, capacity 14852K, committed 15104K, reserved 1062912K
  class space    used 1643K, capacity 1734K, committed 1792K, reserved 1048576K
Event: 1.806 GC heap after
Heap after GC invocations=17 (full 0):
 def new generation   total 4928K, used 405K [0x00000000f0800000, 0x00000000f0d50000, 0x00000000f5aa0000)
  eden space 4416K,   0% used [0x00000000f0800000, 0x00000000f0800000, 0x00000000f0c50000)
  from space 512K,  79% used [0x00000000f0cd0000, 0x00000000f0d356a0, 0x00000000f0d50000)
  to   space 512K,   0% used [0x00000000f0c50000, 0x00000000f0c50000, 0x00000000f0cd0000)
 tenured generation   total 10944K, used 4097K [0x00000000f5aa0000, 0x00000000f6550000, 0x0000000100000000)
   the space 10944K,  37% used [0x00000000f5aa0000, 0x00000000f5ea0580, 0x00000000f5ea0600, 0x00000000f6550000)
 Metaspace       used 14495K, capacity 14852K, committed 15104K, reserved 1062912K
  class space    used 1643K, capacity 1734K, committed 1792K, reserved 1048576K
}
Event: 1.860 GC heap before
{Heap before GC invocations=17 (full 0):
 def new generation   total 4928K, used 4821K [0x00000000f0800000, 0x00000000f0d50000, 0x00000000f5aa0000)
  eden space 4416K, 100% used [0x00000000f0800000, 0x00000000f0c50000, 0x00000000f0c50000)
  from space 512K,  79% used [0x00000000f0cd0000, 0x00000000f0d356a0, 0x00000000f0d50000)
  to   space 512K,   0% used [0x00000000f0c50000, 0x00000000f0c50000, 0x00000000f0cd0000)
 tenured generation   total 10944K, used 4097K [0x00000000f5aa0000, 0x00000000f6550000, 0x0000000100000000)
   the space 10944K,  37% used [0x00000000f5aa0000, 0x00000000f5ea0580, 0x00000000f5ea0600, 0x00000000f6550000)
 Metaspace       used 14771K, capacity 15166K, committed 15488K, reserved 1062912K
  class space    used 1690K, capacity 1815K, committed 1920K, reserved 1048576K
Event: 1.862 GC heap after
Heap after GC invocations=18 (full 0):
 def new generation   total 4928K, used 340K [0x00000000f0800000, 0x00000000f0d50000, 0x00000000f5aa0000)
  eden space 4416K,   0% used [0x00000000f0800000, 0x00000000f0800000, 0x00000000f0c50000)
  from space 512K,  66% used [0x00000000f0c50000, 0x00000000f0ca5138, 0x00000000f0cd0000)
  to   space 512K,   0% used [0x00000000f0cd0000, 0x00000000f0cd0000, 0x00000000f0d50000)
 tenured generation   total 10944K, used 4235K [0x00000000f5aa0000, 0x00000000f6550000, 0x0000000100000000)
   the space 10944K,  38% used [0x00000000f5aa0000, 0x00000000f5ec2c20, 0x00000000f5ec2e00, 0x00000000f6550000)
 Metaspace       used 14771K, capacity 15166K, committed 15488K, reserved 1062912K
  class space    used 1690K, capacity 1815K, committed 1920K, reserved 1048576K
}
Event: 1.914 GC heap before
{Heap before GC invocations=18 (full 0):
 def new generation   total 4928K, used 4756K [0x00000000f0800000, 0x00000000f0d50000, 0x00000000f5aa0000)
  eden space 4416K, 100% used [0x00000000f0800000, 0x00000000f0c50000, 0x00000000f0c50000)
  from space 512K,  66% used [0x00000000f0c50000, 0x00000000f0ca5138, 0x00000000f0cd0000)
  to   space 512K,   0% used [0x00000000f0cd0000, 0x00000000f0cd0000, 0x00000000f0d50000)
 tenured generation   total 10944K, used 4235K [0x00000000f5aa0000, 0x00000000f6550000, 0x0000000100000000)
   the space 10944K,  38% used [0x00000000f5aa0000, 0x00000000f5ec2c20, 0x00000000f5ec2e00, 0x00000000f6550000)
 Metaspace       used 15185K, capacity 15562K, committed 15744K, reserved 1062912K
  class space    used 1750K, capacity 1881K, committed 1920K, reserved 1048576K
Event: 1.916 GC heap after
Heap after GC invocations=19 (full 0):
 def new generation   total 4928K, used 421K [0x00000000f0800000, 0x00000000f0d50000, 0x00000000f5aa0000)
  eden space 4416K,   0% used [0x00000000f0800000, 0x00000000f0800000, 0x00000000f0c50000)
  from space 512K,  82% used [0x00000000f0cd0000, 0x00000000f0d397f8, 0x00000000f0d50000)
  to   space 512K,   0% used [0x00000000f0c50000, 0x00000000f0c50000, 0x00000000f0cd0000)
 tenured generation   total 10944K, used 4340K [0x00000000f5aa0000, 0x00000000f6550000, 0x0000000100000000)
   the space 10944K,  39% used [0x00000000f5aa0000, 0x00000000f5edd080, 0x00000000f5edd200, 0x00000000f6550000)
 Metaspace       used 15185K, capacity 15562K, committed 15744K, reserved 1062912K
  class space    used 1750K, capacity 1881K, committed 1920K, reserved 1048576K
}
Event: 1.961 GC heap before
{Heap before GC invocations=19 (full 0):
 def new generation   total 4928K, used 4837K [0x00000000f0800000, 0x00000000f0d50000, 0x00000000f5aa0000)
  eden space 4416K, 100% used [0x00000000f0800000, 0x00000000f0c50000, 0x00000000f0c50000)
  from space 512K,  82% used [0x00000000f0cd0000, 0x00000000f0d397f8, 0x00000000f0d50000)
  to   space 512K,   0% used [0x00000000f0c50000, 0x00000000f0c50000, 0x00000000f0cd0000)
 tenured generation   total 10944K, used 4340K [0x00000000f5aa0000, 0x00000000f6550000, 0x0000000100000000)
   the space 10944K,  39% used [0x00000000f5aa0000, 0x00000000f5edd080, 0x00000000f5edd200, 0x00000000f6550000)
 Metaspace       used 15581K, capacity 15998K, committed 16000K, reserved 1062912K
  class space    used 1810K, capacity 1919K, committed 1920K, reserved 1048576K
Event: 1.963 GC heap after
Heap after GC invocations=20 (full 0):
 def new generation   total 4928K, used 419K [0x00000000f0800000, 0x00000000f0d50000, 0x00000000f5aa0000)
  eden space 4416K,   0% used [0x00000000f0800000, 0x00000000f0800000, 0x00000000f0c50000)
  from space 512K,  81% used [0x00000000f0c50000, 0x00000000f0cb8f08, 0x00000000f0cd0000)
  to   space 512K,   0% used [0x00000000f0cd0000, 0x00000000f0cd0000, 0x00000000f0d50000)
 tenured generation   total 10944K, used 4466K [0x00000000f5aa0000, 0x00000000f6550000, 0x0000000100000000)
   the space 10944K,  40% used [0x00000000f5aa0000, 0x00000000f5efc8b0, 0x00000000f5efca00, 0x00000000f6550000)
 Metaspace       used 15581K, capacity 15998K, committed 16000K, reserved 1062912K
  class space    used 1810K, capacity 1919K, committed 1920K, reserved 1048576K
}
Event: 1.999 GC heap before
{Heap before GC invocations=20 (full 0):
 def new generation   total 4928K, used 4835K [0x00000000f0800000, 0x00000000f0d50000, 0x00000000f5aa0000)
  eden space 4416K, 100% used [0x00000000f0800000, 0x00000000f0c50000, 0x00000000f0c50000)
  from space 512K,  81% used [0x00000000f0c50000, 0x00000000f0cb8f08, 0x00000000f0cd0000)
  to   space 512K,   0% used [0x00000000f0cd0000, 0x00000000f0cd0000, 0x00000000f0d50000)
 tenured generation   total 10944K, used 4466K [0x00000000f5aa0000, 0x00000000f6550000, 0x0000000100000000)
   the space 10944K,  40% used [0x00000000f5aa0000, 0x00000000f5efc8b0, 0x00000000f5efca00, 0x00000000f6550000)
 Metaspace       used 15808K, capacity 16272K, committed 16384K, reserved 1062912K
  class space    used 1859K, capacity 1986K, committed 2048K, reserved 1048576K
Event: 2.001 GC heap after
Heap after GC invocations=21 (full 0):
 def new generation   total 4928K, used 292K [0x00000000f0800000, 0x00000000f0d50000, 0x00000000f5aa0000)
  eden space 4416K,   0% used [0x00000000f0800000, 0x00000000f0800000, 0x00000000f0c50000)
  from space 512K,  57% used [0x00000000f0cd0000, 0x00000000f0d19110, 0x00000000f0d50000)
  to   space 512K,   0% used [0x00000000f0c50000, 0x00000000f0c50000, 0x00000000f0cd0000)
 tenured generation   total 10944K, used 4572K [0x00000000f5aa0000, 0x00000000f6550000, 0x0000000100000000)
   the space 10944K,  41% used [0x00000000f5aa0000, 0x00000000f5f17170, 0x00000000f5f17200, 0x00000000f6550000)
 Metaspace       used 15808K, capacity 16272K, committed 16384K, reserved 1062912K
  class space    used 1859K, capacity 1986K, committed 2048K, reserved 1048576K
}
Event: 2.056 GC heap before
{Heap before GC invocations=21 (full 0):
 def new generation   total 4928K, used 4708K [0x00000000f0800000, 0x00000000f0d50000, 0x00000000f5aa0000)
  eden space 4416K, 100% used [0x00000000f0800000, 0x00000000f0c50000, 0x00000000f0c50000)
  from space 512K,  57% used [0x00000000f0cd0000, 0x00000000f0d19110, 0x00000000f0d50000)
  to   space 512K,   0% used [0x00000000f0c50000, 0x00000000f0c50000, 0x00000000f0cd0000)
 tenured generation   total 10944K, used 4572K [0x00000000f5aa0000, 0x00000000f6550000, 0x0000000100000000)
   the space 10944K,  41% used [0x00000000f5aa0000, 0x00000000f5f17170, 0x00000000f5f17200, 0x00000000f6550000)
 Metaspace       used 16110K, capacity 16562K, committed 16768K, reserved 1064960K
  class space    used 1909K, capacity 2057K, committed 2176K, reserved 1048576K
Event: 2.058 GC heap after
Heap after GC invocations=22 (full 0):
 def new generation   total 4928K, used 243K [0x00000000f0800000, 0x00000000f0d50000, 0x00000000f5aa0000)
  eden space 4416K,   0% used [0x00000000f0800000, 0x00000000f0800000, 0x00000000f0c50000)
  from space 512K,  47% used [0x00000000f0c50000, 0x00000000f0c8ce30, 0x00000000f0cd0000)
  to   space 512K,   0% used [0x00000000f0cd0000, 0x00000000f0cd0000, 0x00000000f0d50000)
 tenured generation   total 10944K, used 4660K [0x00000000f5aa0000, 0x00000000f6550000, 0x0000000100000000)
   the space 10944K,  42% used [0x00000000f5aa0000, 0x00000000f5f2d220, 0x00000000f5f2d400, 0x00000000f6550000)
 Metaspace       used 16110K, capacity 16562K, committed 16768K, reserved 1064960K
  class space    used 1909K, capacity 2057K, committed 2176K, reserved 1048576K
}
Event: 2.111 GC heap before
{Heap before GC invocations=22 (full 0):
 def new generation   total 4928K, used 4659K [0x00000000f0800000, 0x00000000f0d50000, 0x00000000f5aa0000)
  eden space 4416K, 100% used [0x00000000f0800000, 0x00000000f0c50000, 0x00000000f0c50000)
  from space 512K,  47% used [0x00000000f0c50000, 0x00000000f0c8ce30, 0x00000000f0cd0000)
  to   space 512K,   0% used [0x00000000f0cd0000, 0x00000000f0cd0000, 0x00000000f0d50000)
 tenured generation   total 10944K, used 4660K [0x00000000f5aa0000, 0x00000000f6550000, 0x0000000100000000)
   the space 10944K,  42% used [0x00000000f5aa0000, 0x00000000f5f2d220, 0x00000000f5f2d400, 0x00000000f6550000)
 Metaspace       used 16293K, capacity 16744K, committed 17024K, reserved 1064960K
  class space    used 1953K, capacity 2096K, committed 2176K, reserved 1048576K
Event: 2.112 GC heap after
Heap after GC invocations=23 (full 0):
 def new generation   total 4928K, used 320K [0x00000000f0800000, 0x00000000f0d50000, 0x00000000f5aa0000)
  eden space 4416K,   0% used [0x00000000f0800000, 0x00000000f0800000, 0x00000000f0c50000)
  from space 512K,  62% used [0x00000000f0cd0000, 0x00000000f0d20188, 0x00000000f0d50000)
  to   space 512K,   0% used [0x00000000f0c50000, 0x00000000f0c50000, 0x00000000f0cd0000)
 tenured generation   total 10944K, used 4660K [0x00000000f5aa0000, 0x00000000f6550000, 0x0000000100000000)
   the space 10944K,  42% used [0x00000000f5aa0000, 0x00000000f5f2d220, 0x00000000f5f2d400, 0x00000000f6550000)
 Metaspace       used 16293K, capacity 16744K, committed 17024K, reserved 1064960K
  class space    used 1953K, capacity 2096K, committed 2176K, reserved 1048576K
}
Event: 2.163 GC heap before
{Heap before GC invocations=23 (full 0):
 def new generation   total 4928K, used 4736K [0x00000000f0800000, 0x00000000f0d50000, 0x00000000f5aa0000)
  eden space 4416K, 100% used [0x00000000f0800000, 0x00000000f0c50000, 0x00000000f0c50000)
  from space 512K,  62% used [0x00000000f0cd0000, 0x00000000f0d20188, 0x00000000f0d50000)
  to   space 512K,   0% used [0x00000000f0c50000, 0x00000000f0c50000, 0x00000000f0cd0000)
 tenured generation   total 10944K, used 4660K [0x00000000f5aa0000, 0x00000000f6550000, 0x0000000100000000)
   the space 10944K,  42% used [0x00000000f5aa0000, 0x00000000f5f2d220, 0x00000000f5f2d400, 0x00000000f6550000)
 Metaspace       used 16527K, capacity 16972K, committed 17280K, reserved 1064960K
  class space    used 2004K, capacity 2130K, committed 2176K, reserved 1048576K
Event: 2.166 GC heap after
Heap after GC invocations=24 (full 0):
 def new generation   total 4928K, used 402K [0x00000000f0800000, 0x00000000f0d50000, 0x00000000f5aa0000)
  eden space 4416K,   0% used [0x00000000f0800000, 0x00000000f0800000, 0x00000000f0c50000)
  from space 512K,  78% used [0x00000000f0c50000, 0x00000000f0cb4858, 0x00000000f0cd0000)
  to   space 512K,   0% used [0x00000000f0cd0000, 0x00000000f0cd0000, 0x00000000f0d50000)
 tenured generation   total 10944K, used 4776K [0x00000000f5aa0000, 0x00000000f6550000, 0x0000000100000000)
   the space 10944K,  43% used [0x00000000f5aa0000, 0x00000000f5f4a170, 0x00000000f5f4a200, 0x00000000f6550000)
 Metaspace       used 16527K, capacity 16972K, committed 17280K, reserved 1064960K
  class space    used 2004K, capacity 2130K, committed 2176K, reserved 1048576K
}
Event: 2.214 GC heap before
{Heap before GC invocations=24 (full 0):
 def new generation   total 4928K, used 4818K [0x00000000f0800000, 0x00000000f0d50000, 0x00000000f5aa0000)
  eden space 4416K, 100% used [0x00000000f0800000, 0x00000000f0c50000, 0x00000000f0c50000)
  from space 512K,  78% used [0x00000000f0c50000, 0x00000000f0cb4858, 0x00000000f0cd0000)
  to   space 512K,   0% used [0x00000000f0cd0000, 0x00000000f0cd0000, 0x00000000f0d50000)
 tenured generation   total 10944K, used 4776K [0x00000000f5aa0000, 0x00000000f6550000, 0x0000000100000000)
   the space 10944K,  43% used [0x00000000f5aa0000, 0x00000000f5f4a170, 0x00000000f5f4a200, 0x00000000f6550000)
 Metaspace       used 16846K, capacity 17292K, committed 17664K, reserved 1064960K
  class space    used 2059K, capacity 2194K, committed 2304K, reserved 1048576K
Event: 2.216 GC heap after
Heap after GC invocations=25 (full 0):
 def new generation   total 4928K, used 390K [0x00000000f0800000, 0x00000000f0d50000, 0x00000000f5aa0000)
  eden space 4416K,   0% used [0x00000000f0800000, 0x00000000f0800000, 0x00000000f0c50000)
  from space 512K,  76% used [0x00000000f0cd0000, 0x00000000f0d31be8, 0x00000000f0d50000)
  to   space 512K,   0% used [0x00000000f0c50000, 0x00000000f0c50000, 0x00000000f0cd0000)
 tenured generation   total 10944K, used 5004K [0x00000000f5aa0000, 0x00000000f6550000, 0x0000000100000000)
   the space 10944K,  45% used [0x00000000f5aa0000, 0x00000000f5f830d8, 0x00000000f5f83200, 0x00000000f6550000)
 Metaspace       used 16846K, capacity 17292K, committed 17664K, reserved 1064960K
  class space    used 2059K, capacity 2194K, committed 2304K, reserved 1048576K
}
Event: 2.338 GC heap before
{Heap before GC invocations=25 (full 0):
 def new generation   total 4928K, used 4806K [0x00000000f0800000, 0x00000000f0d50000, 0x00000000f5aa0000)
  eden space 4416K, 100% used [0x00000000f0800000, 0x00000000f0c50000, 0x00000000f0c50000)
  from space 512K,  76% used [0x00000000f0cd0000, 0x00000000f0d31be8, 0x00000000f0d50000)
  to   space 512K,   0% used [0x00000000f0c50000, 0x00000000f0c50000, 0x00000000f0cd0000)
 tenured generation   total 10944K, used 5004K [0x00000000f5aa0000, 0x00000000f6550000, 0x0000000100000000)
   the space 10944K,  45% used [0x00000000f5aa0000, 0x00000000f5f830d8, 0x00000000f5f83200, 0x00000000f6550000)
 Metaspace       used 18145K, capacity 18668K, committed 18816K, reserved 1064960K
  class space    used 2214K, capacity 2354K, committed 2432K, reserved 1048576K
Event: 2.341 GC heap after
Heap after GC invocations=26 (full 0):
 def new generation   total 4928K, used 511K [0x00000000f0800000, 0x00000000f0d50000, 0x00000000f5aa0000)
  eden space 4416K,   0% used [0x00000000f0800000, 0x00000000f0800000, 0x00000000f0c50000)
  from space 512K,  99% used [0x00000000f0c50000, 0x00000000f0ccffa8, 0x00000000f0cd0000)
  to   space 512K,   0% used [0x00000000f0cd0000, 0x00000000f0cd0000, 0x00000000f0d50000)
 tenured generation   total 10944K, used 5117K [0x00000000f5aa0000, 0x00000000f6550000, 0x0000000100000000)
   the space 10944K,  46% used [0x00000000f5aa0000, 0x00000000f5f9f7b8, 0x00000000f5f9f800, 0x00000000f6550000)
 Metaspace       used 18145K, capacity 18668K, committed 18816K, reserved 1064960K
  class space    used 2214K, capacity 2354K, committed 2432K, reserved 1048576K
}
Event: 2.402 GC heap before
{Heap before GC invocations=26 (full 0):
 def new generation   total 4928K, used 4927K [0x00000000f0800000, 0x00000000f0d50000, 0x00000000f5aa0000)
  eden space 4416K, 100% used [0x00000000f0800000, 0x00000000f0c50000, 0x00000000f0c50000)
  from space 512K,  99% used [0x00000000f0c50000, 0x00000000f0ccffa8, 0x00000000f0cd0000)
  to   space 512K,   0% used [0x00000000f0cd0000, 0x00000000f0cd0000, 0x00000000f0d50000)
 tenured generation   total 10944K, used 5117K [0x00000000f5aa0000, 0x00000000f6550000, 0x0000000100000000)
   the space 10944K,  46% used [0x00000000f5aa0000, 0x00000000f5f9f7b8, 0x00000000f5f9f800, 0x00000000f6550000)
 Metaspace       used 18537K, capacity 18980K, committed 19328K, reserved 1067008K
  class space    used 2265K, capacity 2392K, committed 2432K, reserved 1048576K
Event: 2.404 GC heap after
Heap after GC invocations=27 (full 0):
 def new generation   total 4928K, used 423K [0x00000000f0800000, 0x00000000f0d50000, 0x00000000f5aa0000)
  eden space 4416K,   0% used [0x00000000f0800000, 0x00000000f0800000, 0x00000000f0c50000)
  from space 512K,  82% used [0x00000000f0cd0000, 0x00000000f0d39e80, 0x00000000f0d50000)
  to   space 512K,   0% used [0x00000000f0c50000, 0x00000000f0c50000, 0x00000000f0cd0000)
 tenured generation   total 10944K, used 5363K [0x00000000f5aa0000, 0x00000000f6550000, 0x0000000100000000)
   the space 10944K,  49% used [0x00000000f5aa0000, 0x00000000f5fdccb0, 0x00000000f5fdce00, 0x00000000f6550000)
 Metaspace       used 18537K, capacity 18980K, committed 19328K, reserved 1067008K
  class space    used 2265K, capacity 2392K, committed 2432K, reserved 1048576K
}
Event: 2.485 GC heap before
{Heap before GC invocations=27 (full 0):
 def new generation   total 4928K, used 4839K [0x00000000f0800000, 0x00000000f0d50000, 0x00000000f5aa0000)
  eden space 4416K, 100% used [0x00000000f0800000, 0x00000000f0c50000, 0x00000000f0c50000)
  from space 512K,  82% used [0x00000000f0cd0000, 0x00000000f0d39e80, 0x00000000f0d50000)
  to   space 512K,   0% used [0x00000000f0c50000, 0x00000000f0c50000, 0x00000000f0cd0000)
 tenured generation   total 10944K, used 5363K [0x00000000f5aa0000, 0x00000000f6550000, 0x0000000100000000)
   the space 10944K,  49% used [0x00000000f5aa0000, 0x00000000f5fdccb0, 0x00000000f5fdce00, 0x00000000f6550000)
 Metaspace       used 18971K, capacity 19510K, committed 19712K, reserved 1067008K
  class space    used 2315K, capacity 2459K, committed 2560K, reserved 1048576K
Event: 2.488 GC heap after
Heap after GC invocations=28 (full 0):
 def new generation   total 4928K, used 444K [0x00000000f0800000, 0x00000000f0d50000, 0x00000000f5aa0000)
  eden space 4416K,   0% used [0x00000000f0800000, 0x00000000f0800000, 0x00000000f0c50000)
  from space 512K,  86% used [0x00000000f0c50000, 0x00000000f0cbf170, 0x00000000f0cd0000)
  to   space 512K,   0% used [0x00000000f0cd0000, 0x00000000f0cd0000, 0x00000000f0d50000)
 tenured generation   total 10944K, used 5464K [0x00000000f5aa0000, 0x00000000f6550000, 0x0000000100000000)
   the space 10944K,  49% used [0x00000000f5aa0000, 0x00000000f5ff63c0, 0x00000000f5ff6400, 0x00000000f6550000)
 Metaspace       used 18971K, capacity 19510K, committed 19712K, reserved 1067008K
  class space    used 2315K, capacity 2459K, committed 2560K, reserved 1048576K
}
Event: 2.556 GC heap before
{Heap before GC invocations=28 (full 0):
 def new generation   total 4928K, used 4860K [0x00000000f0800000, 0x00000000f0d50000, 0x00000000f5aa0000)
  eden space 4416K, 100% used [0x00000000f0800000, 0x00000000f0c50000, 0x00000000f0c50000)
  from space 512K,  86% used [0x00000000f0c50000, 0x00000000f0cbf170, 0x00000000f0cd0000)
  to   space 512K,   0% used [0x00000000f0cd0000, 0x00000000f0cd0000, 0x00000000f0d50000)
 tenured generation   total 10944K, used 5464K [0x00000000f5aa0000, 0x00000000f6550000, 0x0000000100000000)
   the space 10944K,  49% used [0x00000000f5aa0000, 0x00000000f5ff63c0, 0x00000000f5ff6400, 0x00000000f6550000)
 Metaspace       used 19464K, capacity 19982K, committed 20224K, reserved 1067008K
  class space    used 2406K, capacity 2535K, committed 2560K, reserved 1048576K
Event: 2.559 GC heap after
Heap after GC invocations=29 (full 0):
 def new generation   total 4928K, used 394K [0x00000000f0800000, 0x00000000f0d50000, 0x00000000f5aa0000)
  eden space 4416K,   0% used [0x00000000f0800000, 0x00000000f0800000, 0x00000000f0c50000)
  from space 512K,  77% used [0x00000000f0cd0000, 0x00000000f0d32bf8, 0x00000000f0d50000)
  to   space 512K,   0% used [0x00000000f0c50000, 0x00000000f0c50000, 0x00000000f0cd0000)
 tenured generation   total 10944K, used 5595K [0x00000000f5aa0000, 0x00000000f6550000, 0x0000000100000000)
   the space 10944K,  51% used [0x00000000f5aa0000, 0x00000000f6016de0, 0x00000000f6016e00, 0x00000000f6550000)
 Metaspace       used 19464K, capacity 19982K, committed 20224K, reserved 1067008K
  class space    used 2406K, capacity 2535K, committed 2560K, reserved 1048576K
}
Event: 2.616 GC heap before
{Heap before GC invocations=29 (full 0):
 def new generation   total 4928K, used 4810K [0x00000000f0800000, 0x00000000f0d50000, 0x00000000f5aa0000)
  eden space 4416K, 100% used [0x00000000f0800000, 0x00000000f0c50000, 0x00000000f0c50000)
  from space 512K,  77% used [0x00000000f0cd0000, 0x00000000f0d32bf8, 0x00000000f0d50000)
  to   space 512K,   0% used [0x00000000f0c50000, 0x00000000f0c50000, 0x00000000f0cd0000)
 tenured generation   total 10944K, used 5595K [0x00000000f5aa0000, 0x00000000f6550000, 0x0000000100000000)
   the space 10944K,  51% used [0x00000000f5aa0000, 0x00000000f6016de0, 0x00000000f6016e00, 0x00000000f6550000)
 Metaspace       used 19981K, capacity 20494K, committed 20864K, reserved 1067008K
  class space    used 2458K, capacity 2599K, committed 2688K, reserved 1048576K
Event: 2.619 GC heap after
Heap after GC invocations=30 (full 0):
 def new generation   total 4928K, used 511K [0x00000000f0800000, 0x00000000f0d50000, 0x00000000f5aa0000)
  eden space 4416K,   0% used [0x00000000f0800000, 0x00000000f0800000, 0x00000000f0c50000)
  from space 512K,  99% used [0x00000000f0c50000, 0x00000000f0ccfff8, 0x00000000f0cd0000)
  to   space 512K,   0% used [0x00000000f0cd0000, 0x00000000f0cd0000, 0x00000000f0d50000)
 tenured generation   total 10944K, used 5865K [0x00000000f5aa0000, 0x00000000f6550000, 0x0000000100000000)
   the space 10944K,  53% used [0x00000000f5aa0000, 0x00000000f605a448, 0x00000000f605a600, 0x00000000f6550000)
 Metaspace       used 19981K, capacity 20494K, committed 20864K, reserved 1067008K
  class space    used 2458K, capacity 2599K, committed 2688K, reserved 1048576K
}
Event: 2.698 GC heap before
{Heap before GC invocations=30 (full 0):
 def new generation   total 4928K, used 4927K [0x00000000f0800000, 0x00000000f0d50000, 0x00000000f5aa0000)
  eden space 4416K, 100% used [0x00000000f0800000, 0x00000000f0c50000, 0x00000000f0c50000)
  from space 512K,  99% used [0x00000000f0c50000, 0x00000000f0ccfff8, 0x00000000f0cd0000)
  to   space 512K,   0% used [0x00000000f0cd0000, 0x00000000f0cd0000, 0x00000000f0d50000)
 tenured generation   total 10944K, used 5865K [0x00000000f5aa0000, 0x00000000f6550000, 0x0000000100000000)
   the space 10944K,  53% used [0x00000000f5aa0000, 0x00000000f605a448, 0x00000000f605a600, 0x00000000f6550000)
 Metaspace       used 20578K, capacity 21134K, committed 21296K, reserved 1069056K
  class space    used 2517K, capacity 2663K, committed 2688K, reserved 1048576K
Event: 2.701 GC heap after
Heap after GC invocations=31 (full 0):
 def new generation   total 4928K, used 511K [0x00000000f0800000, 0x00000000f0d50000, 0x00000000f5aa0000)
  eden space 4416K,   0% used [0x00000000f0800000, 0x00000000f0800000, 0x00000000f0c50000)
  from space 512K,  99% used [0x00000000f0cd0000, 0x00000000f0d4fff8, 0x00000000f0d50000)
  to   space 512K,   0% used [0x00000000f0c50000, 0x00000000f0c50000, 0x00000000f0cd0000)
 tenured generation   total 10944K, used 6170K [0x00000000f5aa0000, 0x00000000f6550000, 0x0000000100000000)
   the space 10944K,  56% used [0x00000000f5aa0000, 0x00000000f60a6858, 0x00000000f60a6a00, 0x00000000f6550000)
 Metaspace       used 20578K, capacity 21134K, committed 21296K, reserved 1069056K
  class space    used 2517K, capacity 2663K, committed 2688K, reserved 1048576K
}
Event: 2.714 GC heap before
{Heap before GC invocations=31 (full 0):
 def new generation   total 4928K, used 1212K [0x00000000f0800000, 0x00000000f0d50000, 0x00000000f5aa0000)
  eden space 4416K,  15% used [0x00000000f0800000, 0x00000000f08af400, 0x00000000f0c50000)
  from space 512K,  99% used [0x00000000f0cd0000, 0x00000000f0d4fff8, 0x00000000f0d50000)
  to   space 512K,   0% used [0x00000000f0c50000, 0x00000000f0c50000, 0x00000000f0cd0000)
 tenured generation   total 10944K, used 6170K [0x00000000f5aa0000, 0x00000000f6550000, 0x0000000100000000)
   the space 10944K,  56% used [0x00000000f5aa0000, 0x00000000f60a6858, 0x00000000f60a6a00, 0x00000000f6550000)
 Metaspace       used 20651K, capacity 21134K, committed 21296K, reserved 1069056K
  class space    used 2525K, capacity 2663K, committed 2688K, reserved 1048576K
Event: 2.734 GC heap after
Heap after GC invocations=32 (full 1):
 def new generation   total 4992K, used 0K [0x00000000f0800000, 0x00000000f0d60000, 0x00000000f5aa0000)
  eden space 4480K,   0% used [0x00000000f0800000, 0x00000000f0800000, 0x00000000f0c60000)
  from space 512K,   0% used [0x00000000f0c60000, 0x00000000f0c60000, 0x00000000f0ce0000)
  to   space 512K,   0% used [0x00000000f0ce0000, 0x00000000f0ce0000, 0x00000000f0d60000)
 tenured generation   total 10944K, used 6018K [0x00000000f5aa0000, 0x00000000f6550000, 0x0000000100000000)
   the space 10944K,  54% used [0x00000000f5aa0000, 0x00000000f6080880, 0x00000000f6080a00, 0x00000000f6550000)
 Metaspace       used 20651K, capacity 21134K, committed 21296K, reserved 1069056K
  class space    used 2525K, capacity 2663K, committed 2688K, reserved 1048576K
}
Event: 2.811 GC heap before
{Heap before GC invocations=32 (full 1):
 def new generation   total 4992K, used 4480K [0x00000000f0800000, 0x00000000f0d60000, 0x00000000f5aa0000)
  eden space 4480K, 100% used [0x00000000f0800000, 0x00000000f0c60000, 0x00000000f0c60000)
  from space 512K,   0% used [0x00000000f0c60000, 0x00000000f0c60000, 0x00000000f0ce0000)
  to   space 512K,   0% used [0x00000000f0ce0000, 0x00000000f0ce0000, 0x00000000f0d60000)
 tenured generation   total 10944K, used 6018K [0x00000000f5aa0000, 0x00000000f6550000, 0x0000000100000000)
   the space 10944K,  54% used [0x00000000f5aa0000, 0x00000000f6080880, 0x00000000f6080a00, 0x00000000f6550000)
 Metaspace       used 21343K, capacity 21864K, committed 22192K, reserved 1069056K
  class space    used 2588K, capacity 2732K, committed 2816K, reserved 1048576K
Event: 2.812 GC heap after
Heap after GC invocations=33 (full 1):
 def new generation   total 4992K, used 511K [0x00000000f0800000, 0x00000000f0d60000, 0x00000000f5aa0000)
  eden space 4480K,   0% used [0x00000000f0800000, 0x00000000f0800000, 0x00000000f0c60000)
  from space 512K,  99% used [0x00000000f0ce0000, 0x00000000f0d5fff8, 0x00000000f0d60000)
  to   space 512K,   0% used [0x00000000f0c60000, 0x00000000f0c60000, 0x00000000f0ce0000)
 tenured generation   total 10944K, used 6273K [0x00000000f5aa0000, 0x00000000f6550000, 0x0000000100000000)
   the space 10944K,  57% used [0x00000000f5aa0000, 0x00000000f60c0598, 0x00000000f60c0600, 0x00000000f6550000)
 Metaspace       used 21343K, capacity 21864K, committed 22192K, reserved 1069056K
  class space    used 2588K, capacity 2732K, committed 2816K, reserved 1048576K
}
Event: 2.867 GC heap before
{Heap before GC invocations=33 (full 1):
 def new generation   total 4992K, used 4991K [0x00000000f0800000, 0x00000000f0d60000, 0x00000000f5aa0000)
  eden space 4480K, 100% used [0x00000000f0800000, 0x00000000f0c60000, 0x00000000f0c60000)
  from space 512K,  99% used [0x00000000f0ce0000, 0x00000000f0d5fff8, 0x00000000f0d60000)
  to   space 512K,   0% used [0x00000000f0c60000, 0x00000000f0c60000, 0x00000000f0ce0000)
 tenured generation   total 10944K, used 6273K [0x00000000f5aa0000, 0x00000000f6550000, 0x0000000100000000)
   the space 10944K,  57% used [0x00000000f5aa0000, 0x00000000f60c0598, 0x00000000f60c0600, 0x00000000f6550000)
 Metaspace       used 21852K, capacity 22376K, committed 22704K, reserved 1069056K
  class space    used 2647K, capacity 2796K, committed 2816K, reserved 1048576K
Event: 2.869 GC heap after
Heap after GC invocations=34 (full 1):
 def new generation   total 4992K, used 476K [0x00000000f0800000, 0x00000000f0d60000, 0x00000000f5aa0000)
  eden space 4480K,   0% used [0x00000000f0800000, 0x00000000f0800000, 0x00000000f0c60000)
  from space 512K,  93% used [0x00000000f0c60000, 0x00000000f0cd73a8, 0x00000000f0ce0000)
  to   space 512K,   0% used [0x00000000f0ce0000, 0x00000000f0ce0000, 0x00000000f0d60000)
 tenured generation   total 10944K, used 6417K [0x00000000f5aa0000, 0x00000000f6550000, 0x0000000100000000)
   the space 10944K,  58% used [0x00000000f5aa0000, 0x00000000f60e46f8, 0x00000000f60e4800, 0x00000000f6550000)
 Metaspace       used 21852K, capacity 22376K, committed 22704K, reserved 1069056K
  class space    used 2647K, capacity 2796K, committed 2816K, reserved 1048576K
}
Event: 2.922 GC heap before
{Heap before GC invocations=34 (full 1):
 def new generation   total 4992K, used 4956K [0x00000000f0800000, 0x00000000f0d60000, 0x00000000f5aa0000)
  eden space 4480K, 100% used [0x00000000f0800000, 0x00000000f0c60000, 0x00000000f0c60000)
  from space 512K,  93% used [0x00000000f0c60000, 0x00000000f0cd73a8, 0x00000000f0ce0000)
  to   space 512K,   0% used [0x00000000f0ce0000, 0x00000000f0ce0000, 0x00000000f0d60000)
 tenured generation   total 10944K, used 6417K [0x00000000f5aa0000, 0x00000000f6550000, 0x0000000100000000)
   the space 10944K,  58% used [0x00000000f5aa0000, 0x00000000f60e46f8, 0x00000000f60e4800, 0x00000000f6550000)
 Metaspace       used 22314K, capacity 22856K, committed 23088K, reserved 1069056K
  class space    used 2722K, capacity 2892K, committed 2944K, reserved 1048576K
Event: 2.924 GC heap after
Heap after GC invocations=35 (full 1):
 def new generation   total 4992K, used 492K [0x00000000f0800000, 0x00000000f0d60000, 0x00000000f5aa0000)
  eden space 4480K,   0% used [0x00000000f0800000, 0x00000000f0800000, 0x00000000f0c60000)
  from space 512K,  96% used [0x00000000f0ce0000, 0x00000000f0d5b188, 0x00000000f0d60000)
  to   space 512K,   0% used [0x00000000f0c60000, 0x00000000f0c60000, 0x00000000f0ce0000)
 tenured generation   total 10944K, used 6473K [0x00000000f5aa0000, 0x00000000f6550000, 0x0000000100000000)
   the space 10944K,  59% used [0x00000000f5aa0000, 0x00000000f60f2780, 0x00000000f60f2800, 0x00000000f6550000)
 Metaspace       used 22314K, capacity 22856K, committed 23088K, reserved 1069056K
  class space    used 2722K, capacity 2892K, committed 2944K, reserved 1048576K
}
Event: 2.977 GC heap before
{Heap before GC invocations=35 (full 1):
 def new generation   total 4992K, used 4972K [0x00000000f0800000, 0x00000000f0d60000, 0x00000000f5aa0000)
  eden space 4480K, 100% used [0x00000000f0800000, 0x00000000f0c60000, 0x00000000f0c60000)
  from space 512K,  96% used [0x00000000f0ce0000, 0x00000000f0d5b188, 0x00000000f0d60000)
  to   space 512K,   0% used [0x00000000f0c60000, 0x00000000f0c60000, 0x00000000f0ce0000)
 tenured generation   total 10944K, used 6473K [0x00000000f5aa0000, 0x00000000f6550000, 0x0000000100000000)
   the space 10944K,  59% used [0x00000000f5aa0000, 0x00000000f60f2780, 0x00000000f60f2800, 0x00000000f6550000)
 Metaspace       used 22776K, capacity 23272K, committed 23424K, reserved 1069056K
  class space    used 2779K, capacity 2924K, committed 2944K, reserved 1048576K
Event: 2.979 GC heap after
Heap after GC invocations=36 (full 1):
 def new generation   total 4992K, used 511K [0x00000000f0800000, 0x00000000f0d60000, 0x00000000f5aa0000)
  eden space 4480K,   0% used [0x00000000f0800000, 0x00000000f0800000, 0x00000000f0c60000)
  from space 512K,  99% used [0x00000000f0c60000, 0x00000000f0cdfff8, 0x00000000f0ce0000)
  to   space 512K,   0% used [0x00000000f0ce0000, 0x00000000f0ce0000, 0x00000000f0d60000)
 tenured generation   total 10944K, used 6625K [0x00000000f5aa0000, 0x00000000f6550000, 0x0000000100000000)
   the space 10944K,  60% used [0x00000000f5aa0000, 0x00000000f6118620, 0x00000000f6118800, 0x00000000f6550000)
 Metaspace       used 22776K, capacity 23272K, committed 23424K, reserved 1069056K
  class space    used 2779K, capacity 2924K, committed 2944K, reserved 1048576K
}
Event: 3.037 GC heap before
{Heap before GC invocations=36 (full 1):
 def new generation   total 4992K, used 4972K [0x00000000f0800000, 0x00000000f0d60000, 0x00000000f5aa0000)
  eden space 4480K,  99% used [0x00000000f0800000, 0x00000000f0c5b238, 0x00000000f0c60000)
  from space 512K,  99% used [0x00000000f0c60000, 0x00000000f0cdfff8, 0x00000000f0ce0000)
  to   space 512K,   0% used [0x00000000f0ce0000, 0x00000000f0ce0000, 0x00000000f0d60000)
 tenured generation   total 10944K, used 6625K [0x00000000f5aa0000, 0x00000000f6550000, 0x0000000100000000)
   the space 10944K,  60% used [0x00000000f5aa0000, 0x00000000f6118620, 0x00000000f6118800, 0x00000000f6550000)
 Metaspace       used 23236K, capacity 23734K, committed 24064K, reserved 1071104K
  class space    used 2836K, capacity 2993K, committed 3072K, reserved 1048576K
Event: 3.039 GC heap after
Heap after GC invocations=37 (full 1):
 def new generation   total 4992K, used 511K [0x00000000f0800000, 0x00000000f0d60000, 0x00000000f5aa0000)
  eden space 4480K,   0% used [0x00000000f0800000, 0x00000000f0800000, 0x00000000f0c60000)
  from space 512K,  99% used [0x00000000f0ce0000, 0x00000000f0d5ff50, 0x00000000f0d60000)
  to   space 512K,   0% used [0x00000000f0c60000, 0x00000000f0c60000, 0x00000000f0ce0000)
 tenured generation   total 10944K, used 6774K [0x00000000f5aa0000, 0x00000000f6550000, 0x0000000100000000)
   the space 10944K,  61% used [0x00000000f5aa0000, 0x00000000f613da08, 0x00000000f613dc00, 0x00000000f6550000)
 Metaspace       used 23236K, capacity 23734K, committed 24064K, reserved 1071104K
  class space    used 2836K, capacity 2993K, committed 3072K, reserved 1048576K
}
Event: 3.104 GC heap before
{Heap before GC invocations=37 (full 1):
 def new generation   total 4992K, used 4991K [0x00000000f0800000, 0x00000000f0d60000, 0x00000000f5aa0000)
  eden space 4480K, 100% used [0x00000000f0800000, 0x00000000f0c60000, 0x00000000f0c60000)
  from space 512K,  99% used [0x00000000f0ce0000, 0x00000000f0d5ff50, 0x00000000f0d60000)
  to   space 512K,   0% used [0x00000000f0c60000, 0x00000000f0c60000, 0x00000000f0ce0000)
 tenured generation   total 10944K, used 6774K [0x00000000f5aa0000, 0x00000000f6550000, 0x0000000100000000)
   the space 10944K,  61% used [0x00000000f5aa0000, 0x00000000f613da08, 0x00000000f613dc00, 0x00000000f6550000)
 Metaspace       used 23669K, capacity 24186K, committed 24576K, reserved 1071104K
  class space    used 2903K, capacity 3059K, committed 3072K, reserved 1048576K
Event: 3.106 GC heap after
Heap after GC invocations=38 (full 1):
 def new generation   total 4992K, used 510K [0x00000000f0800000, 0x00000000f0d60000, 0x00000000f5aa0000)
  eden space 4480K,   0% used [0x00000000f0800000, 0x00000000f0800000, 0x00000000f0c60000)
  from space 512K,  99% used [0x00000000f0c60000, 0x00000000f0cdfb60, 0x00000000f0ce0000)
  to   space 512K,   0% used [0x00000000f0ce0000, 0x00000000f0ce0000, 0x00000000f0d60000)
 tenured generation   total 10944K, used 6859K [0x00000000f5aa0000, 0x00000000f6550000, 0x0000000100000000)
   the space 10944K,  62% used [0x00000000f5aa0000, 0x00000000f6152f08, 0x00000000f6153000, 0x00000000f6550000)
 Metaspace       used 23669K, capacity 24186K, committed 24576K, reserved 1071104K
  class space    used 2903K, capacity 3059K, committed 3072K, reserved 1048576K
}
Event: 3.167 GC heap before
{Heap before GC invocations=38 (full 1):
 def new generation   total 4992K, used 4990K [0x00000000f0800000, 0x00000000f0d60000, 0x00000000f5aa0000)
  eden space 4480K, 100% used [0x00000000f0800000, 0x00000000f0c60000, 0x00000000f0c60000)
  from space 512K,  99% used [0x00000000f0c60000, 0x00000000f0cdfb60, 0x00000000f0ce0000)
  to   space 512K,   0% used [0x00000000f0ce0000, 0x00000000f0ce0000, 0x00000000f0d60000)
 tenured generation   total 10944K, used 6859K [0x00000000f5aa0000, 0x00000000f6550000, 0x0000000100000000)
   the space 10944K,  62% used [0x00000000f5aa0000, 0x00000000f6152f08, 0x00000000f6153000, 0x00000000f6550000)
 Metaspace       used 24041K, capacity 24602K, committed 24960K, reserved 1071104K
  class space    used 2970K, capacity 3137K, committed 3200K, reserved 1048576K
Event: 3.169 GC heap after
Heap after GC invocations=39 (full 1):
 def new generation   total 4992K, used 504K [0x00000000f0800000, 0x00000000f0d60000, 0x00000000f5aa0000)
  eden space 4480K,   0% used [0x00000000f0800000, 0x00000000f0800000, 0x00000000f0c60000)
  from space 512K,  98% used [0x00000000f0ce0000, 0x00000000f0d5e068, 0x00000000f0d60000)
  to   space 512K,   0% used [0x00000000f0c60000, 0x00000000f0c60000, 0x00000000f0ce0000)
 tenured generation   total 10944K, used 6961K [0x00000000f5aa0000, 0x00000000f6550000, 0x0000000100000000)
   the space 10944K,  63% used [0x00000000f5aa0000, 0x00000000f616c5e8, 0x00000000f616c600, 0x00000000f6550000)
 Metaspace       used 24041K, capacity 24602K, committed 24960K, reserved 1071104K
  class space    used 2970K, capacity 3137K, committed 3200K, reserved 1048576K
}
Event: 3.259 GC heap before
{Heap before GC invocations=39 (full 1):
 def new generation   total 4992K, used 4984K [0x00000000f0800000, 0x00000000f0d60000, 0x00000000f5aa0000)
  eden space 4480K, 100% used [0x00000000f0800000, 0x00000000f0c60000, 0x00000000f0c60000)
  from space 512K,  98% used [0x00000000f0ce0000, 0x00000000f0d5e068, 0x00000000f0d60000)
  to   space 512K,   0% used [0x00000000f0c60000, 0x00000000f0c60000, 0x00000000f0ce0000)
 tenured generation   total 10944K, used 6961K [0x00000000f5aa0000, 0x00000000f6550000, 0x0000000100000000)
   the space 10944K,  63% used [0x00000000f5aa0000, 0x00000000f616c5e8, 0x00000000f616c600, 0x00000000f6550000)
 Metaspace       used 24577K, capacity 25164K, committed 25472K, reserved 1071104K
  class space    used 3045K, capacity 3192K, committed 3200K, reserved 1048576K
Event: 3.262 GC heap after
Heap after GC invocations=40 (full 1):
 def new generation   total 4992K, used 511K [0x00000000f0800000, 0x00000000f0d60000, 0x00000000f5aa0000)
  eden space 4480K,   0% used [0x00000000f0800000, 0x00000000f0800000, 0x00000000f0c60000)
  from space 512K,  99% used [0x00000000f0c60000, 0x00000000f0cdfee8, 0x00000000f0ce0000)
  to   space 512K,   0% used [0x00000000f0ce0000, 0x00000000f0ce0000, 0x00000000f0d60000)
 tenured generation   total 10944K, used 7138K [0x00000000f5aa0000, 0x00000000f6550000, 0x0000000100000000)
   the space 10944K,  65% used [0x00000000f5aa0000, 0x00000000f61989c8, 0x00000000f6198a00, 0x00000000f6550000)
 Metaspace       used 24577K, capacity 25164K, committed 25472K, reserved 1071104K
  class space    used 3045K, capacity 3192K, committed 3200K, reserved 1048576K
}
Event: 3.347 GC heap before
{Heap before GC invocations=40 (full 1):
 def new generation   total 4992K, used 4991K [0x00000000f0800000, 0x00000000f0d60000, 0x00000000f5aa0000)
  eden space 4480K, 100% used [0x00000000f0800000, 0x00000000f0c60000, 0x00000000f0c60000)
  from space 512K,  99% used [0x00000000f0c60000, 0x00000000f0cdfee8, 0x00000000f0ce0000)
  to   space 512K,   0% used [0x00000000f0ce0000, 0x00000000f0ce0000, 0x00000000f0d60000)
 tenured generation   total 10944K, used 7138K [0x00000000f5aa0000, 0x00000000f6550000, 0x0000000100000000)
   the space 10944K,  65% used [0x00000000f5aa0000, 0x00000000f61989c8, 0x00000000f6198a00, 0x00000000f6550000)
 Metaspace       used 25068K, capacity 25682K, committed 25856K, reserved 1071104K
  class space    used 3106K, capacity 3271K, committed 3328K, reserved 1048576K
Event: 3.350 GC heap after
Heap after GC invocations=41 (full 1):
 def new generation   total 4992K, used 481K [0x00000000f0800000, 0x00000000f0d60000, 0x00000000f5aa0000)
  eden space 4480K,   0% used [0x00000000f0800000, 0x00000000f0800000, 0x00000000f0c60000)
  from space 512K,  94% used [0x00000000f0ce0000, 0x00000000f0d586d0, 0x00000000f0d60000)
  to   space 512K,   0% used [0x00000000f0c60000, 0x00000000f0c60000, 0x00000000f0ce0000)
 tenured generation   total 10944K, used 7259K [0x00000000f5aa0000, 0x00000000f6550000, 0x0000000100000000)
   the space 10944K,  66% used [0x00000000f5aa0000, 0x00000000f61b6f08, 0x00000000f61b7000, 0x00000000f6550000)
 Metaspace       used 25068K, capacity 25682K, committed 25856K, reserved 1071104K
  class space    used 3106K, capacity 3271K, committed 3328K, reserved 1048576K
}
Event: 3.478 GC heap before
{Heap before GC invocations=41 (full 1):
 def new generation   total 4992K, used 4961K [0x00000000f0800000, 0x00000000f0d60000, 0x00000000f5aa0000)
  eden space 4480K, 100% used [0x00000000f0800000, 0x00000000f0c60000, 0x00000000f0c60000)
  from space 512K,  94% used [0x00000000f0ce0000, 0x00000000f0d586d0, 0x00000000f0d60000)
  to   space 512K,   0% used [0x00000000f0c60000, 0x00000000f0c60000, 0x00000000f0ce0000)
 tenured generation   total 10944K, used 7259K [0x00000000f5aa0000, 0x00000000f6550000, 0x0000000100000000)
   the space 10944K,  66% used [0x00000000f5aa0000, 0x00000000f61b6f08, 0x00000000f61b7000, 0x00000000f6550000)
 Metaspace       used 25486K, capacity 26120K, committed 26368K, reserved 1073152K
  class space    used 3141K, capacity 3308K, committed 3328K, reserved 1048576K
Event: 3.481 GC heap after
Heap after GC invocations=42 (full 1):
 def new generation   total 4992K, used 511K [0x00000000f0800000, 0x00000000f0d60000, 0x00000000f5aa0000)
  eden space 4480K,   0% used [0x00000000f0800000, 0x00000000f0800000, 0x00000000f0c60000)
  from space 512K,  99% used [0x00000000f0c60000, 0x00000000f0cdff60, 0x00000000f0ce0000)
  to   space 512K,   0% used [0x00000000f0ce0000, 0x00000000f0ce0000, 0x00000000f0d60000)
 tenured generation   total 10944K, used 7566K [0x00000000f5aa0000, 0x00000000f6550000, 0x0000000100000000)
   the space 10944K,  69% used [0x00000000f5aa0000, 0x00000000f6203908, 0x00000000f6203a00, 0x00000000f6550000)
 Metaspace       used 25486K, capacity 26120K, committed 26368K, reserved 1073152K
  class space    used 3141K, capacity 3308K, committed 3328K, reserved 1048576K
}
Event: 3.606 GC heap before
{Heap before GC invocations=42 (full 1):
 def new generation   total 4992K, used 4991K [0x00000000f0800000, 0x00000000f0d60000, 0x00000000f5aa0000)
  eden space 4480K, 100% used [0x00000000f0800000, 0x00000000f0c60000, 0x00000000f0c60000)
  from space 512K,  99% used [0x00000000f0c60000, 0x00000000f0cdff60, 0x00000000f0ce0000)
  to   space 512K,   0% used [0x00000000f0ce0000, 0x00000000f0ce0000, 0x00000000f0d60000)
 tenured generation   total 10944K, used 7566K [0x00000000f5aa0000, 0x00000000f6550000, 0x0000000100000000)
   the space 10944K,  69% used [0x00000000f5aa0000, 0x00000000f6203908, 0x00000000f6203a00, 0x00000000f6550000)
 Metaspace       used 25940K, capacity 26626K, committed 26752K, reserved 1073152K
  class space    used 3191K, capacity 3383K, committed 3456K, reserved 1048576K
Event: 3.609 GC heap after
Heap after GC invocations=43 (full 1):
 def new generation   total 4992K, used 511K [0x00000000f0800000, 0x00000000f0d60000, 0x00000000f5aa0000)
  eden space 4480K,   0% used [0x00000000f0800000, 0x00000000f0800000, 0x00000000f0c60000)
  from space 512K,  99% used [0x00000000f0ce0000, 0x00000000f0d5ff40, 0x00000000f0d60000)
  to   space 512K,   0% used [0x00000000f0c60000, 0x00000000f0c60000, 0x00000000f0ce0000)
 tenured generation   total 10944K, used 7833K [0x00000000f5aa0000, 0x00000000f6550000, 0x0000000100000000)
   the space 10944K,  71% used [0x00000000f5aa0000, 0x00000000f6246638, 0x00000000f6246800, 0x00000000f6550000)
 Metaspace       used 25940K, capacity 26626K, committed 26752K, reserved 1073152K
  class space    used 3191K, capacity 3383K, committed 3456K, reserved 1048576K
}
Event: 3.766 GC heap before
{Heap before GC invocations=43 (full 1):
 def new generation   total 4992K, used 4991K [0x00000000f0800000, 0x00000000f0d60000, 0x00000000f5aa0000)
  eden space 4480K, 100% used [0x00000000f0800000, 0x00000000f0c60000, 0x00000000f0c60000)
  from space 512K,  99% used [0x00000000f0ce0000, 0x00000000f0d5ff40, 0x00000000f0d60000)
  to   space 512K,   0% used [0x00000000f0c60000, 0x00000000f0c60000, 0x00000000f0ce0000)
 tenured generation   total 10944K, used 7833K [0x00000000f5aa0000, 0x00000000f6550000, 0x0000000100000000)
   the space 10944K,  71% used [0x00000000f5aa0000, 0x00000000f6246638, 0x00000000f6246800, 0x00000000f6550000)
 Metaspace       used 26852K, capacity 27496K, committed 27648K, reserved 1073152K
  class space    used 3310K, capacity 3480K, committed 3584K, reserved 1048576K
Event: 3.770 GC heap after
Heap after GC invocations=44 (full 1):
 def new generation   total 4992K, used 512K [0x00000000f0800000, 0x00000000f0d60000, 0x00000000f5aa0000)
  eden space 4480K,   0% used [0x00000000f0800000, 0x00000000f0800000, 0x00000000f0c60000)
  from space 512K, 100% used [0x00000000f0c60000, 0x00000000f0ce0000, 0x00000000f0ce0000)
  to   space 512K,   0% used [0x00000000f0ce0000, 0x00000000f0ce0000, 0x00000000f0d60000)
 tenured generation   total 10944K, used 8249K [0x00000000f5aa0000, 0x00000000f6550000, 0x0000000100000000)
   the space 10944K,  75% used [0x00000000f5aa0000, 0x00000000f62ae610, 0x00000000f62ae800, 0x00000000f6550000)
 Metaspace       used 26852K, capacity 27496K, committed 27648K, reserved 1073152K
  class space    used 3310K, capacity 3480K, committed 3584K, reserved 1048576K
}
Event: 3.863 GC heap before
{Heap before GC invocations=44 (full 1):
 def new generation   total 4992K, used 4991K [0x00000000f0800000, 0x00000000f0d60000, 0x00000000f5aa0000)
  eden space 4480K,  99% used [0x00000000f0800000, 0x00000000f0c5ff50, 0x00000000f0c60000)
  from space 512K, 100% used [0x00000000f0c60000, 0x00000000f0ce0000, 0x00000000f0ce0000)
  to   space 512K,   0% used [0x00000000f0ce0000, 0x00000000f0ce0000, 0x00000000f0d60000)
 tenured generation   total 10944K, used 8249K [0x00000000f5aa0000, 0x00000000f6550000, 0x0000000100000000)
   the space 10944K,  75% used [0x00000000f5aa0000, 0x00000000f62ae610, 0x00000000f62ae800, 0x00000000f6550000)
 Metaspace       used 27088K, capacity 27730K, committed 27904K, reserved 1073152K
  class space    used 3342K, capacity 3513K, committed 3584K, reserved 1048576K
Event: 3.866 GC heap after
Heap after GC invocations=45 (full 1):
 def new generation   total 4992K, used 379K [0x00000000f0800000, 0x00000000f0d60000, 0x00000000f5aa0000)
  eden space 4480K,   0% used [0x00000000f0800000, 0x00000000f0800000, 0x00000000f0c60000)
  from space 512K,  74% used [0x00000000f0ce0000, 0x00000000f0d3ef20, 0x00000000f0d60000)
  to   space 512K,   0% used [0x00000000f0c60000, 0x00000000f0c60000, 0x00000000f0ce0000)
 tenured generation   total 10944K, used 8708K [0x00000000f5aa0000, 0x00000000f6550000, 0x0000000100000000)
   the space 10944K,  79% used [0x00000000f5aa0000, 0x00000000f63213e8, 0x00000000f6321400, 0x00000000f6550000)
 Metaspace       used 27088K, capacity 27730K, committed 27904K, reserved 1073152K
  class space    used 3342K, capacity 3513K, committed 3584K, reserved 1048576K
}
Event: 3.946 GC heap before
{Heap before GC invocations=45 (full 1):
 def new generation   total 4992K, used 4859K [0x00000000f0800000, 0x00000000f0d60000, 0x00000000f5aa0000)
  eden space 4480K, 100% used [0x00000000f0800000, 0x00000000f0c60000, 0x00000000f0c60000)
  from space 512K,  74% used [0x00000000f0ce0000, 0x00000000f0d3ef20, 0x00000000f0d60000)
  to   space 512K,   0% used [0x00000000f0c60000, 0x00000000f0c60000, 0x00000000f0ce0000)
 tenured generation   total 10944K, used 8708K [0x00000000f5aa0000, 0x00000000f6550000, 0x0000000100000000)
   the space 10944K,  79% used [0x00000000f5aa0000, 0x00000000f63213e8, 0x00000000f6321400, 0x00000000f6550000)
 Metaspace       used 27142K, capacity 27794K, committed 27904K, reserved 1073152K
  class space    used 3345K, capacity 3513K, committed 3584K, reserved 1048576K
Event: 3.949 GC heap after
Heap after GC invocations=46 (full 1):
 def new generation   total 4992K, used 509K [0x00000000f0800000, 0x00000000f0d60000, 0x00000000f5aa0000)
  eden space 4480K,   0% used [0x00000000f0800000, 0x00000000f0800000, 0x00000000f0c60000)
  from space 512K,  99% used [0x00000000f0c60000, 0x00000000f0cdf760, 0x00000000f0ce0000)
  to   space 512K,   0% used [0x00000000f0ce0000, 0x00000000f0ce0000, 0x00000000f0d60000)
 tenured generation   total 10944K, used 8929K [0x00000000f5aa0000, 0x00000000f6550000, 0x0000000100000000)
   the space 10944K,  81% used [0x00000000f5aa0000, 0x00000000f6358750, 0x00000000f6358800, 0x00000000f6550000)
 Metaspace       used 27142K, capacity 27794K, committed 27904K, reserved 1073152K
  class space    used 3345K, capacity 3513K, committed 3584K, reserved 1048576K
}
Event: 4.021 GC heap before
{Heap before GC invocations=46 (full 1):
 def new generation   total 4992K, used 4989K [0x00000000f0800000, 0x00000000f0d60000, 0x00000000f5aa0000)
  eden space 4480K, 100% used [0x00000000f0800000, 0x00000000f0c60000, 0x00000000f0c60000)
  from space 512K,  99% used [0x00000000f0c60000, 0x00000000f0cdf760, 0x00000000f0ce0000)
  to   space 512K,   0% used [0x00000000f0ce0000, 0x00000000f0ce0000, 0x00000000f0d60000)
 tenured generation   total 10944K, used 8929K [0x00000000f5aa0000, 0x00000000f6550000, 0x0000000100000000)
   the space 10944K,  81% used [0x00000000f5aa0000, 0x00000000f6358750, 0x00000000f6358800, 0x00000000f6550000)
 Metaspace       used 27172K, capacity 27794K, committed 27904K, reserved 1073152K
  class space    used 3346K, capacity 3513K, committed 3584K, reserved 1048576K
Event: 4.024 GC heap after
Heap after GC invocations=47 (full 1):
 def new generation   total 4992K, used 511K [0x00000000f0800000, 0x00000000f0d60000, 0x00000000f5aa0000)
  eden space 4480K,   0% used [0x00000000f0800000, 0x00000000f0800000, 0x00000000f0c60000)
  from space 512K,  99% used [0x00000000f0ce0000, 0x00000000f0d5fff8, 0x00000000f0d60000)
  to   space 512K,   0% used [0x00000000f0c60000, 0x00000000f0c60000, 0x00000000f0ce0000)
 tenured generation   total 10944K, used 9201K [0x00000000f5aa0000, 0x00000000f6550000, 0x0000000100000000)
   the space 10944K,  84% used [0x00000000f5aa0000, 0x00000000f639c7a0, 0x00000000f639c800, 0x00000000f6550000)
 Metaspace       used 27172K, capacity 27794K, committed 27904K, reserved 1073152K
  class space    used 3346K, capacity 3513K, committed 3584K, reserved 1048576K
}
Event: 4.087 GC heap before
{Heap before GC invocations=47 (full 1):
 def new generation   total 4992K, used 4991K [0x00000000f0800000, 0x00000000f0d60000, 0x00000000f5aa0000)
  eden space 4480K, 100% used [0x00000000f0800000, 0x00000000f0c60000, 0x00000000f0c60000)
  from space 512K,  99% used [0x00000000f0ce0000, 0x00000000f0d5fff8, 0x00000000f0d60000)
  to   space 512K,   0% used [0x00000000f0c60000, 0x00000000f0c60000, 0x00000000f0ce0000)
 tenured generation   total 10944K, used 9201K [0x00000000f5aa0000, 0x00000000f6550000, 0x0000000100000000)
   the space 10944K,  84% used [0x00000000f5aa0000, 0x00000000f639c7a0, 0x00000000f639c800, 0x00000000f6550000)
 Metaspace       used 27181K, capacity 27858K, committed 28160K, reserved 1073152K
  class space    used 3346K, capacity 3513K, committed 3584K, reserved 1048576K
Event: 4.089 GC heap after
Heap after GC invocations=48 (full 1):
 def new generation   total 4992K, used 511K [0x00000000f0800000, 0x00000000f0d60000, 0x00000000f5aa0000)
  eden space 4480K,   0% used [0x00000000f0800000, 0x00000000f0800000, 0x00000000f0c60000)
  from space 512K,  99% used [0x00000000f0c60000, 0x00000000f0cdfff8, 0x00000000f0ce0000)
  to   space 512K,   0% used [0x00000000f0ce0000, 0x00000000f0ce0000, 0x00000000f0d60000)
 tenured generation   total 10944K, used 9376K [0x00000000f5aa0000, 0x00000000f6550000, 0x0000000100000000)
   the space 10944K,  85% used [0x00000000f5aa0000, 0x00000000f63c8070, 0x00000000f63c8200, 0x00000000f6550000)
 Metaspace       used 27181K, capacity 27858K, committed 28160K, reserved 1073152K
  class space    used 3346K, capacity 3513K, committed 3584K, reserved 1048576K
}
Event: 4.136 GC heap before
{Heap before GC invocations=48 (full 1):
 def new generation   total 4992K, used 4991K [0x00000000f0800000, 0x00000000f0d60000, 0x00000000f5aa0000)
  eden space 4480K, 100% used [0x00000000f0800000, 0x00000000f0c60000, 0x00000000f0c60000)
  from space 512K,  99% used [0x00000000f0c60000, 0x00000000f0cdfff8, 0x00000000f0ce0000)
  to   space 512K,   0% used [0x00000000f0ce0000, 0x00000000f0ce0000, 0x00000000f0d60000)
 tenured generation   total 10944K, used 9376K [0x00000000f5aa0000, 0x00000000f6550000, 0x0000000100000000)
   the space 10944K,  85% used [0x00000000f5aa0000, 0x00000000f63c8070, 0x00000000f63c8200, 0x00000000f6550000)
 Metaspace       used 27207K, capacity 27858K, committed 28160K, reserved 1073152K
  class space    used 3346K, capacity 3513K, committed 3584K, reserved 1048576K
Event: 4.138 GC heap after
Heap after GC invocations=49 (full 1):
 def new generation   total 4992K, used 281K [0x00000000f0800000, 0x00000000f0d60000, 0x00000000f5aa0000)
  eden space 4480K,   0% used [0x00000000f0800000, 0x00000000f0800000, 0x00000000f0c60000)
  from space 512K,  55% used [0x00000000f0ce0000, 0x00000000f0d266f8, 0x00000000f0d60000)
  to   space 512K,   0% used [0x00000000f0c60000, 0x00000000f0c60000, 0x00000000f0ce0000)
 tenured generation   total 10944K, used 9516K [0x00000000f5aa0000, 0x00000000f6550000, 0x0000000100000000)
   the space 10944K,  86% used [0x00000000f5aa0000, 0x00000000f63eb3c8, 0x00000000f63eb400, 0x00000000f6550000)
 Metaspace       used 27207K, capacity 27858K, committed 28160K, reserved 1073152K
  class space    used 3346K, capacity 3513K, committed 3584K, reserved 1048576K
}
Event: 4.200 GC heap before
{Heap before GC invocations=49 (full 1):
 def new generation   total 4992K, used 4761K [0x00000000f0800000, 0x00000000f0d60000, 0x00000000f5aa0000)
  eden space 4480K, 100% used [0x00000000f0800000, 0x00000000f0c60000, 0x00000000f0c60000)
  from space 512K,  55% used [0x00000000f0ce0000, 0x00000000f0d266f8, 0x00000000f0d60000)
  to   space 512K,   0% used [0x00000000f0c60000, 0x00000000f0c60000, 0x00000000f0ce0000)
 tenured generation   total 10944K, used 9516K [0x00000000f5aa0000, 0x00000000f6550000, 0x0000000100000000)
   the space 10944K,  86% used [0x00000000f5aa0000, 0x00000000f63eb3c8, 0x00000000f63eb400, 0x00000000f6550000)
 Metaspace       used 27251K, capacity 27922K, committed 28160K, reserved 1073152K
  class space    used 3347K, capacity 3513K, committed 3584K, reserved 1048576K
Event: 4.202 GC heap after
Heap after GC invocations=50 (full 1):
 def new generation   total 4992K, used 507K [0x00000000f0800000, 0x00000000f0d60000, 0x00000000f5aa0000)
  eden space 4480K,   0% used [0x00000000f0800000, 0x00000000f0800000, 0x00000000f0c60000)
  from space 512K,  99% used [0x00000000f0c60000, 0x00000000f0cdee20, 0x00000000f0ce0000)
  to   space 512K,   0% used [0x00000000f0ce0000, 0x00000000f0ce0000, 0x00000000f0d60000)
 tenured generation   total 10944K, used 9629K [0x00000000f5aa0000, 0x00000000f6550000, 0x0000000100000000)
   the space 10944K,  87% used [0x00000000f5aa0000, 0x00000000f6407530, 0x00000000f6407600, 0x00000000f6550000)
 Metaspace       used 27251K, capacity 27922K, committed 28160K, reserved 1073152K
  class space    used 3347K, capacity 3513K, committed 3584K, reserved 1048576K
}
Event: 4.261 GC heap before
{Heap before GC invocations=50 (full 1):
 def new generation   total 4992K, used 4987K [0x00000000f0800000, 0x00000000f0d60000, 0x00000000f5aa0000)
  eden space 4480K, 100% used [0x00000000f0800000, 0x00000000f0c60000, 0x00000000f0c60000)
  from space 512K,  99% used [0x00000000f0c60000, 0x00000000f0cdee20, 0x00000000f0ce0000)
  to   space 512K,   0% used [0x00000000f0ce0000, 0x00000000f0ce0000, 0x00000000f0d60000)
 tenured generation   total 10944K, used 9629K [0x00000000f5aa0000, 0x00000000f6550000, 0x0000000100000000)
   the space 10944K,  87% used [0x00000000f5aa0000, 0x00000000f6407530, 0x00000000f6407600, 0x00000000f6550000)
 Metaspace       used 27303K, capacity 27930K, committed 28160K, reserved 1073152K
  class space    used 3349K, capacity 3513K, committed 3584K, reserved 1048576K
Event: 4.263 GC heap after
Heap after GC invocations=51 (full 1):
 def new generation   total 4992K, used 401K [0x00000000f0800000, 0x00000000f0d60000, 0x00000000f5aa0000)
  eden space 4480K,   0% used [0x00000000f0800000, 0x00000000f0800000, 0x00000000f0c60000)
  from space 512K,  78% used [0x00000000f0ce0000, 0x00000000f0d444c0, 0x00000000f0d60000)
  to   space 512K,   0% used [0x00000000f0c60000, 0x00000000f0c60000, 0x00000000f0ce0000)
 tenured generation   total 10944K, used 9784K [0x00000000f5aa0000, 0x00000000f6550000, 0x0000000100000000)
   the space 10944K,  89% used [0x00000000f5aa0000, 0x00000000f642e368, 0x00000000f642e400, 0x00000000f6550000)
 Metaspace       used 27303K, capacity 27930K, committed 28160K, reserved 1073152K
  class space    used 3349K, capacity 3513K, committed 3584K, reserved 1048576K
}
Event: 4.321 GC heap before
{Heap before GC invocations=51 (full 1):
 def new generation   total 4992K, used 4875K [0x00000000f0800000, 0x00000000f0d60000, 0x00000000f5aa0000)
  eden space 4480K,  99% used [0x00000000f0800000, 0x00000000f0c5e920, 0x00000000f0c60000)
  from space 512K,  78% used [0x00000000f0ce0000, 0x00000000f0d444c0, 0x00000000f0d60000)
  to   space 512K,   0% used [0x00000000f0c60000, 0x00000000f0c60000, 0x00000000f0ce0000)
 tenured generation   total 10944K, used 9784K [0x00000000f5aa0000, 0x00000000f6550000, 0x0000000100000000)
   the space 10944K,  89% used [0x00000000f5aa0000, 0x00000000f642e368, 0x00000000f642e400, 0x00000000f6550000)
 Metaspace       used 27346K, capacity 27994K, committed 28160K, reserved 1073152K
  class space    used 3353K, capacity 3513K, committed 3584K, reserved 1048576K
Event: 4.323 GC heap after
Heap after GC invocations=52 (full 1):
 def new generation   total 4992K, used 512K [0x00000000f0800000, 0x00000000f0d60000, 0x00000000f5aa0000)
  eden space 4480K,   0% used [0x00000000f0800000, 0x00000000f0800000, 0x00000000f0c60000)
  from space 512K, 100% used [0x00000000f0c60000, 0x00000000f0ce0000, 0x00000000f0ce0000)
  to   space 512K,   0% used [0x00000000f0ce0000, 0x00000000f0ce0000, 0x00000000f0d60000)
 tenured generation   total 10944K, used 10008K [0x00000000f5aa0000, 0x00000000f6550000, 0x0000000100000000)
   the space 10944K,  91% used [0x00000000f5aa0000, 0x00000000f6466198, 0x00000000f6466200, 0x00000000f6550000)
 Metaspace       used 27346K, capacity 27994K, committed 28160K, reserved 1073152K
  class space    used 3353K, capacity 3513K, committed 3584K, reserved 1048576K
}
Event: 4.370 GC heap before
{Heap before GC invocations=52 (full 1):
 def new generation   total 4992K, used 4992K [0x00000000f0800000, 0x00000000f0d60000, 0x00000000f5aa0000)
  eden space 4480K, 100% used [0x00000000f0800000, 0x00000000f0c60000, 0x00000000f0c60000)
  from space 512K, 100% used [0x00000000f0c60000, 0x00000000f0ce0000, 0x00000000f0ce0000)
  to   space 512K,   0% used [0x00000000f0ce0000, 0x00000000f0ce0000, 0x00000000f0d60000)
 tenured generation   total 10944K, used 10008K [0x00000000f5aa0000, 0x00000000f6550000, 0x0000000100000000)
   the space 10944K,  91% used [0x00000000f5aa0000, 0x00000000f6466198, 0x00000000f6466200, 0x00000000f6550000)
 Metaspace       used 27363K, capacity 28006K, committed 28160K, reserved 1073152K
  class space    used 3355K, capacity 3515K, committed 3584K, reserved 1048576K
Event: 4.372 GC heap after
Heap after GC invocations=53 (full 1):
 def new generation   total 4992K, used 304K [0x00000000f0800000, 0x00000000f0d60000, 0x00000000f5aa0000)
  eden space 4480K,   0% used [0x00000000f0800000, 0x00000000f0800000, 0x00000000f0c60000)
  from space 512K,  59% used [0x00000000f0ce0000, 0x00000000f0d2c0b8, 0x00000000f0d60000)
  to   space 512K,   0% used [0x00000000f0c60000, 0x00000000f0c60000, 0x00000000f0ce0000)
 tenured generation   total 10944K, used 10242K [0x00000000f5aa0000, 0x00000000f6550000, 0x0000000100000000)
   the space 10944K,  93% used [0x00000000f5aa0000, 0x00000000f64a0b50, 0x00000000f64a0c00, 0x00000000f6550000)
 Metaspace       used 27363K, capacity 28006K, committed 28160K, reserved 1073152K
  class space    used 3355K, capacity 3515K, committed 3584K, reserved 1048576K
}
Event: 4.464 GC heap before
{Heap before GC invocations=53 (full 1):
 def new generation   total 4992K, used 4784K [0x00000000f0800000, 0x00000000f0d60000, 0x00000000f5aa0000)
  eden space 4480K, 100% used [0x00000000f0800000, 0x00000000f0c60000, 0x00000000f0c60000)
  from space 512K,  59% used [0x00000000f0ce0000, 0x00000000f0d2c0b8, 0x00000000f0d60000)
  to   space 512K,   0% used [0x00000000f0c60000, 0x00000000f0c60000, 0x00000000f0ce0000)
 tenured generation   total 10944K, used 10242K [0x00000000f5aa0000, 0x00000000f6550000, 0x0000000100000000)
   the space 10944K,  93% used [0x00000000f5aa0000, 0x00000000f64a0b50, 0x00000000f64a0c00, 0x00000000f6550000)
 Metaspace       used 27604K, capacity 28256K, committed 28416K, reserved 1075200K
  class space    used 3385K, capacity 3552K, committed 3584K, reserved 1048576K
Event: 4.467 GC heap after
Heap after GC invocations=54 (full 1):
 def new generation   total 4992K, used 512K [0x00000000f0800000, 0x00000000f0d60000, 0x00000000f5aa0000)
  eden space 4480K,   0% used [0x00000000f0800000, 0x00000000f0800000, 0x00000000f0c60000)
  from space 512K, 100% used [0x00000000f0c60000, 0x00000000f0ce0000, 0x00000000f0ce0000)
  to   space 512K,   0% used [0x00000000f0ce0000, 0x00000000f0ce0000, 0x00000000f0d60000)
 tenured generation   total 10944K, used 10501K [0x00000000f5aa0000, 0x00000000f6550000, 0x0000000100000000)
   the space 10944K,  95% used [0x00000000f5aa0000, 0x00000000f64e1478, 0x00000000f64e1600, 0x00000000f6550000)
 Metaspace       used 27604K, capacity 28256K, committed 28416K, reserved 1075200K
  class space    used 3385K, capacity 3552K, committed 3584K, reserved 1048576K
}
Event: 4.521 GC heap before
{Heap before GC invocations=54 (full 1):
 def new generation   total 4992K, used 4992K [0x00000000f0800000, 0x00000000f0d60000, 0x00000000f5aa0000)
  eden space 4480K, 100% used [0x00000000f0800000, 0x00000000f0c60000, 0x00000000f0c60000)
  from space 512K, 100% used [0x00000000f0c60000, 0x00000000f0ce0000, 0x00000000f0ce0000)
  to   space 512K,   0% used [0x00000000f0ce0000, 0x00000000f0ce0000, 0x00000000f0d60000)
 tenured generation   total 10944K, used 10501K [0x00000000f5aa0000, 0x00000000f6550000, 0x0000000100000000)
   the space 10944K,  95% used [0x00000000f5aa0000, 0x00000000f64e1478, 0x00000000f64e1600, 0x00000000f6550000)
 Metaspace       used 27862K, capacity 28576K, committed 28800K, reserved 1075200K
  class space    used 3414K, capacity 3616K, committed 3712K, reserved 1048576K
Event: 4.523 GC heap after
Heap after GC invocations=55 (full 1):
 def new generation   total 4992K, used 426K [0x00000000f0800000, 0x00000000f0d60000, 0x00000000f5aa0000)
  eden space 4480K,   0% used [0x00000000f0800000, 0x00000000f0800000, 0x00000000f0c60000)
  from space 512K,  83% used [0x00000000f0ce0000, 0x00000000f0d4a820, 0x00000000f0d60000)
  to   space 512K,   0% used [0x00000000f0c60000, 0x00000000f0c60000, 0x00000000f0ce0000)
 tenured generation   total 10944K, used 10840K [0x00000000f5aa0000, 0x00000000f6550000, 0x0000000100000000)
   the space 10944K,  99% used [0x00000000f5aa0000, 0x00000000f6536230, 0x00000000f6536400, 0x00000000f6550000)
 Metaspace       used 27862K, capacity 28576K, committed 28800K, reserved 1075200K
  class space    used 3414K, capacity 3616K, committed 3712K, reserved 1048576K
}
Event: 4.621 GC heap before
{Heap before GC invocations=55 (full 1):
 def new generation   total 4992K, used 4906K [0x00000000f0800000, 0x00000000f0d60000, 0x00000000f5aa0000)
  eden space 4480K, 100% used [0x00000000f0800000, 0x00000000f0c60000, 0x00000000f0c60000)
  from space 512K,  83% used [0x00000000f0ce0000, 0x00000000f0d4a820, 0x00000000f0d60000)
  to   space 512K,   0% used [0x00000000f0c60000, 0x00000000f0c60000, 0x00000000f0ce0000)
 tenured generation   total 10944K, used 10840K [0x00000000f5aa0000, 0x00000000f6550000, 0x0000000100000000)
   the space 10944K,  99% used [0x00000000f5aa0000, 0x00000000f6536230, 0x00000000f6536400, 0x00000000f6550000)
 Metaspace       used 28024K, capacity 28782K, committed 29056K, reserved 1075200K
  class space    used 3443K, capacity 3661K, committed 3712K, reserved 1048576K
Event: 4.623 GC heap after
Heap after GC invocations=56 (full 1):
 def new generation   total 4992K, used 355K [0x00000000f0800000, 0x00000000f0d60000, 0x00000000f5aa0000)
  eden space 4480K,   0% used [0x00000000f0800000, 0x00000000f0800000, 0x00000000f0c60000)
  from space 512K,  69% used [0x00000000f0c60000, 0x00000000f0cb8cf8, 0x00000000f0ce0000)
  to   space 512K,   0% used [0x00000000f0ce0000, 0x00000000f0ce0000, 0x00000000f0d60000)
 tenured generation   total 10944K, used 10915K [0x00000000f5aa0000, 0x00000000f6550000, 0x0000000100000000)
   the space 10944K,  99% used [0x00000000f5aa0000, 0x00000000f6548f80, 0x00000000f6549000, 0x00000000f6550000)
 Metaspace       used 28024K, capacity 28782K, committed 29056K, reserved 1075200K
  class space    used 3443K, capacity 3661K, committed 3712K, reserved 1048576K
}
Event: 4.674 GC heap before
{Heap before GC invocations=56 (full 1):
 def new generation   total 4992K, used 4835K [0x00000000f0800000, 0x00000000f0d60000, 0x00000000f5aa0000)
  eden space 4480K, 100% used [0x00000000f0800000, 0x00000000f0c60000, 0x00000000f0c60000)
  from space 512K,  69% used [0x00000000f0c60000, 0x00000000f0cb8cf8, 0x00000000f0ce0000)
  to   space 512K,   0% used [0x00000000f0ce0000, 0x00000000f0ce0000, 0x00000000f0d60000)
 tenured generation   total 10944K, used 10915K [0x00000000f5aa0000, 0x00000000f6550000, 0x0000000100000000)
   the space 10944K,  99% used [0x00000000f5aa0000, 0x00000000f6548f80, 0x00000000f6549000, 0x00000000f6550000)
 Metaspace       used 28168K, capacity 28910K, committed 29056K, reserved 1075200K
  class space    used 3460K, capacity 3661K, committed 3712K, reserved 1048576K
Event: 4.714 GC heap after
Heap after GC invocations=57 (full 2):
 def new generation   total 7296K, used 0K [0x00000000f0800000, 0x00000000f0fe0000, 0x00000000f5aa0000)
  eden space 6528K,   0% used [0x00000000f0800000, 0x00000000f0800000, 0x00000000f0e60000)
  from space 768K,   0% used [0x00000000f0e60000, 0x00000000f0e60000, 0x00000000f0f20000)
  to   space 768K,   0% used [0x00000000f0f20000, 0x00000000f0f20000, 0x00000000f0fe0000)
 tenured generation   total 16028K, used 9615K [0x00000000f5aa0000, 0x00000000f6a47000, 0x0000000100000000)
   the space 16028K,  59% used [0x00000000f5aa0000, 0x00000000f6403f00, 0x00000000f6404000, 0x00000000f6a47000)
 Metaspace       used 28168K, capacity 28910K, committed 29056K, reserved 1075200K
  class space    used 3460K, capacity 3661K, committed 3712K, reserved 1048576K
}
Event: 4.776 GC heap before
{Heap before GC invocations=57 (full 2):
 def new generation   total 7296K, used 6528K [0x00000000f0800000, 0x00000000f0fe0000, 0x00000000f5aa0000)
  eden space 6528K, 100% used [0x00000000f0800000, 0x00000000f0e60000, 0x00000000f0e60000)
  from space 768K,   0% used [0x00000000f0e60000, 0x00000000f0e60000, 0x00000000f0f20000)
  to   space 768K,   0% used [0x00000000f0f20000, 0x00000000f0f20000, 0x00000000f0fe0000)
 tenured generation   total 16028K, used 9615K [0x00000000f5aa0000, 0x00000000f6a47000, 0x0000000100000000)
   the space 16028K,  59% used [0x00000000f5aa0000, 0x00000000f6403f00, 0x00000000f6404000, 0x00000000f6a47000)
 Metaspace       used 28442K, capacity 29166K, committed 29440K, reserved 1075200K
  class space    used 3506K, capacity 3725K, committed 3840K, reserved 1048576K
Event: 4.778 GC heap after
Heap after GC invocations=58 (full 2):
 def new generation   total 7296K, used 491K [0x00000000f0800000, 0x00000000f0fe0000, 0x00000000f5aa0000)
  eden space 6528K,   0% used [0x00000000f0800000, 0x00000000f0800000, 0x00000000f0e60000)
  from space 768K,  63% used [0x00000000f0f20000, 0x00000000f0f9ad50, 0x00000000f0fe0000)
  to   space 768K,   0% used [0x00000000f0e60000, 0x00000000f0e60000, 0x00000000f0f20000)
 tenured generation   total 16028K, used 9615K [0x00000000f5aa0000, 0x00000000f6a47000, 0x0000000100000000)
   the space 16028K,  59% used [0x00000000f5aa0000, 0x00000000f6403f00, 0x00000000f6404000, 0x00000000f6a47000)
 Metaspace       used 28442K, capacity 29166K, committed 29440K, reserved 1075200K
  class space    used 3506K, capacity 3725K, committed 3840K, reserved 1048576K
}
Event: 4.850 GC heap before
{Heap before GC invocations=58 (full 2):
 def new generation   total 7296K, used 7019K [0x00000000f0800000, 0x00000000f0fe0000, 0x00000000f5aa0000)
  eden space 6528K, 100% used [0x00000000f0800000, 0x00000000f0e60000, 0x00000000f0e60000)
  from space 768K,  63% used [0x00000000f0f20000, 0x00000000f0f9ad50, 0x00000000f0fe0000)
  to   space 768K,   0% used [0x00000000f0e60000, 0x00000000f0e60000, 0x00000000f0f20000)
 tenured generation   total 16028K, used 9615K [0x00000000f5aa0000, 0x00000000f6a47000, 0x0000000100000000)
   the space 16028K,  59% used [0x00000000f5aa0000, 0x00000000f6403f00, 0x00000000f6404000, 0x00000000f6a47000)
 Metaspace       used 28551K, capacity 29242K, committed 29440K, reserved 1075200K
  class space    used 3523K, capacity 3727K, committed 3840K, reserved 1048576K
Event: 4.853 GC heap after
Heap after GC invocations=59 (full 2):
 def new generation   total 7296K, used 514K [0x00000000f0800000, 0x00000000f0fe0000, 0x00000000f5aa0000)
  eden space 6528K,   0% used [0x00000000f0800000, 0x00000000f0800000, 0x00000000f0e60000)
  from space 768K,  67% used [0x00000000f0e60000, 0x00000000f0ee0bd8, 0x00000000f0f20000)
  to   space 768K,   0% used [0x00000000f0f20000, 0x00000000f0f20000, 0x00000000f0fe0000)
 tenured generation   total 16028K, used 9696K [0x00000000f5aa0000, 0x00000000f6a47000, 0x0000000100000000)
   the space 16028K,  60% used [0x00000000f5aa0000, 0x00000000f6418350, 0x00000000f6418400, 0x00000000f6a47000)
 Metaspace       used 28551K, capacity 29242K, committed 29440K, reserved 1075200K
  class space    used 3523K, capacity 3727K, committed 3840K, reserved 1048576K
}
Event: 4.937 GC heap before
{Heap before GC invocations=59 (full 2):
 def new generation   total 7296K, used 7042K [0x00000000f0800000, 0x00000000f0fe0000, 0x00000000f5aa0000)
  eden space 6528K, 100% used [0x00000000f0800000, 0x00000000f0e60000, 0x00000000f0e60000)
  from space 768K,  67% used [0x00000000f0e60000, 0x00000000f0ee0bd8, 0x00000000f0f20000)
  to   space 768K,   0% used [0x00000000f0f20000, 0x00000000f0f20000, 0x00000000f0fe0000)
 tenured generation   total 16028K, used 9696K [0x00000000f5aa0000, 0x00000000f6a47000, 0x0000000100000000)
   the space 16028K,  60% used [0x00000000f5aa0000, 0x00000000f6418350, 0x00000000f6418400, 0x00000000f6a47000)
 Metaspace       used 28728K, capacity 29464K, committed 29696K, reserved 1075200K
  class space    used 3539K, capacity 3732K, committed 3840K, reserved 1048576K
Event: 4.940 GC heap after
Heap after GC invocations=60 (full 2):
 def new generation   total 7296K, used 546K [0x00000000f0800000, 0x00000000f0fe0000, 0x00000000f5aa0000)
  eden space 6528K,   0% used [0x00000000f0800000, 0x00000000f0800000, 0x00000000f0e60000)
  from space 768K,  71% used [0x00000000f0f20000, 0x00000000f0fa8a38, 0x00000000f0fe0000)
  to   space 768K,   0% used [0x00000000f0e60000, 0x00000000f0e60000, 0x00000000f0f20000)
 tenured generation   total 16028K, used 9963K [0x00000000f5aa0000, 0x00000000f6a47000, 0x0000000100000000)
   the space 16028K,  62% used [0x00000000f5aa0000, 0x00000000f645ae80, 0x00000000f645b000, 0x00000000f6a47000)
 Metaspace       used 28728K, capacity 29464K, committed 29696K, reserved 1075200K
  class space    used 3539K, capacity 3732K, committed 3840K, reserved 1048576K
}
Event: 4.942 GC heap before
{Heap before GC invocations=60 (full 2):
 def new generation   total 7296K, used 7070K [0x00000000f0800000, 0x00000000f0fe0000, 0x00000000f5aa0000)
  eden space 6528K,  99% used [0x00000000f0800000, 0x00000000f0e5ef40, 0x00000000f0e60000)
  from space 768K,  71% used [0x00000000f0f20000, 0x00000000f0fa8a38, 0x00000000f0fe0000)
  to   space 768K,   0% used [0x00000000f0e60000, 0x00000000f0e60000, 0x00000000f0f20000)
 tenured generation   total 16028K, used 9963K [0x00000000f5aa0000, 0x00000000f6a47000, 0x0000000100000000)
   the space 16028K,  62% used [0x00000000f5aa0000, 0x00000000f645ae80, 0x00000000f645b000, 0x00000000f6a47000)
 Metaspace       used 28728K, capacity 29464K, committed 29696K, reserved 1075200K
  class space    used 3539K, capacity 3732K, committed 3840K, reserved 1048576K
Event: 4.943 GC heap after
Heap after GC invocations=61 (full 2):
 def new generation   total 7296K, used 59K [0x00000000f0800000, 0x00000000f0fe0000, 0x00000000f5aa0000)
  eden space 6528K,   0% used [0x00000000f0800000, 0x00000000f0800000, 0x00000000f0e60000)
  from space 768K,   7% used [0x00000000f0e60000, 0x00000000f0e6ed60, 0x00000000f0f20000)
  to   space 768K,   0% used [0x00000000f0f20000, 0x00000000f0f20000, 0x00000000f0fe0000)
 tenured generation   total 16028K, used 10255K [0x00000000f5aa0000, 0x00000000f6a47000, 0x0000000100000000)
   the space 16028K,  63% used [0x00000000f5aa0000, 0x00000000f64a3c90, 0x00000000f64a3e00, 0x00000000f6a47000)
 Metaspace       used 28728K, capacity 29464K, committed 29696K, reserved 1075200K
  class space    used 3539K, capacity 3732K, committed 3840K, reserved 1048576K
}
Event: 4.944 GC heap before
{Heap before GC invocations=61 (full 2):
 def new generation   total 7296K, used 6559K [0x00000000f0800000, 0x00000000f0fe0000, 0x00000000f5aa0000)
  eden space 6528K,  99% used [0x00000000f0800000, 0x00000000f0e590b8, 0x00000000f0e60000)
  from space 768K,   7% used [0x00000000f0e60000, 0x00000000f0e6ed60, 0x00000000f0f20000)
  to   space 768K,   0% used [0x00000000f0f20000, 0x00000000f0f20000, 0x00000000f0fe0000)
 tenured generation   total 16028K, used 10255K [0x00000000f5aa0000, 0x00000000f6a47000, 0x0000000100000000)
   the space 16028K,  63% used [0x00000000f5aa0000, 0x00000000f64a3c90, 0x00000000f64a3e00, 0x00000000f6a47000)
 Metaspace       used 28728K, capacity 29464K, committed 29696K, reserved 1075200K
  class space    used 3539K, capacity 3732K, committed 3840K, reserved 1048576K
Event: 4.945 GC heap after
Heap after GC invocations=62 (full 2):
 def new generation   total 7296K, used 72K [0x00000000f0800000, 0x00000000f0fe0000, 0x00000000f5aa0000)
  eden space 6528K,   0% used [0x00000000f0800000, 0x00000000f0800000, 0x00000000f0e60000)
  from space 768K,   9% used [0x00000000f0f20000, 0x00000000f0f32348, 0x00000000f0fe0000)
  to   space 768K,   0% used [0x00000000f0e60000, 0x00000000f0e60000, 0x00000000f0f20000)
 tenured generation   total 16028K, used 10255K [0x00000000f5aa0000, 0x00000000f6a47000, 0x0000000100000000)
   the space 16028K,  63% used [0x00000000f5aa0000, 0x00000000f64a3c90, 0x00000000f64a3e00, 0x00000000f6a47000)
 Metaspace       used 28728K, capacity 29464K, committed 29696K, reserved 1075200K
  class space    used 3539K, capacity 3732K, committed 3840K, reserved 1048576K
}
Event: 4.949 GC heap before
{Heap before GC invocations=62 (full 2):
 def new generation   total 7296K, used 6561K [0x00000000f0800000, 0x00000000f0fe0000, 0x00000000f5aa0000)
  eden space 6528K,  99% used [0x00000000f0800000, 0x00000000f0e56468, 0x00000000f0e60000)
  from space 768K,   9% used [0x00000000f0f20000, 0x00000000f0f32348, 0x00000000f0fe0000)
  to   space 768K,   0% used [0x00000000f0e60000, 0x00000000f0e60000, 0x00000000f0f20000)
 tenured generation   total 16028K, used 10255K [0x00000000f5aa0000, 0x00000000f6a47000, 0x0000000100000000)
   the space 16028K,  63% used [0x00000000f5aa0000, 0x00000000f64a3c90, 0x00000000f64a3e00, 0x00000000f6a47000)
 Metaspace       used 28728K, capacity 29464K, committed 29696K, reserved 1075200K
  class space    used 3539K, capacity 3732K, committed 3840K, reserved 1048576K
Event: 4.950 GC heap after
Heap after GC invocations=63 (full 2):
 def new generation   total 7296K, used 82K [0x00000000f0800000, 0x00000000f0fe0000, 0x00000000f5aa0000)
  eden space 6528K,   0% used [0x00000000f0800000, 0x00000000f0800000, 0x00000000f0e60000)
  from space 768K,  10% used [0x00000000f0e60000, 0x00000000f0e74ae8, 0x00000000f0f20000)
  to   space 768K,   0% used [0x00000000f0f20000, 0x00000000f0f20000, 0x00000000f0fe0000)
 tenured generation   total 16028K, used 10255K [0x00000000f5aa0000, 0x00000000f6a47000, 0x0000000100000000)
   the space 16028K,  63% used [0x00000000f5aa0000, 0x00000000f64a3c90, 0x00000000f64a3e00, 0x00000000f6a47000)
 Metaspace       used 28728K, capacity 29464K, committed 29696K, reserved 1075200K
  class space    used 3539K, capacity 3732K, committed 3840K, reserved 1048576K
}
Event: 4.951 GC heap before
{Heap before GC invocations=63 (full 2):
 def new generation   total 7296K, used 6595K [0x00000000f0800000, 0x00000000f0fe0000, 0x00000000f5aa0000)
  eden space 6528K,  99% used [0x00000000f0800000, 0x00000000f0e5c490, 0x00000000f0e60000)
  from space 768K,  10% used [0x00000000f0e60000, 0x00000000f0e74ae8, 0x00000000f0f20000)
  to   space 768K,   0% used [0x00000000f0f20000, 0x00000000f0f20000, 0x00000000f0fe0000)
 tenured generation   total 16028K, used 10255K [0x00000000f5aa0000, 0x00000000f6a47000, 0x0000000100000000)
   the space 16028K,  63% used [0x00000000f5aa0000, 0x00000000f64a3c90, 0x00000000f64a3e00, 0x00000000f6a47000)
 Metaspace       used 28728K, capacity 29464K, committed 29696K, reserved 1075200K
  class space    used 3539K, capacity 3732K, committed 3840K, reserved 1048576K
Event: 4.952 GC heap after
Heap after GC invocations=64 (full 2):
 def new generation   total 7296K, used 90K [0x00000000f0800000, 0x00000000f0fe0000, 0x00000000f5aa0000)
  eden space 6528K,   0% used [0x00000000f0800000, 0x00000000f0800000, 0x00000000f0e60000)
  from space 768K,  11% used [0x00000000f0f20000, 0x00000000f0f36bc8, 0x00000000f0fe0000)
  to   space 768K,   0% used [0x00000000f0e60000, 0x00000000f0e60000, 0x00000000f0f20000)
 tenured generation   total 16028K, used 10255K [0x00000000f5aa0000, 0x00000000f6a47000, 0x0000000100000000)
   the space 16028K,  63% used [0x00000000f5aa0000, 0x00000000f64a3c90, 0x00000000f64a3e00, 0x00000000f6a47000)
 Metaspace       used 28728K, capacity 29464K, committed 29696K, reserved 1075200K
  class space    used 3539K, capacity 3732K, committed 3840K, reserved 1048576K
}
Event: 4.957 GC heap before
{Heap before GC invocations=64 (full 2):
 def new generation   total 7296K, used 6618K [0x00000000f0800000, 0x00000000f0fe0000, 0x00000000f5aa0000)
  eden space 6528K, 100% used [0x00000000f0800000, 0x00000000f0e60000, 0x00000000f0e60000)
  from space 768K,  11% used [0x00000000f0f20000, 0x00000000f0f36bc8, 0x00000000f0fe0000)
  to   space 768K,   0% used [0x00000000f0e60000, 0x00000000f0e60000, 0x00000000f0f20000)
 tenured generation   total 16028K, used 10255K [0x00000000f5aa0000, 0x00000000f6a47000, 0x0000000100000000)
   the space 16028K,  63% used [0x00000000f5aa0000, 0x00000000f64a3c90, 0x00000000f64a3e00, 0x00000000f6a47000)
 Metaspace       used 28756K, capacity 29496K, committed 29696K, reserved 1075200K
  class space    used 3541K, capacity 3764K, committed 3840K, reserved 1048576K
Event: 4.958 GC heap after
Heap after GC invocations=65 (full 2):
 def new generation   total 7296K, used 214K [0x00000000f0800000, 0x00000000f0fe0000, 0x00000000f5aa0000)
  eden space 6528K,   0% used [0x00000000f0800000, 0x00000000f0800000, 0x00000000f0e60000)
  from space 768K,  27% used [0x00000000f0e60000, 0x00000000f0e95a20, 0x00000000f0f20000)
  to   space 768K,   0% used [0x00000000f0f20000, 0x00000000f0f20000, 0x00000000f0fe0000)
 tenured generation   total 16028K, used 10255K [0x00000000f5aa0000, 0x00000000f6a47000, 0x0000000100000000)
   the space 16028K,  63% used [0x00000000f5aa0000, 0x00000000f64a3c90, 0x00000000f64a3e00, 0x00000000f6a47000)
 Metaspace       used 28756K, capacity 29496K, committed 29696K, reserved 1075200K
  class space    used 3541K, capacity 3764K, committed 3840K, reserved 1048576K
}
Event: 5.026 GC heap before
{Heap before GC invocations=65 (full 2):
 def new generation   total 7296K, used 6742K [0x00000000f0800000, 0x00000000f0fe0000, 0x00000000f5aa0000)
  eden space 6528K, 100% used [0x00000000f0800000, 0x00000000f0e60000, 0x00000000f0e60000)
  from space 768K,  27% used [0x00000000f0e60000, 0x00000000f0e95a20, 0x00000000f0f20000)
  to   space 768K,   0% used [0x00000000f0f20000, 0x00000000f0f20000, 0x00000000f0fe0000)
 tenured generation   total 16028K, used 10255K [0x00000000f5aa0000, 0x00000000f6a47000, 0x0000000100000000)
   the space 16028K,  63% used [0x00000000f5aa0000, 0x00000000f64a3c90, 0x00000000f64a3e00, 0x00000000f6a47000)
 Metaspace       used 28858K, capacity 29634K, committed 29952K, reserved 1075200K
  class space    used 3555K, capacity 3765K, committed 3840K, reserved 1048576K
Event: 5.028 GC heap after
Heap after GC invocations=66 (full 2):
 def new generation   total 7296K, used 708K [0x00000000f0800000, 0x00000000f0fe0000, 0x00000000f5aa0000)
  eden space 6528K,   0% used [0x00000000f0800000, 0x00000000f0800000, 0x00000000f0e60000)
  from space 768K,  92% used [0x00000000f0f20000, 0x00000000f0fd1320, 0x00000000f0fe0000)
  to   space 768K,   0% used [0x00000000f0e60000, 0x00000000f0e60000, 0x00000000f0f20000)
 tenured generation   total 16028K, used 10255K [0x00000000f5aa0000, 0x00000000f6a47000, 0x0000000100000000)
   the space 16028K,  63% used [0x00000000f5aa0000, 0x00000000f64a3c90, 0x00000000f64a3e00, 0x00000000f6a47000)
 Metaspace       used 28858K, capacity 29634K, committed 29952K, reserved 1075200K
  class space    used 3555K, capacity 3765K, committed 3840K, reserved 1048576K
}
Event: 5.071 GC heap before
{Heap before GC invocations=66 (full 2):
 def new generation   total 7296K, used 7236K [0x00000000f0800000, 0x00000000f0fe0000, 0x00000000f5aa0000)
  eden space 6528K, 100% used [0x00000000f0800000, 0x00000000f0e60000, 0x00000000f0e60000)
  from space 768K,  92% used [0x00000000f0f20000, 0x00000000f0fd1320, 0x00000000f0fe0000)
  to   space 768K,   0% used [0x00000000f0e60000, 0x00000000f0e60000, 0x00000000f0f20000)
 tenured generation   total 16028K, used 10255K [0x00000000f5aa0000, 0x00000000f6a47000, 0x0000000100000000)
   the space 16028K,  63% used [0x00000000f5aa0000, 0x00000000f64a3c90, 0x00000000f64a3e00, 0x00000000f6a47000)
 Metaspace       used 28894K, capacity 29716K, committed 29952K, reserved 1075200K
  class space    used 3563K, capacity 3768K, committed 3840K, reserved 1048576K
Event: 5.074 GC heap after
Heap after GC invocations=67 (full 2):
 def new generation   total 7296K, used 578K [0x00000000f0800000, 0x00000000f0fe0000, 0x00000000f5aa0000)
  eden space 6528K,   0% used [0x00000000f0800000, 0x00000000f0800000, 0x00000000f0e60000)
  from space 768K,  75% used [0x00000000f0e60000, 0x00000000f0ef08f8, 0x00000000f0f20000)
  to   space 768K,   0% used [0x00000000f0f20000, 0x00000000f0f20000, 0x00000000f0fe0000)
 tenured generation   total 16028K, used 10706K [0x00000000f5aa0000, 0x00000000f6a47000, 0x0000000100000000)
   the space 16028K,  66% used [0x00000000f5aa0000, 0x00000000f65148d8, 0x00000000f6514a00, 0x00000000f6a47000)
 Metaspace       used 28894K, capacity 29716K, committed 29952K, reserved 1075200K
  class space    used 3563K, capacity 3768K, committed 3840K, reserved 1048576K
}
Event: 5.119 GC heap before
{Heap before GC invocations=67 (full 2):
 def new generation   total 7296K, used 7077K [0x00000000f0800000, 0x00000000f0fe0000, 0x00000000f5aa0000)
  eden space 6528K,  99% used [0x00000000f0800000, 0x00000000f0e58eb0, 0x00000000f0e60000)
  from space 768K,  75% used [0x00000000f0e60000, 0x00000000f0ef08f8, 0x00000000f0f20000)
  to   space 768K,   0% used [0x00000000f0f20000, 0x00000000f0f20000, 0x00000000f0fe0000)
 tenured generation   total 16028K, used 10706K [0x00000000f5aa0000, 0x00000000f6a47000, 0x0000000100000000)
   the space 16028K,  66% used [0x00000000f5aa0000, 0x00000000f65148d8, 0x00000000f6514a00, 0x00000000f6a47000)
 Metaspace       used 28928K, capacity 29716K, committed 29952K, reserved 1075200K
  class space    used 3567K, capacity 3768K, committed 3840K, reserved 1048576K
Event: 5.122 GC heap after
Heap after GC invocations=68 (full 2):
 def new generation   total 7296K, used 768K [0x00000000f0800000, 0x00000000f0fe0000, 0x00000000f5aa0000)
  eden space 6528K,   0% used [0x00000000f0800000, 0x00000000f0800000, 0x00000000f0e60000)
  from space 768K, 100% used [0x00000000f0f20000, 0x00000000f0fe0000, 0x00000000f0fe0000)
  to   space 768K,   0% used [0x00000000f0e60000, 0x00000000f0e60000, 0x00000000f0f20000)
 tenured generation   total 16028K, used 11290K [0x00000000f5aa0000, 0x00000000f6a47000, 0x0000000100000000)
   the space 16028K,  70% used [0x00000000f5aa0000, 0x00000000f65a69c8, 0x00000000f65a6a00, 0x00000000f6a47000)
 Metaspace       used 28928K, capacity 29716K, committed 29952K, reserved 1075200K
  class space    used 3567K, capacity 3768K, committed 3840K, reserved 1048576K
}
Event: 5.172 GC heap before
{Heap before GC invocations=68 (full 2):
 def new generation   total 7296K, used 7296K [0x00000000f0800000, 0x00000000f0fe0000, 0x00000000f5aa0000)
  eden space 6528K, 100% used [0x00000000f0800000, 0x00000000f0e60000, 0x00000000f0e60000)
  from space 768K, 100% used [0x00000000f0f20000, 0x00000000f0fe0000, 0x00000000f0fe0000)
  to   space 768K,   0% used [0x00000000f0e60000, 0x00000000f0e60000, 0x00000000f0f20000)
 tenured generation   total 16028K, used 11290K [0x00000000f5aa0000, 0x00000000f6a47000, 0x0000000100000000)
   the space 16028K,  70% used [0x00000000f5aa0000, 0x00000000f65a69c8, 0x00000000f65a6a00, 0x00000000f6a47000)
 Metaspace       used 28933K, capacity 29716K, committed 29952K, reserved 1075200K
  class space    used 3568K, capacity 3768K, committed 3840K, reserved 1048576K
Event: 5.175 GC heap after
Heap after GC invocations=69 (full 2):
 def new generation   total 7296K, used 768K [0x00000000f0800000, 0x00000000f0fe0000, 0x00000000f5aa0000)
  eden space 6528K,   0% used [0x00000000f0800000, 0x00000000f0800000, 0x00000000f0e60000)
  from space 768K, 100% used [0x00000000f0e60000, 0x00000000f0f20000, 0x00000000f0f20000)
  to   space 768K,   0% used [0x00000000f0f20000, 0x00000000f0f20000, 0x00000000f0fe0000)
 tenured generation   total 16028K, used 11678K [0x00000000f5aa0000, 0x00000000f6a47000, 0x0000000100000000)
   the space 16028K,  72% used [0x00000000f5aa0000, 0x00000000f6607be8, 0x00000000f6607c00, 0x00000000f6a47000)
 Metaspace       used 28933K, capacity 29716K, committed 29952K, reserved 1075200K
  class space    used 3568K, capacity 3768K, committed 3840K, reserved 1048576K
}
Event: 5.249 GC heap before
{Heap before GC invocations=69 (full 2):
 def new generation   total 7296K, used 7296K [0x00000000f0800000, 0x00000000f0fe0000, 0x00000000f5aa0000)
  eden space 6528K, 100% used [0x00000000f0800000, 0x00000000f0e60000, 0x00000000f0e60000)
  from space 768K, 100% used [0x00000000f0e60000, 0x00000000f0f20000, 0x00000000f0f20000)
  to   space 768K,   0% used [0x00000000f0f20000, 0x00000000f0f20000, 0x00000000f0fe0000)
 tenured generation   total 16028K, used 11678K [0x00000000f5aa0000, 0x00000000f6a47000, 0x0000000100000000)
   the space 16028K,  72% used [0x00000000f5aa0000, 0x00000000f6607be8, 0x00000000f6607c00, 0x00000000f6a47000)
 Metaspace       used 29034K, capacity 29836K, committed 29952K, reserved 1075200K
  class space    used 3583K, capacity 3808K, committed 3840K, reserved 1048576K
Event: 5.252 GC heap after
Heap after GC invocations=70 (full 2):
 def new generation   total 7296K, used 525K [0x00000000f0800000, 0x00000000f0fe0000, 0x00000000f5aa0000)
  eden space 6528K,   0% used [0x00000000f0800000, 0x00000000f0800000, 0x00000000f0e60000)
  from space 768K,  68% used [0x00000000f0f20000, 0x00000000f0fa3478, 0x00000000f0fe0000)
  to   space 768K,   0% used [0x00000000f0e60000, 0x00000000f0e60000, 0x00000000f0f20000)
 tenured generation   total 16028K, used 12019K [0x00000000f5aa0000, 0x00000000f6a47000, 0x0000000100000000)
   the space 16028K,  74% used [0x00000000f5aa0000, 0x00000000f665cd38, 0x00000000f665ce00, 0x00000000f6a47000)
 Metaspace       used 29034K, capacity 29836K, committed 29952K, reserved 1075200K
  class space    used 3583K, capacity 3808K, committed 3840K, reserved 1048576K
}
Event: 5.341 GC heap before
{Heap before GC invocations=70 (full 2):
 def new generation   total 7296K, used 7053K [0x00000000f0800000, 0x00000000f0fe0000, 0x00000000f5aa0000)
  eden space 6528K, 100% used [0x00000000f0800000, 0x00000000f0e60000, 0x00000000f0e60000)
  from space 768K,  68% used [0x00000000f0f20000, 0x00000000f0fa3478, 0x00000000f0fe0000)
  to   space 768K,   0% used [0x00000000f0e60000, 0x00000000f0e60000, 0x00000000f0f20000)
 tenured generation   total 16028K, used 12019K [0x00000000f5aa0000, 0x00000000f6a47000, 0x0000000100000000)
   the space 16028K,  74% used [0x00000000f5aa0000, 0x00000000f665cd38, 0x00000000f665ce00, 0x00000000f6a47000)
 Metaspace       used 29287K, capacity 30088K, committed 30208K, reserved 1075200K
  class space    used 3617K, capacity 3820K, committed 3840K, reserved 1048576K
Event: 5.345 GC heap after
Heap after GC invocations=71 (full 2):
 def new generation   total 7296K, used 637K [0x00000000f0800000, 0x00000000f0fe0000, 0x00000000f5aa0000)
  eden space 6528K,   0% used [0x00000000f0800000, 0x00000000f0800000, 0x00000000f0e60000)
  from space 768K,  82% used [0x00000000f0e60000, 0x00000000f0eff408, 0x00000000f0f20000)
  to   space 768K,   0% used [0x00000000f0f20000, 0x00000000f0f20000, 0x00000000f0fe0000)
 tenured generation   total 16028K, used 12355K [0x00000000f5aa0000, 0x00000000f6a47000, 0x0000000100000000)
   the space 16028K,  77% used [0x00000000f5aa0000, 0x00000000f66b0d08, 0x00000000f66b0e00, 0x00000000f6a47000)
 Metaspace       used 29287K, capacity 30088K, committed 30208K, reserved 1075200K
  class space    used 3617K, capacity 3820K, committed 3840K, reserved 1048576K
}
Event: 5.476 GC heap before
{Heap before GC invocations=71 (full 2):
 def new generation   total 7296K, used 7165K [0x00000000f0800000, 0x00000000f0fe0000, 0x00000000f5aa0000)
  eden space 6528K, 100% used [0x00000000f0800000, 0x00000000f0e60000, 0x00000000f0e60000)
  from space 768K,  82% used [0x00000000f0e60000, 0x00000000f0eff408, 0x00000000f0f20000)
  to   space 768K,   0% used [0x00000000f0f20000, 0x00000000f0f20000, 0x00000000f0fe0000)
 tenured generation   total 16028K, used 12355K [0x00000000f5aa0000, 0x00000000f6a47000, 0x0000000100000000)
   the space 16028K,  77% used [0x00000000f5aa0000, 0x00000000f66b0d08, 0x00000000f66b0e00, 0x00000000f6a47000)
 Metaspace       used 29680K, capacity 30516K, committed 30592K, reserved 1075200K
  class space    used 3669K, capacity 3894K, committed 3968K, reserved 1048576K
Event: 5.479 GC heap after
Heap after GC invocations=72 (full 2):
 def new generation   total 7296K, used 604K [0x00000000f0800000, 0x00000000f0fe0000, 0x00000000f5aa0000)
  eden space 6528K,   0% used [0x00000000f0800000, 0x00000000f0800000, 0x00000000f0e60000)
  from space 768K,  78% used [0x00000000f0f20000, 0x00000000f0fb7270, 0x00000000f0fe0000)
  to   space 768K,   0% used [0x00000000f0e60000, 0x00000000f0e60000, 0x00000000f0f20000)
 tenured generation   total 16028K, used 12657K [0x00000000f5aa0000, 0x00000000f6a47000, 0x0000000100000000)
   the space 16028K,  78% used [0x00000000f5aa0000, 0x00000000f66fc580, 0x00000000f66fc600, 0x00000000f6a47000)
 Metaspace       used 29680K, capacity 30516K, committed 30592K, reserved 1075200K
  class space    used 3669K, capacity 3894K, committed 3968K, reserved 1048576K
}
Event: 5.599 GC heap before
{Heap before GC invocations=72 (full 2):
 def new generation   total 7296K, used 7132K [0x00000000f0800000, 0x00000000f0fe0000, 0x00000000f5aa0000)
  eden space 6528K, 100% used [0x00000000f0800000, 0x00000000f0e60000, 0x00000000f0e60000)
  from space 768K,  78% used [0x00000000f0f20000, 0x00000000f0fb7270, 0x00000000f0fe0000)
  to   space 768K,   0% used [0x00000000f0e60000, 0x00000000f0e60000, 0x00000000f0f20000)
 tenured generation   total 16028K, used 12657K [0x00000000f5aa0000, 0x00000000f6a47000, 0x0000000100000000)
   the space 16028K,  78% used [0x00000000f5aa0000, 0x00000000f66fc580, 0x00000000f66fc600, 0x00000000f6a47000)
 Metaspace       used 30163K, capacity 30982K, committed 31104K, reserved 1077248K
  class space    used 3734K, capacity 3961K, committed 3968K, reserved 1048576K
Event: 5.601 GC heap after
Heap after GC invocations=73 (full 2):
 def new generation   total 7296K, used 687K [0x00000000f0800000, 0x00000000f0fe0000, 0x00000000f5aa0000)
  eden space 6528K,   0% used [0x00000000f0800000, 0x00000000f0800000, 0x00000000f0e60000)
  from space 768K,  89% used [0x00000000f0e60000, 0x00000000f0f0bd50, 0x00000000f0f20000)
  to   space 768K,   0% used [0x00000000f0f20000, 0x00000000f0f20000, 0x00000000f0fe0000)
 tenured generation   total 16028K, used 12890K [0x00000000f5aa0000, 0x00000000f6a47000, 0x0000000100000000)
   the space 16028K,  80% used [0x00000000f5aa0000, 0x00000000f6736920, 0x00000000f6736a00, 0x00000000f6a47000)
 Metaspace       used 30163K, capacity 30982K, committed 31104K, reserved 1077248K
  class space    used 3734K, capacity 3961K, committed 3968K, reserved 1048576K
}
Event: 5.750 GC heap before
{Heap before GC invocations=73 (full 2):
 def new generation   total 7296K, used 7215K [0x00000000f0800000, 0x00000000f0fe0000, 0x00000000f5aa0000)
  eden space 6528K, 100% used [0x00000000f0800000, 0x00000000f0e60000, 0x00000000f0e60000)
  from space 768K,  89% used [0x00000000f0e60000, 0x00000000f0f0bd50, 0x00000000f0f20000)
  to   space 768K,   0% used [0x00000000f0f20000, 0x00000000f0f20000, 0x00000000f0fe0000)
 tenured generation   total 16028K, used 12890K [0x00000000f5aa0000, 0x00000000f6a47000, 0x0000000100000000)
   the space 16028K,  80% used [0x00000000f5aa0000, 0x00000000f6736920, 0x00000000f6736a00, 0x00000000f6a47000)
 Metaspace       used 30579K, capacity 31398K, committed 31488K, reserved 1077248K
  class space    used 3791K, capacity 4007K, committed 4096K, reserved 1048576K
Event: 5.753 GC heap after
Heap after GC invocations=74 (full 2):
 def new generation   total 7296K, used 673K [0x00000000f0800000, 0x00000000f0fe0000, 0x00000000f5aa0000)
  eden space 6528K,   0% used [0x00000000f0800000, 0x00000000f0800000, 0x00000000f0e60000)
  from space 768K,  87% used [0x00000000f0f20000, 0x00000000f0fc85b0, 0x00000000f0fe0000)
  to   space 768K,   0% used [0x00000000f0e60000, 0x00000000f0e60000, 0x00000000f0f20000)
 tenured generation   total 16028K, used 13077K [0x00000000f5aa0000, 0x00000000f6a47000, 0x0000000100000000)
   the space 16028K,  81% used [0x00000000f5aa0000, 0x00000000f6765448, 0x00000000f6765600, 0x00000000f6a47000)
 Metaspace       used 30579K, capacity 31398K, committed 31488K, reserved 1077248K
  class space    used 3791K, capacity 4007K, committed 4096K, reserved 1048576K
}
Event: 5.860 GC heap before
{Heap before GC invocations=74 (full 2):
 def new generation   total 7296K, used 7201K [0x00000000f0800000, 0x00000000f0fe0000, 0x00000000f5aa0000)
  eden space 6528K, 100% used [0x00000000f0800000, 0x00000000f0e60000, 0x00000000f0e60000)
  from space 768K,  87% used [0x00000000f0f20000, 0x00000000f0fc85b0, 0x00000000f0fe0000)
  to   space 768K,   0% used [0x00000000f0e60000, 0x00000000f0e60000, 0x00000000f0f20000)
 tenured generation   total 16028K, used 13077K [0x00000000f5aa0000, 0x00000000f6a47000, 0x0000000100000000)
   the space 16028K,  81% used [0x00000000f5aa0000, 0x00000000f6765448, 0x00000000f6765600, 0x00000000f6a47000)
 Metaspace       used 30984K, capacity 31922K, committed 32000K, reserved 1077248K
  class space    used 3851K, capacity 4071K, committed 4096K, reserved 1048576K
Event: 5.863 GC heap after
Heap after GC invocations=75 (full 2):
 def new generation   total 7296K, used 707K [0x00000000f0800000, 0x00000000f0fe0000, 0x00000000f5aa0000)
  eden space 6528K,   0% used [0x00000000f0800000, 0x00000000f0800000, 0x00000000f0e60000)
  from space 768K,  92% used [0x00000000f0e60000, 0x00000000f0f10c28, 0x00000000f0f20000)
  to   space 768K,   0% used [0x00000000f0f20000, 0x00000000f0f20000, 0x00000000f0fe0000)
 tenured generation   total 16028K, used 13289K [0x00000000f5aa0000, 0x00000000f6a47000, 0x0000000100000000)
   the space 16028K,  82% used [0x00000000f5aa0000, 0x00000000f679a4c8, 0x00000000f679a600, 0x00000000f6a47000)
 Metaspace       used 30984K, capacity 31922K, committed 32000K, reserved 1077248K
  class space    used 3851K, capacity 4071K, committed 4096K, reserved 1048576K
}
Event: 5.990 GC heap before
{Heap before GC invocations=75 (full 2):
 def new generation   total 7296K, used 7235K [0x00000000f0800000, 0x00000000f0fe0000, 0x00000000f5aa0000)
  eden space 6528K, 100% used [0x00000000f0800000, 0x00000000f0e60000, 0x00000000f0e60000)
  from space 768K,  92% used [0x00000000f0e60000, 0x00000000f0f10c28, 0x00000000f0f20000)
  to   space 768K,   0% used [0x00000000f0f20000, 0x00000000f0f20000, 0x00000000f0fe0000)
 tenured generation   total 16028K, used 13289K [0x00000000f5aa0000, 0x00000000f6a47000, 0x0000000100000000)
   the space 16028K,  82% used [0x00000000f5aa0000, 0x00000000f679a4c8, 0x00000000f679a600, 0x00000000f6a47000)
 Metaspace       used 31287K, capacity 32216K, committed 32384K, reserved 1077248K
  class space    used 3896K, capacity 4140K, committed 4224K, reserved 1048576K
Event: 5.994 GC heap after
Heap after GC invocations=76 (full 2):
 def new generation   total 7296K, used 649K [0x00000000f0800000, 0x00000000f0fe0000, 0x00000000f5aa0000)
  eden space 6528K,   0% used [0x00000000f0800000, 0x00000000f0800000, 0x00000000f0e60000)
  from space 768K,  84% used [0x00000000f0f20000, 0x00000000f0fc25f8, 0x00000000f0fe0000)
  to   space 768K,   0% used [0x00000000f0e60000, 0x00000000f0e60000, 0x00000000f0f20000)
 tenured generation   total 16028K, used 13503K [0x00000000f5aa0000, 0x00000000f6a47000, 0x0000000100000000)
   the space 16028K,  84% used [0x00000000f5aa0000, 0x00000000f67cffe0, 0x00000000f67d0000, 0x00000000f6a47000)
 Metaspace       used 31287K, capacity 32216K, committed 32384K, reserved 1077248K
  class space    used 3896K, capacity 4140K, committed 4224K, reserved 1048576K
}
Event: 6.111 GC heap before
{Heap before GC invocations=76 (full 2):
 def new generation   total 7296K, used 7177K [0x00000000f0800000, 0x00000000f0fe0000, 0x00000000f5aa0000)
  eden space 6528K, 100% used [0x00000000f0800000, 0x00000000f0e60000, 0x00000000f0e60000)
  from space 768K,  84% used [0x00000000f0f20000, 0x00000000f0fc25f8, 0x00000000f0fe0000)
  to   space 768K,   0% used [0x00000000f0e60000, 0x00000000f0e60000, 0x00000000f0f20000)
 tenured generation   total 16028K, used 13503K [0x00000000f5aa0000, 0x00000000f6a47000, 0x0000000100000000)
   the space 16028K,  84% used [0x00000000f5aa0000, 0x00000000f67cffe0, 0x00000000f67d0000, 0x00000000f6a47000)
 Metaspace       used 31664K, capacity 32574K, committed 32640K, reserved 1077248K
  class space    used 3955K, capacity 4173K, committed 4224K, reserved 1048576K
Event: 6.116 GC heap after
Heap after GC invocations=77 (full 2):
 def new generation   total 7296K, used 616K [0x00000000f0800000, 0x00000000f0fe0000, 0x00000000f5aa0000)
  eden space 6528K,   0% used [0x00000000f0800000, 0x00000000f0800000, 0x00000000f0e60000)
  from space 768K,  80% used [0x00000000f0e60000, 0x00000000f0efa290, 0x00000000f0f20000)
  to   space 768K,   0% used [0x00000000f0f20000, 0x00000000f0f20000, 0x00000000f0fe0000)
 tenured generation   total 16028K, used 13811K [0x00000000f5aa0000, 0x00000000f6a47000, 0x0000000100000000)
   the space 16028K,  86% used [0x00000000f5aa0000, 0x00000000f681ce38, 0x00000000f681d000, 0x00000000f6a47000)
 Metaspace       used 31664K, capacity 32574K, committed 32640K, reserved 1077248K
  class space    used 3955K, capacity 4173K, committed 4224K, reserved 1048576K
}
Event: 6.270 GC heap before
{Heap before GC invocations=77 (full 2):
 def new generation   total 7296K, used 7144K [0x00000000f0800000, 0x00000000f0fe0000, 0x00000000f5aa0000)
  eden space 6528K, 100% used [0x00000000f0800000, 0x00000000f0e60000, 0x00000000f0e60000)
  from space 768K,  80% used [0x00000000f0e60000, 0x00000000f0efa290, 0x00000000f0f20000)
  to   space 768K,   0% used [0x00000000f0f20000, 0x00000000f0f20000, 0x00000000f0fe0000)
 tenured generation   total 16028K, used 13811K [0x00000000f5aa0000, 0x00000000f6a47000, 0x0000000100000000)
   the space 16028K,  86% used [0x00000000f5aa0000, 0x00000000f681ce38, 0x00000000f681d000, 0x00000000f6a47000)
 Metaspace       used 32249K, capacity 33150K, committed 33280K, reserved 1079296K
  class space    used 4019K, capacity 4237K, committed 4352K, reserved 1048576K
Event: 6.273 GC heap after
Heap after GC invocations=78 (full 2):
 def new generation   total 7296K, used 601K [0x00000000f0800000, 0x00000000f0fe0000, 0x00000000f5aa0000)
  eden space 6528K,   0% used [0x00000000f0800000, 0x00000000f0800000, 0x00000000f0e60000)
  from space 768K,  78% used [0x00000000f0f20000, 0x00000000f0fb6798, 0x00000000f0fe0000)
  to   space 768K,   0% used [0x00000000f0e60000, 0x00000000f0e60000, 0x00000000f0f20000)
 tenured generation   total 16028K, used 14091K [0x00000000f5aa0000, 0x00000000f6a47000, 0x0000000100000000)
   the space 16028K,  87% used [0x00000000f5aa0000, 0x00000000f6862d18, 0x00000000f6862e00, 0x00000000f6a47000)
 Metaspace       used 32249K, capacity 33150K, committed 33280K, reserved 1079296K
  class space    used 4019K, capacity 4237K, committed 4352K, reserved 1048576K
}
Event: 6.466 GC heap before
{Heap before GC invocations=78 (full 2):
 def new generation   total 7296K, used 7129K [0x00000000f0800000, 0x00000000f0fe0000, 0x00000000f5aa0000)
  eden space 6528K, 100% used [0x00000000f0800000, 0x00000000f0e60000, 0x00000000f0e60000)
  from space 768K,  78% used [0x00000000f0f20000, 0x00000000f0fb6798, 0x00000000f0fe0000)
  to   space 768K,   0% used [0x00000000f0e60000, 0x00000000f0e60000, 0x00000000f0f20000)
 tenured generation   total 16028K, used 14091K [0x00000000f5aa0000, 0x00000000f6a47000, 0x0000000100000000)
   the space 16028K,  87% used [0x00000000f5aa0000, 0x00000000f6862d18, 0x00000000f6862e00, 0x00000000f6a47000)
 Metaspace       used 32607K, capacity 33518K, committed 33792K, reserved 1079296K
  class space    used 4045K, capacity 4271K, committed 4352K, reserved 1048576K
Event: 6.468 GC heap after
Heap after GC invocations=79 (full 2):
 def new generation   total 7296K, used 350K [0x00000000f0800000, 0x00000000f0fe0000, 0x00000000f5aa0000)
  eden space 6528K,   0% used [0x00000000f0800000, 0x00000000f0800000, 0x00000000f0e60000)
  from space 768K,  45% used [0x00000000f0e60000, 0x00000000f0eb7858, 0x00000000f0f20000)
  to   space 768K,   0% used [0x00000000f0f20000, 0x00000000f0f20000, 0x00000000f0fe0000)
 tenured generation   total 16028K, used 14224K [0x00000000f5aa0000, 0x00000000f6a47000, 0x0000000100000000)
   the space 16028K,  88% used [0x00000000f5aa0000, 0x00000000f6884198, 0x00000000f6884200, 0x00000000f6a47000)
 Metaspace       used 32607K, capacity 33518K, committed 33792K, reserved 1079296K
  class space    used 4045K, capacity 4271K, committed 4352K, reserved 1048576K
}
Event: 6.617 GC heap before
{Heap before GC invocations=79 (full 2):
 def new generation   total 7296K, used 6878K [0x00000000f0800000, 0x00000000f0fe0000, 0x00000000f5aa0000)
  eden space 6528K, 100% used [0x00000000f0800000, 0x00000000f0e60000, 0x00000000f0e60000)
  from space 768K,  45% used [0x00000000f0e60000, 0x00000000f0eb7858, 0x00000000f0f20000)
  to   space 768K,   0% used [0x00000000f0f20000, 0x00000000f0f20000, 0x00000000f0fe0000)
 tenured generation   total 16028K, used 14224K [0x00000000f5aa0000, 0x00000000f6a47000, 0x0000000100000000)
   the space 16028K,  88% used [0x00000000f5aa0000, 0x00000000f6884198, 0x00000000f6884200, 0x00000000f6a47000)
 Metaspace       used 32926K, capacity 33812K, committed 34048K, reserved 1079296K
  class space    used 4075K, capacity 4304K, committed 4352K, reserved 1048576K
Event: 6.620 GC heap after
Heap after GC invocations=80 (full 2):
 def new generation   total 7296K, used 725K [0x00000000f0800000, 0x00000000f0fe0000, 0x00000000f5aa0000)
  eden space 6528K,   0% used [0x00000000f0800000, 0x00000000f0800000, 0x00000000f0e60000)
  from space 768K,  94% used [0x00000000f0f20000, 0x00000000f0fd5400, 0x00000000f0fe0000)
  to   space 768K,   0% used [0x00000000f0e60000, 0x00000000f0e60000, 0x00000000f0f20000)
 tenured generation   total 16028K, used 14224K [0x00000000f5aa0000, 0x00000000f6a47000, 0x0000000100000000)
   the space 16028K,  88% used [0x00000000f5aa0000, 0x00000000f6884198, 0x00000000f6884200, 0x00000000f6a47000)
 Metaspace       used 32926K, capacity 33812K, committed 34048K, reserved 1079296K
  class space    used 4075K, capacity 4304K, committed 4352K, reserved 1048576K
}
Event: 6.762 GC heap before
{Heap before GC invocations=80 (full 2):
 def new generation   total 7296K, used 7253K [0x00000000f0800000, 0x00000000f0fe0000, 0x00000000f5aa0000)
  eden space 6528K, 100% used [0x00000000f0800000, 0x00000000f0e60000, 0x00000000f0e60000)
  from space 768K,  94% used [0x00000000f0f20000, 0x00000000f0fd5400, 0x00000000f0fe0000)
  to   space 768K,   0% used [0x00000000f0e60000, 0x00000000f0e60000, 0x00000000f0f20000)
 tenured generation   total 16028K, used 14224K [0x00000000f5aa0000, 0x00000000f6a47000, 0x0000000100000000)
   the space 16028K,  88% used [0x00000000f5aa0000, 0x00000000f6884198, 0x00000000f6884200, 0x00000000f6a47000)
 Metaspace       used 33319K, capacity 34282K, committed 34304K, reserved 1079296K
  class space    used 4124K, capacity 4345K, committed 4352K, reserved 1048576K
Event: 6.766 GC heap after
Heap after GC invocations=81 (full 2):
 def new generation   total 7296K, used 633K [0x00000000f0800000, 0x00000000f0fe0000, 0x00000000f5aa0000)
  eden space 6528K,   0% used [0x00000000f0800000, 0x00000000f0800000, 0x00000000f0e60000)
  from space 768K,  82% used [0x00000000f0e60000, 0x00000000f0efe5a0, 0x00000000f0f20000)
  to   space 768K,   0% used [0x00000000f0f20000, 0x00000000f0f20000, 0x00000000f0fe0000)
 tenured generation   total 16028K, used 14836K [0x00000000f5aa0000, 0x00000000f6a47000, 0x0000000100000000)
   the space 16028K,  92% used [0x00000000f5aa0000, 0x00000000f691d388, 0x00000000f691d400, 0x00000000f6a47000)
 Metaspace       used 33319K, capacity 34282K, committed 34304K, reserved 1079296K
  class space    used 4124K, capacity 4345K, committed 4352K, reserved 1048576K
}
Event: 6.890 GC heap before
{Heap before GC invocations=81 (full 2):
 def new generation   total 7296K, used 7161K [0x00000000f0800000, 0x00000000f0fe0000, 0x00000000f5aa0000)
  eden space 6528K, 100% used [0x00000000f0800000, 0x00000000f0e60000, 0x00000000f0e60000)
  from space 768K,  82% used [0x00000000f0e60000, 0x00000000f0efe5a0, 0x00000000f0f20000)
  to   space 768K,   0% used [0x00000000f0f20000, 0x00000000f0f20000, 0x00000000f0fe0000)
 tenured generation   total 16028K, used 14836K [0x00000000f5aa0000, 0x00000000f6a47000, 0x0000000100000000)
   the space 16028K,  92% used [0x00000000f5aa0000, 0x00000000f691d388, 0x00000000f691d400, 0x00000000f6a47000)
 Metaspace       used 33551K, capacity 34508K, committed 34688K, reserved 1079296K
  class space    used 4158K, capacity 4388K, committed 4480K, reserved 1048576K
Event: 6.895 GC heap after
Heap after GC invocations=82 (full 2):
 def new generation   total 7296K, used 767K [0x00000000f0800000, 0x00000000f0fe0000, 0x00000000f5aa0000)
  eden space 6528K,   0% used [0x00000000f0800000, 0x00000000f0800000, 0x00000000f0e60000)
  from space 768K,  99% used [0x00000000f0f20000, 0x00000000f0fdfff0, 0x00000000f0fe0000)
  to   space 768K,   0% used [0x00000000f0e60000, 0x00000000f0e60000, 0x00000000f0f20000)
 tenured generation   total 16028K, used 15267K [0x00000000f5aa0000, 0x00000000f6a47000, 0x0000000100000000)
   the space 16028K,  95% used [0x00000000f5aa0000, 0x00000000f6988c88, 0x00000000f6988e00, 0x00000000f6a47000)
 Metaspace       used 33551K, capacity 34508K, committed 34688K, reserved 1079296K
  class space    used 4158K, capacity 4388K, committed 4480K, reserved 1048576K
}
Event: 6.993 GC heap before
{Heap before GC invocations=82 (full 2):
 def new generation   total 7296K, used 7295K [0x00000000f0800000, 0x00000000f0fe0000, 0x00000000f5aa0000)
  eden space 6528K, 100% used [0x00000000f0800000, 0x00000000f0e60000, 0x00000000f0e60000)
  from space 768K,  99% used [0x00000000f0f20000, 0x00000000f0fdfff0, 0x00000000f0fe0000)
  to   space 768K,   0% used [0x00000000f0e60000, 0x00000000f0e60000, 0x00000000f0f20000)
 tenured generation   total 16028K, used 15267K [0x00000000f5aa0000, 0x00000000f6a47000, 0x0000000100000000)
   the space 16028K,  95% used [0x00000000f5aa0000, 0x00000000f6988c88, 0x00000000f6988e00, 0x00000000f6a47000)
 Metaspace       used 33755K, capacity 34756K, committed 34944K, reserved 1079296K
  class space    used 4190K, capacity 4426K, committed 4480K, reserved 1048576K
Event: 7.002 GC heap after
Heap after GC invocations=83 (full 2):
 def new generation   total 7296K, used 336K [0x00000000f0800000, 0x00000000f0fe0000, 0x00000000f5aa0000)
  eden space 6528K,   0% used [0x00000000f0800000, 0x00000000f0800000, 0x00000000f0e60000)
  from space 768K,  43% used [0x00000000f0e60000, 0x00000000f0eb41b0, 0x00000000f0f20000)
  to   space 768K,   0% used [0x00000000f0f20000, 0x00000000f0f20000, 0x00000000f0fe0000)
 tenured generation   total 16028K, used 15941K [0x00000000f5aa0000, 0x00000000f6a47000, 0x0000000100000000)
   the space 16028K,  99% used [0x00000000f5aa0000, 0x00000000f6a315e0, 0x00000000f6a31600, 0x00000000f6a47000)
 Metaspace       used 33755K, capacity 34756K, committed 34944K, reserved 1079296K
  class space    used 4190K, capacity 4426K, committed 4480K, reserved 1048576K
}
Event: 7.117 GC heap before
{Heap before GC invocations=83 (full 2):
 def new generation   total 7296K, used 6864K [0x00000000f0800000, 0x00000000f0fe0000, 0x00000000f5aa0000)
  eden space 6528K, 100% used [0x00000000f0800000, 0x00000000f0e60000, 0x00000000f0e60000)
  from space 768K,  43% used [0x00000000f0e60000, 0x00000000f0eb41b0, 0x00000000f0f20000)
  to   space 768K,   0% used [0x00000000f0f20000, 0x00000000f0f20000, 0x00000000f0fe0000)
 tenured generation   total 16028K, used 15941K [0x00000000f5aa0000, 0x00000000f6a47000, 0x0000000100000000)
   the space 16028K,  99% used [0x00000000f5aa0000, 0x00000000f6a315e0, 0x00000000f6a31600, 0x00000000f6a47000)
 Metaspace       used 33905K, capacity 34934K, committed 35200K, reserved 1079296K
  class space    used 4215K, capacity 4461K, committed 4480K, reserved 1048576K
Event: 7.120 GC heap after
Heap after GC invocations=84 (full 2):
 def new generation   total 7296K, used 568K [0x00000000f0800000, 0x00000000f0fe0000, 0x00000000f5aa0000)
  eden space 6528K,   0% used [0x00000000f0800000, 0x00000000f0800000, 0x00000000f0e60000)
  from space 768K,  73% used [0x00000000f0f20000, 0x00000000f0fae118, 0x00000000f0fe0000)
  to   space 768K,   0% used [0x00000000f0e60000, 0x00000000f0e60000, 0x00000000f0f20000)
 tenured generation   total 16028K, used 15941K [0x00000000f5aa0000, 0x00000000f6a47000, 0x0000000100000000)
   the space 16028K,  99% used [0x00000000f5aa0000, 0x00000000f6a315e0, 0x00000000f6a31600, 0x00000000f6a47000)
 Metaspace       used 33905K, capacity 34934K, committed 35200K, reserved 1079296K
  class space    used 4215K, capacity 4461K, committed 4480K, reserved 1048576K
}
Event: 7.202 GC heap before
{Heap before GC invocations=84 (full 2):
 def new generation   total 7296K, used 7096K [0x00000000f0800000, 0x00000000f0fe0000, 0x00000000f5aa0000)
  eden space 6528K, 100% used [0x00000000f0800000, 0x00000000f0e60000, 0x00000000f0e60000)
  from space 768K,  73% used [0x00000000f0f20000, 0x00000000f0fae118, 0x00000000f0fe0000)
  to   space 768K,   0% used [0x00000000f0e60000, 0x00000000f0e60000, 0x00000000f0f20000)
 tenured generation   total 16028K, used 15941K [0x00000000f5aa0000, 0x00000000f6a47000, 0x0000000100000000)
   the space 16028K,  99% used [0x00000000f5aa0000, 0x00000000f6a315e0, 0x00000000f6a31600, 0x00000000f6a47000)
 Metaspace       used 33969K, capacity 35006K, committed 35200K, reserved 1079296K
  class space    used 4223K, capacity 4461K, committed 4480K, reserved 1048576K
Event: 7.268 GC heap after
Heap after GC invocations=85 (full 3):
 def new generation   total 11840K, used 0K [0x00000000f0800000, 0x00000000f14d0000, 0x00000000f5aa0000)
  eden space 10560K,   0% used [0x00000000f0800000, 0x00000000f0800000, 0x00000000f1250000)
  from space 1280K,   0% used [0x00000000f1250000, 0x00000000f1250000, 0x00000000f1390000)
  to   space 1280K,   0% used [0x00000000f1390000, 0x00000000f1390000, 0x00000000f14d0000)
 tenured generation   total 26208K, used 15724K [0x00000000f5aa0000, 0x00000000f7438000, 0x0000000100000000)
   the space 26208K,  59% used [0x00000000f5aa0000, 0x00000000f69fb2f0, 0x00000000f69fb400, 0x00000000f7438000)
 Metaspace       used 33969K, capacity 35006K, committed 35200K, reserved 1079296K
  class space    used 4223K, capacity 4461K, committed 4480K, reserved 1048576K
}
Event: 7.556 GC heap before
{Heap before GC invocations=85 (full 3):
 def new generation   total 11840K, used 10560K [0x00000000f0800000, 0x00000000f14d0000, 0x00000000f5aa0000)
  eden space 10560K, 100% used [0x00000000f0800000, 0x00000000f1250000, 0x00000000f1250000)
  from space 1280K,   0% used [0x00000000f1250000, 0x00000000f1250000, 0x00000000f1390000)
  to   space 1280K,   0% used [0x00000000f1390000, 0x00000000f1390000, 0x00000000f14d0000)
 tenured generation   total 26208K, used 15724K [0x00000000f5aa0000, 0x00000000f7438000, 0x0000000100000000)
   the space 26208K,  59% used [0x00000000f5aa0000, 0x00000000f69fb2f0, 0x00000000f69fb400, 0x00000000f7438000)
 Metaspace       used 34391K, capacity 35476K, committed 35584K, reserved 1081344K
  class space    used 4288K, capacity 4520K, committed 4608K, reserved 1048576K
Event: 7.561 GC heap after
Heap after GC invocations=86 (full 3):
 def new generation   total 11840K, used 844K [0x00000000f0800000, 0x00000000f14d0000, 0x00000000f5aa0000)
  eden space 10560K,   0% used [0x00000000f0800000, 0x00000000f0800000, 0x00000000f1250000)
  from space 1280K,  65% used [0x00000000f1390000, 0x00000000f14631b8, 0x00000000f14d0000)
  to   space 1280K,   0% used [0x00000000f1250000, 0x00000000f1250000, 0x00000000f1390000)
 tenured generation   total 26208K, used 15724K [0x00000000f5aa0000, 0x00000000f7438000, 0x0000000100000000)
   the space 26208K,  59% used [0x00000000f5aa0000, 0x00000000f69fb2f0, 0x00000000f69fb400, 0x00000000f7438000)
 Metaspace       used 34391K, capacity 35476K, committed 35584K, reserved 1081344K
  class space    used 4288K, capacity 4520K, committed 4608K, reserved 1048576K
}
Event: 7.795 GC heap before
{Heap before GC invocations=86 (full 3):
 def new generation   total 11840K, used 11390K [0x00000000f0800000, 0x00000000f14d0000, 0x00000000f5aa0000)
  eden space 10560K,  99% used [0x00000000f0800000, 0x00000000f124c670, 0x00000000f1250000)
  from space 1280K,  65% used [0x00000000f1390000, 0x00000000f14631b8, 0x00000000f14d0000)
  to   space 1280K,   0% used [0x00000000f1250000, 0x00000000f1250000, 0x00000000f1390000)
 tenured generation   total 26208K, used 15724K [0x00000000f5aa0000, 0x00000000f7438000, 0x0000000100000000)
   the space 26208K,  59% used [0x00000000f5aa0000, 0x00000000f69fb2f0, 0x00000000f69fb400, 0x00000000f7438000)
 Metaspace       used 34900K, capacity 36016K, committed 36096K, reserved 1081344K
  class space    used 4339K, capacity 4590K, committed 4608K, reserved 1048576K
Event: 7.804 GC heap after
Heap after GC invocations=87 (full 3):
 def new generation   total 11840K, used 515K [0x00000000f0800000, 0x00000000f14d0000, 0x00000000f5aa0000)
  eden space 10560K,   0% used [0x00000000f0800000, 0x00000000f0800000, 0x00000000f1250000)
  from space 1280K,  40% used [0x00000000f1250000, 0x00000000f12d0e58, 0x00000000f1390000)
  to   space 1280K,   0% used [0x00000000f1390000, 0x00000000f1390000, 0x00000000f14d0000)
 tenured generation   total 26208K, used 16324K [0x00000000f5aa0000, 0x00000000f7438000, 0x0000000100000000)
   the space 26208K,  62% used [0x00000000f5aa0000, 0x00000000f6a910a0, 0x00000000f6a91200, 0x00000000f7438000)
 Metaspace       used 34900K, capacity 36016K, committed 36096K, reserved 1081344K
  class space    used 4339K, capacity 4590K, committed 4608K, reserved 1048576K
}
Event: 8.041 GC heap before
{Heap before GC invocations=87 (full 3):
 def new generation   total 11840K, used 11075K [0x00000000f0800000, 0x00000000f14d0000, 0x00000000f5aa0000)
  eden space 10560K, 100% used [0x00000000f0800000, 0x00000000f1250000, 0x00000000f1250000)
  from space 1280K,  40% used [0x00000000f1250000, 0x00000000f12d0e58, 0x00000000f1390000)
  to   space 1280K,   0% used [0x00000000f1390000, 0x00000000f1390000, 0x00000000f14d0000)
 tenured generation   total 26208K, used 16324K [0x00000000f5aa0000, 0x00000000f7438000, 0x0000000100000000)
   the space 26208K,  62% used [0x00000000f5aa0000, 0x00000000f6a910a0, 0x00000000f6a91200, 0x00000000f7438000)
 Metaspace       used 36543K, capacity 37678K, committed 37760K, reserved 1083392K
  class space    used 4484K, capacity 4731K, committed 4736K, reserved 1048576K
Event: 8.045 GC heap after
Heap after GC invocations=88 (full 3):
 def new generation   total 11840K, used 1279K [0x00000000f0800000, 0x00000000f14d0000, 0x00000000f5aa0000)
  eden space 10560K,   0% used [0x00000000f0800000, 0x00000000f0800000, 0x00000000f1250000)
  from space 1280K,  99% used [0x00000000f1390000, 0x00000000f14cfff8, 0x00000000f14d0000)
  to   space 1280K,   0% used [0x00000000f1250000, 0x00000000f1250000, 0x00000000f1390000)
 tenured generation   total 26208K, used 16764K [0x00000000f5aa0000, 0x00000000f7438000, 0x0000000100000000)
   the space 26208K,  63% used [0x00000000f5aa0000, 0x00000000f6aff170, 0x00000000f6aff200, 0x00000000f7438000)
 Metaspace       used 36543K, capacity 37678K, committed 37760K, reserved 1083392K
  class space    used 4484K, capacity 4731K, committed 4736K, reserved 1048576K
}
Event: 8.407 GC heap before
{Heap before GC invocations=88 (full 3):
 def new generation   total 11840K, used 11839K [0x00000000f0800000, 0x00000000f14d0000, 0x00000000f5aa0000)
  eden space 10560K, 100% used [0x00000000f0800000, 0x00000000f1250000, 0x00000000f1250000)
  from space 1280K,  99% used [0x00000000f1390000, 0x00000000f14cfff8, 0x00000000f14d0000)
  to   space 1280K,   0% used [0x00000000f1250000, 0x00000000f1250000, 0x00000000f1390000)
 tenured generation   total 26208K, used 16764K [0x00000000f5aa0000, 0x00000000f7438000, 0x0000000100000000)
   the space 26208K,  63% used [0x00000000f5aa0000, 0x00000000f6aff170, 0x00000000f6aff200, 0x00000000f7438000)
 Metaspace       used 38422K, capacity 39630K, committed 39808K, reserved 1083392K
  class space    used 4687K, capacity 4968K, committed 4992K, reserved 1048576K
Event: 8.416 GC heap after
Heap after GC invocations=89 (full 3):
 def new generation   total 11840K, used 1280K [0x00000000f0800000, 0x00000000f14d0000, 0x00000000f5aa0000)
  eden space 10560K,   0% used [0x00000000f0800000, 0x00000000f0800000, 0x00000000f1250000)
  from space 1280K, 100% used [0x00000000f1250000, 0x00000000f1390000, 0x00000000f1390000)
  to   space 1280K,   0% used [0x00000000f1390000, 0x00000000f1390000, 0x00000000f14d0000)
 tenured generation   total 26208K, used 18841K [0x00000000f5aa0000, 0x00000000f7438000, 0x0000000100000000)
   the space 26208K,  71% used [0x00000000f5aa0000, 0x00000000f6d06698, 0x00000000f6d06800, 0x00000000f7438000)
 Metaspace       used 38422K, capacity 39630K, committed 39808K, reserved 1083392K
  class space    used 4687K, capacity 4968K, committed 4992K, reserved 1048576K
}
Event: 8.831 GC heap before
{Heap before GC invocations=89 (full 3):
 def new generation   total 11840K, used 11840K [0x00000000f0800000, 0x00000000f14d0000, 0x00000000f5aa0000)
  eden space 10560K, 100% used [0x00000000f0800000, 0x00000000f1250000, 0x00000000f1250000)
  from space 1280K, 100% used [0x00000000f1250000, 0x00000000f1390000, 0x00000000f1390000)
  to   space 1280K,   0% used [0x00000000f1390000, 0x00000000f1390000, 0x00000000f14d0000)
 tenured generation   total 26208K, used 18841K [0x00000000f5aa0000, 0x00000000f7438000, 0x0000000100000000)
   the space 26208K,  71% used [0x00000000f5aa0000, 0x00000000f6d06698, 0x00000000f6d06800, 0x00000000f7438000)
 Metaspace       used 40290K, capacity 41600K, committed 41856K, reserved 1085440K
  class space    used 4882K, capacity 5172K, committed 5248K, reserved 1048576K
Event: 8.837 GC heap after
Heap after GC invocations=90 (full 3):
 def new generation   total 11840K, used 1279K [0x00000000f0800000, 0x00000000f14d0000, 0x00000000f5aa0000)
  eden space 10560K,   0% used [0x00000000f0800000, 0x00000000f0800000, 0x00000000f1250000)
  from space 1280K,  99% used [0x00000000f1390000, 0x00000000f14cfff8, 0x00000000f14d0000)
  to   space 1280K,   0% used [0x00000000f1250000, 0x00000000f1250000, 0x00000000f1390000)
 tenured generation   total 26208K, used 20250K [0x00000000f5aa0000, 0x00000000f7438000, 0x0000000100000000)
   the space 26208K,  77% used [0x00000000f5aa0000, 0x00000000f6e669c0, 0x00000000f6e66a00, 0x00000000f7438000)
 Metaspace       used 40290K, capacity 41600K, committed 41856K, reserved 1085440K
  class space    used 4882K, capacity 5172K, committed 5248K, reserved 1048576K
}
Event: 8.974 GC heap before
{Heap before GC invocations=90 (full 3):
 def new generation   total 11840K, used 11839K [0x00000000f0800000, 0x00000000f14d0000, 0x00000000f5aa0000)
  eden space 10560K, 100% used [0x00000000f0800000, 0x00000000f1250000, 0x00000000f1250000)
  from space 1280K,  99% used [0x00000000f1390000, 0x00000000f14cfff8, 0x00000000f14d0000)
  to   space 1280K,   0% used [0x00000000f1250000, 0x00000000f1250000, 0x00000000f1390000)
 tenured generation   total 26208K, used 20250K [0x00000000f5aa0000, 0x00000000f7438000, 0x0000000100000000)
   the space 26208K,  77% used [0x00000000f5aa0000, 0x00000000f6e669c0, 0x00000000f6e66a00, 0x00000000f7438000)
 Metaspace       used 40712K, capacity 41964K, committed 42112K, reserved 1085440K
  class space    used 4911K, capacity 5206K, committed 5248K, reserved 1048576K
Event: 8.980 GC heap after
Heap after GC invocations=91 (full 3):
 def new generation   total 11840K, used 860K [0x00000000f0800000, 0x00000000f14d0000, 0x00000000f5aa0000)
  eden space 10560K,   0% used [0x00000000f0800000, 0x00000000f0800000, 0x00000000f1250000)
  from space 1280K,  67% used [0x00000000f1250000, 0x00000000f1327190, 0x00000000f1390000)
  to   space 1280K,   0% used [0x00000000f1390000, 0x00000000f1390000, 0x00000000f14d0000)
 tenured generation   total 26208K, used 21362K [0x00000000f5aa0000, 0x00000000f7438000, 0x0000000100000000)
   the space 26208K,  81% used [0x00000000f5aa0000, 0x00000000f6f7c8f8, 0x00000000f6f7ca00, 0x00000000f7438000)
 Metaspace       used 40712K, capacity 41964K, committed 42112K, reserved 1085440K
  class space    used 4911K, capacity 5206K, committed 5248K, reserved 1048576K
}
Event: 9.120 GC heap before
{Heap before GC invocations=91 (full 3):
 def new generation   total 11840K, used 11419K [0x00000000f0800000, 0x00000000f14d0000, 0x00000000f5aa0000)
  eden space 10560K,  99% used [0x00000000f0800000, 0x00000000f124fc20, 0x00000000f1250000)
  from space 1280K,  67% used [0x00000000f1250000, 0x00000000f1327190, 0x00000000f1390000)
  to   space 1280K,   0% used [0x00000000f1390000, 0x00000000f1390000, 0x00000000f14d0000)
 tenured generation   total 26208K, used 21362K [0x00000000f5aa0000, 0x00000000f7438000, 0x0000000100000000)
   the space 26208K,  81% used [0x00000000f5aa0000, 0x00000000f6f7c8f8, 0x00000000f6f7ca00, 0x00000000f7438000)
 Metaspace       used 41453K, capacity 42708K, committed 43008K, reserved 1087488K
  class space    used 5009K, capacity 5304K, committed 5376K, reserved 1048576K
Event: 9.123 GC heap after
Heap after GC invocations=92 (full 3):
 def new generation   total 11840K, used 867K [0x00000000f0800000, 0x00000000f14d0000, 0x00000000f5aa0000)
  eden space 10560K,   0% used [0x00000000f0800000, 0x00000000f0800000, 0x00000000f1250000)
  from space 1280K,  67% used [0x00000000f1390000, 0x00000000f1468ec8, 0x00000000f14d0000)
  to   space 1280K,   0% used [0x00000000f1250000, 0x00000000f1250000, 0x00000000f1390000)
 tenured generation   total 26208K, used 21723K [0x00000000f5aa0000, 0x00000000f7438000, 0x0000000100000000)
   the space 26208K,  82% used [0x00000000f5aa0000, 0x00000000f6fd6cd0, 0x00000000f6fd6e00, 0x00000000f7438000)
 Metaspace       used 41453K, capacity 42708K, committed 43008K, reserved 1087488K
  class space    used 5009K, capacity 5304K, committed 5376K, reserved 1048576K
}
Event: 9.239 GC heap before
{Heap before GC invocations=92 (full 3):
 def new generation   total 11840K, used 11427K [0x00000000f0800000, 0x00000000f14d0000, 0x00000000f5aa0000)
  eden space 10560K, 100% used [0x00000000f0800000, 0x00000000f1250000, 0x00000000f1250000)
  from space 1280K,  67% used [0x00000000f1390000, 0x00000000f1468ec8, 0x00000000f14d0000)
  to   space 1280K,   0% used [0x00000000f1250000, 0x00000000f1250000, 0x00000000f1390000)
 tenured generation   total 26208K, used 21723K [0x00000000f5aa0000, 0x00000000f7438000, 0x0000000100000000)
   the space 26208K,  82% used [0x00000000f5aa0000, 0x00000000f6fd6cd0, 0x00000000f6fd6e00, 0x00000000f7438000)
 Metaspace       used 41945K, capacity 43276K, committed 43648K, reserved 1087488K
  class space    used 5116K, capacity 5404K, committed 5504K, reserved 1048576K
Event: 9.242 GC heap after
Heap after GC invocations=93 (full 3):
 def new generation   total 11840K, used 771K [0x00000000f0800000, 0x00000000f14d0000, 0x00000000f5aa0000)
  eden space 10560K,   0% used [0x00000000f0800000, 0x00000000f0800000, 0x00000000f1250000)
  from space 1280K,  60% used [0x00000000f1250000, 0x00000000f1310f90, 0x00000000f1390000)
  to   space 1280K,   0% used [0x00000000f1390000, 0x00000000f1390000, 0x00000000f14d0000)
 tenured generation   total 26208K, used 22135K [0x00000000f5aa0000, 0x00000000f7438000, 0x0000000100000000)
   the space 26208K,  84% used [0x00000000f5aa0000, 0x00000000f703dd10, 0x00000000f703de00, 0x00000000f7438000)
 Metaspace       used 41945K, capacity 43276K, committed 43648K, reserved 1087488K
  class space    used 5116K, capacity 5404K, committed 5504K, reserved 1048576K
}
Event: 9.466 GC heap before
{Heap before GC invocations=93 (full 3):
 def new generation   total 11840K, used 11331K [0x00000000f0800000, 0x00000000f14d0000, 0x00000000f5aa0000)
  eden space 10560K, 100% used [0x00000000f0800000, 0x00000000f1250000, 0x00000000f1250000)
  from space 1280K,  60% used [0x00000000f1250000, 0x00000000f1310f90, 0x00000000f1390000)
  to   space 1280K,   0% used [0x00000000f1390000, 0x00000000f1390000, 0x00000000f14d0000)
 tenured generation   total 26208K, used 22135K [0x00000000f5aa0000, 0x00000000f7438000, 0x0000000100000000)
   the space 26208K,  84% used [0x00000000f5aa0000, 0x00000000f703dd10, 0x00000000f703de00, 0x00000000f7438000)
 Metaspace       used 43075K, capacity 44366K, committed 44544K, reserved 1087488K
  class space    used 5322K, capacity 5597K, committed 5632K, reserved 1048576K
Event: 9.475 GC heap after
Heap after GC invocations=94 (full 3):
 def new generation   total 11840K, used 1279K [0x00000000f0800000, 0x00000000f14d0000, 0x00000000f5aa0000)
  eden space 10560K,   0% used [0x00000000f0800000, 0x00000000f0800000, 0x00000000f1250000)
  from space 1280K,  99% used [0x00000000f1390000, 0x00000000f14cff18, 0x00000000f14d0000)
  to   space 1280K,   0% used [0x00000000f1250000, 0x00000000f1250000, 0x00000000f1390000)
 tenured generation   total 26208K, used 22482K [0x00000000f5aa0000, 0x00000000f7438000, 0x0000000100000000)
   the space 26208K,  85% used [0x00000000f5aa0000, 0x00000000f7094800, 0x00000000f7094800, 0x00000000f7438000)
 Metaspace       used 43075K, capacity 44366K, committed 44544K, reserved 1087488K
  class space    used 5322K, capacity 5597K, committed 5632K, reserved 1048576K
}
Event: 9.676 GC heap before
{Heap before GC invocations=94 (full 3):
 def new generation   total 11840K, used 11839K [0x00000000f0800000, 0x00000000f14d0000, 0x00000000f5aa0000)
  eden space 10560K, 100% used [0x00000000f0800000, 0x00000000f1250000, 0x00000000f1250000)
  from space 1280K,  99% used [0x00000000f1390000, 0x00000000f14cff18, 0x00000000f14d0000)
  to   space 1280K,   0% used [0x00000000f1250000, 0x00000000f1250000, 0x00000000f1390000)
 tenured generation   total 26208K, used 22482K [0x00000000f5aa0000, 0x00000000f7438000, 0x0000000100000000)
   the space 26208K,  85% used [0x00000000f5aa0000, 0x00000000f7094800, 0x00000000f7094800, 0x00000000f7438000)
 Metaspace       used 44128K, capacity 45440K, committed 45568K, reserved 1089536K
  class space    used 5525K, capacity 5824K, committed 5888K, reserved 1048576K
Event: 9.680 GC heap after
Heap after GC invocations=95 (full 3):
 def new generation   total 11840K, used 1279K [0x00000000f0800000, 0x00000000f14d0000, 0x00000000f5aa0000)
  eden space 10560K,   0% used [0x00000000f0800000, 0x00000000f0800000, 0x00000000f1250000)
  from space 1280K,  99% used [0x00000000f1250000, 0x00000000f138ff60, 0x00000000f1390000)
  to   space 1280K,   0% used [0x00000000f1390000, 0x00000000f1390000, 0x00000000f14d0000)
 tenured generation   total 26208K, used 22711K [0x00000000f5aa0000, 0x00000000f7438000, 0x0000000100000000)
   the space 26208K,  86% used [0x00000000f5aa0000, 0x00000000f70cdf60, 0x00000000f70ce000, 0x00000000f7438000)
 Metaspace       used 44128K, capacity 45440K, committed 45568K, reserved 1089536K
  class space    used 5525K, capacity 5824K, committed 5888K, reserved 1048576K
}
Event: 9.902 GC heap before
{Heap before GC invocations=95 (full 3):
 def new generation   total 11840K, used 11839K [0x00000000f0800000, 0x00000000f14d0000, 0x00000000f5aa0000)
  eden space 10560K, 100% used [0x00000000f0800000, 0x00000000f1250000, 0x00000000f1250000)
  from space 1280K,  99% used [0x00000000f1250000, 0x00000000f138ff60, 0x00000000f1390000)
  to   space 1280K,   0% used [0x00000000f1390000, 0x00000000f1390000, 0x00000000f14d0000)
 tenured generation   total 26208K, used 22711K [0x00000000f5aa0000, 0x00000000f7438000, 0x0000000100000000)
   the space 26208K,  86% used [0x00000000f5aa0000, 0x00000000f70cdf60, 0x00000000f70ce000, 0x00000000f7438000)
 Metaspace       used 45523K, capacity 46780K, committed 47104K, reserved 1089536K
  class space    used 5764K, capacity 6058K, committed 6144K, reserved 1048576K
Event: 9.907 GC heap after
Heap after GC invocations=96 (full 3):
 def new generation   total 11840K, used 1274K [0x00000000f0800000, 0x00000000f14d0000, 0x00000000f5aa0000)
  eden space 10560K,   0% used [0x00000000f0800000, 0x00000000f0800000, 0x00000000f1250000)
  from space 1280K,  99% used [0x00000000f1390000, 0x00000000f14ce9e8, 0x00000000f14d0000)
  to   space 1280K,   0% used [0x00000000f1250000, 0x00000000f1250000, 0x00000000f1390000)
 tenured generation   total 26208K, used 23127K [0x00000000f5aa0000, 0x00000000f7438000, 0x0000000100000000)
   the space 26208K,  88% used [0x00000000f5aa0000, 0x00000000f7135e28, 0x00000000f7136000, 0x00000000f7438000)
 Metaspace       used 45523K, capacity 46780K, committed 47104K, reserved 1089536K
  class space    used 5764K, capacity 6058K, committed 6144K, reserved 1048576K
}
Event: 10.162 GC heap before
{Heap before GC invocations=96 (full 3):
 def new generation   total 11840K, used 11834K [0x00000000f0800000, 0x00000000f14d0000, 0x00000000f5aa0000)
  eden space 10560K, 100% used [0x00000000f0800000, 0x00000000f1250000, 0x00000000f1250000)
  from space 1280K,  99% used [0x00000000f1390000, 0x00000000f14ce9e8, 0x00000000f14d0000)
  to   space 1280K,   0% used [0x00000000f1250000, 0x00000000f1250000, 0x00000000f1390000)
 tenured generation   total 26208K, used 23127K [0x00000000f5aa0000, 0x00000000f7438000, 0x0000000100000000)
   the space 26208K,  88% used [0x00000000f5aa0000, 0x00000000f7135e28, 0x00000000f7136000, 0x00000000f7438000)
 Metaspace       used 46668K, capacity 47970K, committed 48256K, reserved 1091584K
  class space    used 5932K, capacity 6219K, committed 6272K, reserved 1048576K
Event: 10.167 GC heap after
Heap after GC invocations=97 (full 3):
 def new generation   total 11840K, used 1140K [0x00000000f0800000, 0x00000000f14d0000, 0x00000000f5aa0000)
  eden space 10560K,   0% used [0x00000000f0800000, 0x00000000f0800000, 0x00000000f1250000)
  from space 1280K,  89% used [0x00000000f1250000, 0x00000000f136d368, 0x00000000f1390000)
  to   space 1280K,   0% used [0x00000000f1390000, 0x00000000f1390000, 0x00000000f14d0000)
 tenured generation   total 26208K, used 23299K [0x00000000f5aa0000, 0x00000000f7438000, 0x0000000100000000)
   the space 26208K,  88% used [0x00000000f5aa0000, 0x00000000f7160cb8, 0x00000000f7160e00, 0x00000000f7438000)
 Metaspace       used 46668K, capacity 47970K, committed 48256K, reserved 1091584K
  class space    used 5932K, capacity 6219K, committed 6272K, reserved 1048576K
}
Event: 10.387 GC heap before
{Heap before GC invocations=97 (full 3):
 def new generation   total 11840K, used 11700K [0x00000000f0800000, 0x00000000f14d0000, 0x00000000f5aa0000)
  eden space 10560K, 100% used [0x00000000f0800000, 0x00000000f1250000, 0x00000000f1250000)
  from space 1280K,  89% used [0x00000000f1250000, 0x00000000f136d368, 0x00000000f1390000)
  to   space 1280K,   0% used [0x00000000f1390000, 0x00000000f1390000, 0x00000000f14d0000)
 tenured generation   total 26208K, used 23299K [0x00000000f5aa0000, 0x00000000f7438000, 0x0000000100000000)
   the space 26208K,  88% used [0x00000000f5aa0000, 0x00000000f7160cb8, 0x00000000f7160e00, 0x00000000f7438000)
 Metaspace       used 47789K, capacity 49096K, committed 49408K, reserved 1091584K
  class space    used 6091K, capacity 6380K, committed 6400K, reserved 1048576K
Event: 10.395 GC heap after
Heap after GC invocations=98 (full 3):
 def new generation   total 11840K, used 1062K [0x00000000f0800000, 0x00000000f14d0000, 0x00000000f5aa0000)
  eden space 10560K,   0% used [0x00000000f0800000, 0x00000000f0800000, 0x00000000f1250000)
  from space 1280K,  83% used [0x00000000f1390000, 0x00000000f1499b38, 0x00000000f14d0000)
  to   space 1280K,   0% used [0x00000000f1250000, 0x00000000f1250000, 0x00000000f1390000)
 tenured generation   total 26208K, used 23594K [0x00000000f5aa0000, 0x00000000f7438000, 0x0000000100000000)
   the space 26208K,  90% used [0x00000000f5aa0000, 0x00000000f71aab78, 0x00000000f71aac00, 0x00000000f7438000)
 Metaspace       used 47789K, capacity 49096K, committed 49408K, reserved 1091584K
  class space    used 6091K, capacity 6380K, committed 6400K, reserved 1048576K
}
Event: 10.618 GC heap before
{Heap before GC invocations=98 (full 3):
 def new generation   total 11840K, used 11622K [0x00000000f0800000, 0x00000000f14d0000, 0x00000000f5aa0000)
  eden space 10560K, 100% used [0x00000000f0800000, 0x00000000f1250000, 0x00000000f1250000)
  from space 1280K,  83% used [0x00000000f1390000, 0x00000000f1499b38, 0x00000000f14d0000)
  to   space 1280K,   0% used [0x00000000f1250000, 0x00000000f1250000, 0x00000000f1390000)
 tenured generation   total 26208K, used 23594K [0x00000000f5aa0000, 0x00000000f7438000, 0x0000000100000000)
   the space 26208K,  90% used [0x00000000f5aa0000, 0x00000000f71aab78, 0x00000000f71aac00, 0x00000000f7438000)
 Metaspace       used 48920K, capacity 50196K, committed 50560K, reserved 1093632K
  class space    used 6233K, capacity 6510K, committed 6528K, reserved 1048576K
Event: 10.623 GC heap after
Heap after GC invocations=99 (full 3):
 def new generation   total 11840K, used 1155K [0x00000000f0800000, 0x00000000f14d0000, 0x00000000f5aa0000)
  eden space 10560K,   0% used [0x00000000f0800000, 0x00000000f0800000, 0x00000000f1250000)
  from space 1280K,  90% used [0x00000000f1250000, 0x00000000f1370ef8, 0x00000000f1390000)
  to   space 1280K,   0% used [0x00000000f1390000, 0x00000000f1390000, 0x00000000f14d0000)
 tenured generation   total 26208K, used 23777K [0x00000000f5aa0000, 0x00000000f7438000, 0x0000000100000000)
   the space 26208K,  90% used [0x00000000f5aa0000, 0x00000000f71d8600, 0x00000000f71d8600, 0x00000000f7438000)
 Metaspace       used 48920K, capacity 50196K, committed 50560K, reserved 1093632K
  class space    used 6233K, capacity 6510K, committed 6528K, reserved 1048576K
}
Event: 10.899 GC heap before
{Heap before GC invocations=99 (full 3):
 def new generation   total 11840K, used 11715K [0x00000000f0800000, 0x00000000f14d0000, 0x00000000f5aa0000)
  eden space 10560K, 100% used [0x00000000f0800000, 0x00000000f1250000, 0x00000000f1250000)
  from space 1280K,  90% used [0x00000000f1250000, 0x00000000f1370ef8, 0x00000000f1390000)
  to   space 1280K,   0% used [0x00000000f1390000, 0x00000000f1390000, 0x00000000f14d0000)
 tenured generation   total 26208K, used 23777K [0x00000000f5aa0000, 0x00000000f7438000, 0x0000000100000000)
   the space 26208K,  90% used [0x00000000f5aa0000, 0x00000000f71d8600, 0x00000000f71d8600, 0x00000000f7438000)
 Metaspace       used 49832K, capacity 51190K, committed 51456K, reserved 1093632K
  class space    used 6345K, capacity 6619K, committed 6656K, reserved 1048576K
Event: 10.903 GC heap after
Heap after GC invocations=100 (full 3):
 def new generation   total 11840K, used 989K [0x00000000f0800000, 0x00000000f14d0000, 0x00000000f5aa0000)
  eden space 10560K,   0% used [0x00000000f0800000, 0x00000000f0800000, 0x00000000f1250000)
  from space 1280K,  77% used [0x00000000f1390000, 0x00000000f1487780, 0x00000000f14d0000)
  to   space 1280K,   0% used [0x00000000f1250000, 0x00000000f1250000, 0x00000000f1390000)
 tenured generation   total 26208K, used 24037K [0x00000000f5aa0000, 0x00000000f7438000, 0x0000000100000000)
   the space 26208K,  91% used [0x00000000f5aa0000, 0x00000000f7219458, 0x00000000f7219600, 0x00000000f7438000)
 Metaspace       used 49832K, capacity 51190K, committed 51456K, reserved 1093632K
  class space    used 6345K, capacity 6619K, committed 6656K, reserved 1048576K
}
Event: 11.065 GC heap before
{Heap before GC invocations=100 (full 3):
 def new generation   total 11840K, used 11549K [0x00000000f0800000, 0x00000000f14d0000, 0x00000000f5aa0000)
  eden space 10560K, 100% used [0x00000000f0800000, 0x00000000f1250000, 0x00000000f1250000)
  from space 1280K,  77% used [0x00000000f1390000, 0x00000000f1487780, 0x00000000f14d0000)
  to   space 1280K,   0% used [0x00000000f1250000, 0x00000000f1250000, 0x00000000f1390000)
 tenured generation   total 26208K, used 24037K [0x00000000f5aa0000, 0x00000000f7438000, 0x0000000100000000)
   the space 26208K,  91% used [0x00000000f5aa0000, 0x00000000f7219458, 0x00000000f7219600, 0x00000000f7438000)
 Metaspace       used 51116K, capacity 52520K, committed 52736K, reserved 1095680K
  class space    used 6596K, capacity 6910K, committed 6912K, reserved 1048576K
Event: 11.071 GC heap after
Heap after GC invocations=101 (full 3):
 def new generation   total 11840K, used 1149K [0x00000000f0800000, 0x00000000f14d0000, 0x00000000f5aa0000)
  eden space 10560K,   0% used [0x00000000f0800000, 0x00000000f0800000, 0x00000000f1250000)
  from space 1280K,  89% used [0x00000000f1250000, 0x00000000f136f578, 0x00000000f1390000)
  to   space 1280K,   0% used [0x00000000f1390000, 0x00000000f1390000, 0x00000000f14d0000)
 tenured generation   total 26208K, used 24322K [0x00000000f5aa0000, 0x00000000f7438000, 0x0000000100000000)
   the space 26208K,  92% used [0x00000000f5aa0000, 0x00000000f7260940, 0x00000000f7260a00, 0x00000000f7438000)
 Metaspace       used 51116K, capacity 52520K, committed 52736K, reserved 1095680K
  class space    used 6596K, capacity 6910K, committed 6912K, reserved 1048576K
}
Event: 11.242 GC heap before
{Heap before GC invocations=101 (full 3):
 def new generation   total 11840K, used 11709K [0x00000000f0800000, 0x00000000f14d0000, 0x00000000f5aa0000)
  eden space 10560K, 100% used [0x00000000f0800000, 0x00000000f1250000, 0x00000000f1250000)
  from space 1280K,  89% used [0x00000000f1250000, 0x00000000f136f578, 0x00000000f1390000)
  to   space 1280K,   0% used [0x00000000f1390000, 0x00000000f1390000, 0x00000000f14d0000)
 tenured generation   total 26208K, used 24322K [0x00000000f5aa0000, 0x00000000f7438000, 0x0000000100000000)
   the space 26208K,  92% used [0x00000000f5aa0000, 0x00000000f7260940, 0x00000000f7260a00, 0x00000000f7438000)
 Metaspace       used 52293K, capacity 53714K, committed 54016K, reserved 1095680K
  class space    used 6799K, capacity 7109K, committed 7168K, reserved 1048576K
Event: 11.246 GC heap after
Heap after GC invocations=102 (full 3):
 def new generation   total 11840K, used 1272K [0x00000000f0800000, 0x00000000f14d0000, 0x00000000f5aa0000)
  eden space 10560K,   0% used [0x00000000f0800000, 0x00000000f0800000, 0x00000000f1250000)
  from space 1280K,  99% used [0x00000000f1390000, 0x00000000f14ce070, 0x00000000f14d0000)
  to   space 1280K,   0% used [0x00000000f1250000, 0x00000000f1250000, 0x00000000f1390000)
 tenured generation   total 26208K, used 24488K [0x00000000f5aa0000, 0x00000000f7438000, 0x0000000100000000)
   the space 26208K,  93% used [0x00000000f5aa0000, 0x00000000f728a050, 0x00000000f728a200, 0x00000000f7438000)
 Metaspace       used 52293K, capacity 53714K, committed 54016K, reserved 1095680K
  class space    used 6799K, capacity 7109K, committed 7168K, reserved 1048576K
}
Event: 11.499 GC heap before
{Heap before GC invocations=102 (full 3):
 def new generation   total 11840K, used 11832K [0x00000000f0800000, 0x00000000f14d0000, 0x00000000f5aa0000)
  eden space 10560K, 100% used [0x00000000f0800000, 0x00000000f1250000, 0x00000000f1250000)
  from space 1280K,  99% used [0x00000000f1390000, 0x00000000f14ce070, 0x00000000f14d0000)
  to   space 1280K,   0% used [0x00000000f1250000, 0x00000000f1250000, 0x00000000f1390000)
 tenured generation   total 26208K, used 24488K [0x00000000f5aa0000, 0x00000000f7438000, 0x0000000100000000)
   the space 26208K,  93% used [0x00000000f5aa0000, 0x00000000f728a050, 0x00000000f728a200, 0x00000000f7438000)
 Metaspace       used 52901K, capacity 54306K, committed 54656K, reserved 1097728K
  class space    used 6864K, capacity 7177K, committed 7296K, reserved 1048576K
Event: 11.503 GC heap after
Heap after GC invocations=103 (full 3):
 def new generation   total 11840K, used 577K [0x00000000f0800000, 0x00000000f14d0000, 0x00000000f5aa0000)
  eden space 10560K,   0% used [0x00000000f0800000, 0x00000000f0800000, 0x00000000f1250000)
  from space 1280K,  45% used [0x00000000f1250000, 0x00000000f12e0490, 0x00000000f1390000)
  to   space 1280K,   0% used [0x00000000f1390000, 0x00000000f1390000, 0x00000000f14d0000)
 tenured generation   total 26208K, used 24681K [0x00000000f5aa0000, 0x00000000f7438000, 0x0000000100000000)
   the space 26208K,  94% used [0x00000000f5aa0000, 0x00000000f72ba440, 0x00000000f72ba600, 0x00000000f7438000)
 Metaspace       used 52901K, capacity 54306K, committed 54656K, reserved 1097728K
  class space    used 6864K, capacity 7177K, committed 7296K, reserved 1048576K
}
Event: 11.640 GC heap before
{Heap before GC invocations=103 (full 3):
 def new generation   total 11840K, used 11137K [0x00000000f0800000, 0x00000000f14d0000, 0x00000000f5aa0000)
  eden space 10560K, 100% used [0x00000000f0800000, 0x00000000f1250000, 0x00000000f1250000)
  from space 1280K,  45% used [0x00000000f1250000, 0x00000000f12e0490, 0x00000000f1390000)
  to   space 1280K,   0% used [0x00000000f1390000, 0x00000000f1390000, 0x00000000f14d0000)
 tenured generation   total 26208K, used 24681K [0x00000000f5aa0000, 0x00000000f7438000, 0x0000000100000000)
   the space 26208K,  94% used [0x00000000f5aa0000, 0x00000000f72ba440, 0x00000000f72ba600, 0x00000000f7438000)
 Metaspace       used 53705K, capacity 55076K, committed 55296K, reserved 1097728K
  class space    used 6994K, capacity 7306K, committed 7424K, reserved 1048576K
Event: 11.645 GC heap after
Heap after GC invocations=104 (full 3):
 def new generation   total 11840K, used 1272K [0x00000000f0800000, 0x00000000f14d0000, 0x00000000f5aa0000)
  eden space 10560K,   0% used [0x00000000f0800000, 0x00000000f0800000, 0x00000000f1250000)
  from space 1280K,  99% used [0x00000000f1390000, 0x00000000f14ce390, 0x00000000f14d0000)
  to   space 1280K,   0% used [0x00000000f1250000, 0x00000000f1250000, 0x00000000f1390000)
 tenured generation   total 26208K, used 24681K [0x00000000f5aa0000, 0x00000000f7438000, 0x0000000100000000)
   the space 26208K,  94% used [0x00000000f5aa0000, 0x00000000f72ba440, 0x00000000f72ba600, 0x00000000f7438000)
 Metaspace       used 53705K, capacity 55076K, committed 55296K, reserved 1097728K
  class space    used 6994K, capacity 7306K, committed 7424K, reserved 1048576K
}
Event: 12.194 GC heap before
{Heap before GC invocations=104 (full 3):
 def new generation   total 11840K, used 11832K [0x00000000f0800000, 0x00000000f14d0000, 0x00000000f5aa0000)
  eden space 10560K, 100% used [0x00000000f0800000, 0x00000000f1250000, 0x00000000f1250000)
  from space 1280K,  99% used [0x00000000f1390000, 0x00000000f14ce390, 0x00000000f14d0000)
  to   space 1280K,   0% used [0x00000000f1250000, 0x00000000f1250000, 0x00000000f1390000)
 tenured generation   total 26208K, used 24681K [0x00000000f5aa0000, 0x00000000f7438000, 0x0000000100000000)
   the space 26208K,  94% used [0x00000000f5aa0000, 0x00000000f72ba440, 0x00000000f72ba600, 0x00000000f7438000)
 Metaspace       used 54365K, capacity 55806K, committed 56064K, reserved 1097728K
  class space    used 7076K, capacity 7375K, committed 7424K, reserved 1048576K
Event: 12.205 GC heap after
Heap after GC invocations=105 (full 3):
 def new generation   total 11840K, used 754K [0x00000000f0800000, 0x00000000f14d0000, 0x00000000f5aa0000)
  eden space 10560K,   0% used [0x00000000f0800000, 0x00000000f0800000, 0x00000000f1250000)
  from space 1280K,  58% used [0x00000000f1250000, 0x00000000f130cad0, 0x00000000f1390000)
  to   space 1280K,   0% used [0x00000000f1390000, 0x00000000f1390000, 0x00000000f14d0000)
 tenured generation   total 26208K, used 25223K [0x00000000f5aa0000, 0x00000000f7438000, 0x0000000100000000)
   the space 26208K,  96% used [0x00000000f5aa0000, 0x00000000f7341fe8, 0x00000000f7342000, 0x00000000f7438000)
 Metaspace       used 54365K, capacity 55806K, committed 56064K, reserved 1097728K
  class space    used 7076K, capacity 7375K, committed 7424K, reserved 1048576K
}
Event: 12.455 GC heap before
{Heap before GC invocations=105 (full 3):
 def new generation   total 11840K, used 11314K [0x00000000f0800000, 0x00000000f14d0000, 0x00000000f5aa0000)
  eden space 10560K, 100% used [0x00000000f0800000, 0x00000000f1250000, 0x00000000f1250000)
  from space 1280K,  58% used [0x00000000f1250000, 0x00000000f130cad0, 0x00000000f1390000)
  to   space 1280K,   0% used [0x00000000f1390000, 0x00000000f1390000, 0x00000000f14d0000)
 tenured generation   total 26208K, used 25223K [0x00000000f5aa0000, 0x00000000f7438000, 0x0000000100000000)
   the space 26208K,  96% used [0x00000000f5aa0000, 0x00000000f7341fe8, 0x00000000f7342000, 0x00000000f7438000)
 Metaspace       used 54835K, capacity 56204K, committed 56320K, reserved 1097728K
  class space    used 7117K, capacity 7414K, committed 7424K, reserved 1048576K
Event: 12.461 GC heap after
Heap after GC invocations=106 (full 3):
 def new generation   total 11840K, used 619K [0x00000000f0800000, 0x00000000f14d0000, 0x00000000f5aa0000)
  eden space 10560K,   0% used [0x00000000f0800000, 0x00000000f0800000, 0x00000000f1250000)
  from space 1280K,  48% used [0x00000000f1390000, 0x00000000f142ad48, 0x00000000f14d0000)
  to   space 1280K,   0% used [0x00000000f1250000, 0x00000000f1250000, 0x00000000f1390000)
 tenured generation   total 26208K, used 25510K [0x00000000f5aa0000, 0x00000000f7438000, 0x0000000100000000)
   the space 26208K,  97% used [0x00000000f5aa0000, 0x00000000f7389a40, 0x00000000f7389c00, 0x00000000f7438000)
 Metaspace       used 54835K, capacity 56204K, committed 56320K, reserved 1097728K
  class space    used 7117K, capacity 7414K, committed 7424K, reserved 1048576K
}
Event: 12.680 GC heap before
{Heap before GC invocations=106 (full 3):
 def new generation   total 11840K, used 11179K [0x00000000f0800000, 0x00000000f14d0000, 0x00000000f5aa0000)
  eden space 10560K, 100% used [0x00000000f0800000, 0x00000000f1250000, 0x00000000f1250000)
  from space 1280K,  48% used [0x00000000f1390000, 0x00000000f142ad48, 0x00000000f14d0000)
  to   space 1280K,   0% used [0x00000000f1250000, 0x00000000f1250000, 0x00000000f1390000)
 tenured generation   total 26208K, used 25510K [0x00000000f5aa0000, 0x00000000f7438000, 0x0000000100000000)
   the space 26208K,  97% used [0x00000000f5aa0000, 0x00000000f7389a40, 0x00000000f7389c00, 0x00000000f7438000)
 Metaspace       used 55246K, capacity 56728K, committed 56960K, reserved 1099776K
  class space    used 7162K, capacity 7480K, committed 7552K, reserved 1048576K
Event: 12.685 GC heap after
Heap after GC invocations=107 (full 3):
 def new generation   total 11840K, used 1114K [0x00000000f0800000, 0x00000000f14d0000, 0x00000000f5aa0000)
  eden space 10560K,   0% used [0x00000000f0800000, 0x00000000f0800000, 0x00000000f1250000)
  from space 1280K,  87% used [0x00000000f1250000, 0x00000000f1366bc8, 0x00000000f1390000)
  to   space 1280K,   0% used [0x00000000f1390000, 0x00000000f1390000, 0x00000000f14d0000)
 tenured generation   total 26208K, used 25510K [0x00000000f5aa0000, 0x00000000f7438000, 0x0000000100000000)
   the space 26208K,  97% used [0x00000000f5aa0000, 0x00000000f7389a40, 0x00000000f7389c00, 0x00000000f7438000)
 Metaspace       used 55246K, capacity 56728K, committed 56960K, reserved 1099776K
  class space    used 7162K, capacity 7480K, committed 7552K, reserved 1048576K
}
Event: 12.887 GC heap before
{Heap before GC invocations=107 (full 3):
 def new generation   total 11840K, used 11674K [0x00000000f0800000, 0x00000000f14d0000, 0x00000000f5aa0000)
  eden space 10560K, 100% used [0x00000000f0800000, 0x00000000f1250000, 0x00000000f1250000)
  from space 1280K,  87% used [0x00000000f1250000, 0x00000000f1366bc8, 0x00000000f1390000)
  to   space 1280K,   0% used [0x00000000f1390000, 0x00000000f1390000, 0x00000000f14d0000)
 tenured generation   total 26208K, used 25510K [0x00000000f5aa0000, 0x00000000f7438000, 0x0000000100000000)
   the space 26208K,  97% used [0x00000000f5aa0000, 0x00000000f7389a40, 0x00000000f7389c00, 0x00000000f7438000)
 Metaspace       used 55552K, capacity 57016K, committed 57216K, reserved 1099776K
  class space    used 7209K, capacity 7512K, committed 7552K, reserved 1048576K
Event: 12.996 GC heap after
Heap after GC invocations=108 (full 4):
 def new generation   total 18560K, used 0K [0x00000000f0800000, 0x00000000f1c20000, 0x00000000f5aa0000)
  eden space 16512K,   0% used [0x00000000f0800000, 0x00000000f0800000, 0x00000000f1820000)
  from space 2048K,   0% used [0x00000000f1820000, 0x00000000f1820000, 0x00000000f1a20000)
  to   space 2048K,   0% used [0x00000000f1a20000, 0x00000000f1a20000, 0x00000000f1c20000)
 tenured generation   total 41092K, used 24652K [0x00000000f5aa0000, 0x00000000f82c1000, 0x0000000100000000)
   the space 41092K,  59% used [0x00000000f5aa0000, 0x00000000f72b3388, 0x00000000f72b3400, 0x00000000f82c1000)
 Metaspace       used 55552K, capacity 57016K, committed 57216K, reserved 1099776K
  class space    used 7209K, capacity 7512K, committed 7552K, reserved 1048576K
}
Event: 13.183 GC heap before
{Heap before GC invocations=108 (full 4):
 def new generation   total 18560K, used 16512K [0x00000000f0800000, 0x00000000f1c20000, 0x00000000f5aa0000)
  eden space 16512K, 100% used [0x00000000f0800000, 0x00000000f1820000, 0x00000000f1820000)
  from space 2048K,   0% used [0x00000000f1820000, 0x00000000f1820000, 0x00000000f1a20000)
  to   space 2048K,   0% used [0x00000000f1a20000, 0x00000000f1a20000, 0x00000000f1c20000)
 tenured generation   total 41092K, used 24652K [0x00000000f5aa0000, 0x00000000f82c1000, 0x0000000100000000)
   the space 41092K,  59% used [0x00000000f5aa0000, 0x00000000f72b3388, 0x00000000f72b3400, 0x00000000f82c1000)
 Metaspace       used 55572K, capacity 57016K, committed 57216K, reserved 1099776K
  class space    used 7215K, capacity 7512K, committed 7552K, reserved 1048576K
Event: 13.188 GC heap after
Heap after GC invocations=109 (full 4):
 def new generation   total 18560K, used 687K [0x00000000f0800000, 0x00000000f1c20000, 0x00000000f5aa0000)
  eden space 16512K,   0% used [0x00000000f0800000, 0x00000000f0800000, 0x00000000f1820000)
  from space 2048K,  33% used [0x00000000f1a20000, 0x00000000f1acbc78, 0x00000000f1c20000)
  to   space 2048K,   0% used [0x00000000f1820000, 0x00000000f1820000, 0x00000000f1a20000)
 tenured generation   total 41092K, used 24652K [0x00000000f5aa0000, 0x00000000f82c1000, 0x0000000100000000)
   the space 41092K,  59% used [0x00000000f5aa0000, 0x00000000f72b3388, 0x00000000f72b3400, 0x00000000f82c1000)
 Metaspace       used 55572K, capacity 57016K, committed 57216K, reserved 1099776K
  class space    used 7215K, capacity 7512K, committed 7552K, reserved 1048576K
}
Event: 13.378 GC heap before
{Heap before GC invocations=109 (full 4):
 def new generation   total 18560K, used 17199K [0x00000000f0800000, 0x00000000f1c20000, 0x00000000f5aa0000)
  eden space 16512K, 100% used [0x00000000f0800000, 0x00000000f1820000, 0x00000000f1820000)
  from space 2048K,  33% used [0x00000000f1a20000, 0x00000000f1acbc78, 0x00000000f1c20000)
  to   space 2048K,   0% used [0x00000000f1820000, 0x00000000f1820000, 0x00000000f1a20000)
 tenured generation   total 41092K, used 24652K [0x00000000f5aa0000, 0x00000000f82c1000, 0x0000000100000000)
   the space 41092K,  59% used [0x00000000f5aa0000, 0x00000000f72b3388, 0x00000000f72b3400, 0x00000000f82c1000)
 Metaspace       used 55633K, capacity 57124K, committed 57472K, reserved 1099776K
  class space    used 7225K, capacity 7546K, committed 7552K, reserved 1048576K
Event: 13.384 GC heap after
Heap after GC invocations=110 (full 4):
 def new generation   total 18560K, used 1247K [0x00000000f0800000, 0x00000000f1c20000, 0x00000000f5aa0000)
  eden space 16512K,   0% used [0x00000000f0800000, 0x00000000f0800000, 0x00000000f1820000)
  from space 2048K,  60% used [0x00000000f1820000, 0x00000000f1957d10, 0x00000000f1a20000)
  to   space 2048K,   0% used [0x00000000f1a20000, 0x00000000f1a20000, 0x00000000f1c20000)
 tenured generation   total 41092K, used 24652K [0x00000000f5aa0000, 0x00000000f82c1000, 0x0000000100000000)
   the space 41092K,  59% used [0x00000000f5aa0000, 0x00000000f72b3388, 0x00000000f72b3400, 0x00000000f82c1000)
 Metaspace       used 55633K, capacity 57124K, committed 57472K, reserved 1099776K
  class space    used 7225K, capacity 7546K, committed 7552K, reserved 1048576K
}
Event: 13.606 GC heap before
{Heap before GC invocations=110 (full 4):
 def new generation   total 18560K, used 17759K [0x00000000f0800000, 0x00000000f1c20000, 0x00000000f5aa0000)
  eden space 16512K, 100% used [0x00000000f0800000, 0x00000000f1820000, 0x00000000f1820000)
  from space 2048K,  60% used [0x00000000f1820000, 0x00000000f1957d10, 0x00000000f1a20000)
  to   space 2048K,   0% used [0x00000000f1a20000, 0x00000000f1a20000, 0x00000000f1c20000)
 tenured generation   total 41092K, used 24652K [0x00000000f5aa0000, 0x00000000f82c1000, 0x0000000100000000)
   the space 41092K,  59% used [0x00000000f5aa0000, 0x00000000f72b3388, 0x00000000f72b3400, 0x00000000f82c1000)
 Metaspace       used 55850K, capacity 57302K, committed 57600K, reserved 1099776K
  class space    used 7262K, capacity 7555K, committed 7680K, reserved 1048576K
Event: 13.619 GC heap after
Heap after GC invocations=111 (full 4):
 def new generation   total 18560K, used 1267K [0x00000000f0800000, 0x00000000f1c20000, 0x00000000f5aa0000)
  eden space 16512K,   0% used [0x00000000f0800000, 0x00000000f0800000, 0x00000000f1820000)
  from space 2048K,  61% used [0x00000000f1a20000, 0x00000000f1b5cd58, 0x00000000f1c20000)
  to   space 2048K,   0% used [0x00000000f1820000, 0x00000000f1820000, 0x00000000f1a20000)
 tenured generation   total 41092K, used 25216K [0x00000000f5aa0000, 0x00000000f82c1000, 0x0000000100000000)
   the space 41092K,  61% used [0x00000000f5aa0000, 0x00000000f73401a8, 0x00000000f7340200, 0x00000000f82c1000)
 Metaspace       used 55850K, capacity 57302K, committed 57600K, reserved 1099776K
  class space    used 7262K, capacity 7555K, committed 7680K, reserved 1048576K
}
Event: 13.875 GC heap before
{Heap before GC invocations=111 (full 4):
 def new generation   total 18560K, used 17779K [0x00000000f0800000, 0x00000000f1c20000, 0x00000000f5aa0000)
  eden space 16512K, 100% used [0x00000000f0800000, 0x00000000f1820000, 0x00000000f1820000)
  from space 2048K,  61% used [0x00000000f1a20000, 0x00000000f1b5cd58, 0x00000000f1c20000)
  to   space 2048K,   0% used [0x00000000f1820000, 0x00000000f1820000, 0x00000000f1a20000)
 tenured generation   total 41092K, used 25216K [0x00000000f5aa0000, 0x00000000f82c1000, 0x0000000100000000)
   the space 41092K,  61% used [0x00000000f5aa0000, 0x00000000f73401a8, 0x00000000f7340200, 0x00000000f82c1000)
 Metaspace       used 56497K, capacity 57988K, committed 58112K, reserved 1099776K
  class space    used 7338K, capacity 7632K, committed 7680K, reserved 1048576K
Event: 13.888 GC heap after
Heap after GC invocations=112 (full 4):
 def new generation   total 18560K, used 1658K [0x00000000f0800000, 0x00000000f1c20000, 0x00000000f5aa0000)
  eden space 16512K,   0% used [0x00000000f0800000, 0x00000000f0800000, 0x00000000f1820000)
  from space 2048K,  80% used [0x00000000f1820000, 0x00000000f19be968, 0x00000000f1a20000)
  to   space 2048K,   0% used [0x00000000f1a20000, 0x00000000f1a20000, 0x00000000f1c20000)
 tenured generation   total 41092K, used 25784K [0x00000000f5aa0000, 0x00000000f82c1000, 0x0000000100000000)
   the space 41092K,  62% used [0x00000000f5aa0000, 0x00000000f73ce218, 0x00000000f73ce400, 0x00000000f82c1000)
 Metaspace       used 56497K, capacity 57988K, committed 58112K, reserved 1099776K
  class space    used 7338K, capacity 7632K, committed 7680K, reserved 1048576K
}
Event: 14.108 GC heap before
{Heap before GC invocations=112 (full 4):
 def new generation   total 18560K, used 18170K [0x00000000f0800000, 0x00000000f1c20000, 0x00000000f5aa0000)
  eden space 16512K, 100% used [0x00000000f0800000, 0x00000000f1820000, 0x00000000f1820000)
  from space 2048K,  80% used [0x00000000f1820000, 0x00000000f19be968, 0x00000000f1a20000)
  to   space 2048K,   0% used [0x00000000f1a20000, 0x00000000f1a20000, 0x00000000f1c20000)
 tenured generation   total 41092K, used 25784K [0x00000000f5aa0000, 0x00000000f82c1000, 0x0000000100000000)
   the space 41092K,  62% used [0x00000000f5aa0000, 0x00000000f73ce218, 0x00000000f73ce400, 0x00000000f82c1000)
 Metaspace       used 56951K, capacity 58544K, committed 58752K, reserved 1099776K
  class space    used 7408K, capacity 7730K, committed 7808K, reserved 1048576K
Event: 14.121 GC heap after
Heap after GC invocations=113 (full 4):
 def new generation   total 18560K, used 1341K [0x00000000f0800000, 0x00000000f1c20000, 0x00000000f5aa0000)
  eden space 16512K,   0% used [0x00000000f0800000, 0x00000000f0800000, 0x00000000f1820000)
  from space 2048K,  65% used [0x00000000f1a20000, 0x00000000f1b6f5d8, 0x00000000f1c20000)
  to   space 2048K,   0% used [0x00000000f1820000, 0x00000000f1820000, 0x00000000f1a20000)
 tenured generation   total 41092K, used 26962K [0x00000000f5aa0000, 0x00000000f82c1000, 0x0000000100000000)
   the space 41092K,  65% used [0x00000000f5aa0000, 0x00000000f74f4ae8, 0x00000000f74f4c00, 0x00000000f82c1000)
 Metaspace       used 56951K, capacity 58544K, committed 58752K, reserved 1099776K
  class space    used 7408K, capacity 7730K, committed 7808K, reserved 1048576K
}
Event: 14.307 GC heap before
{Heap before GC invocations=113 (full 4):
 def new generation   total 18560K, used 17853K [0x00000000f0800000, 0x00000000f1c20000, 0x00000000f5aa0000)
  eden space 16512K, 100% used [0x00000000f0800000, 0x00000000f1820000, 0x00000000f1820000)
  from space 2048K,  65% used [0x00000000f1a20000, 0x00000000f1b6f5d8, 0x00000000f1c20000)
  to   space 2048K,   0% used [0x00000000f1820000, 0x00000000f1820000, 0x00000000f1a20000)
 tenured generation   total 41092K, used 26962K [0x00000000f5aa0000, 0x00000000f82c1000, 0x0000000100000000)
   the space 41092K,  65% used [0x00000000f5aa0000, 0x00000000f74f4ae8, 0x00000000f74f4c00, 0x00000000f82c1000)
 Metaspace       used 57235K, capacity 58808K, committed 59008K, reserved 1099776K
  class space    used 7448K, capacity 7770K, committed 7808K, reserved 1048576K
Event: 14.314 GC heap after
Heap after GC invocations=114 (full 4):
 def new generation   total 18560K, used 885K [0x00000000f0800000, 0x00000000f1c20000, 0x00000000f5aa0000)
  eden space 16512K,   0% used [0x00000000f0800000, 0x00000000f0800000, 0x00000000f1820000)
  from space 2048K,  43% used [0x00000000f1820000, 0x00000000f18fd650, 0x00000000f1a20000)
  to   space 2048K,   0% used [0x00000000f1a20000, 0x00000000f1a20000, 0x00000000f1c20000)
 tenured generation   total 41092K, used 27929K [0x00000000f5aa0000, 0x00000000f82c1000, 0x0000000100000000)
   the space 41092K,  67% used [0x00000000f5aa0000, 0x00000000f75e66c8, 0x00000000f75e6800, 0x00000000f82c1000)
 Metaspace       used 57235K, capacity 58808K, committed 59008K, reserved 1099776K
  class space    used 7448K, capacity 7770K, committed 7808K, reserved 1048576K
}
Event: 14.510 GC heap before
{Heap before GC invocations=114 (full 4):
 def new generation   total 18560K, used 17397K [0x00000000f0800000, 0x00000000f1c20000, 0x00000000f5aa0000)
  eden space 16512K, 100% used [0x00000000f0800000, 0x00000000f1820000, 0x00000000f1820000)
  from space 2048K,  43% used [0x00000000f1820000, 0x00000000f18fd650, 0x00000000f1a20000)
  to   space 2048K,   0% used [0x00000000f1a20000, 0x00000000f1a20000, 0x00000000f1c20000)
 tenured generation   total 41092K, used 27929K [0x00000000f5aa0000, 0x00000000f82c1000, 0x0000000100000000)
   the space 41092K,  67% used [0x00000000f5aa0000, 0x00000000f75e66c8, 0x00000000f75e6800, 0x00000000f82c1000)
 Metaspace       used 57595K, capacity 59210K, committed 59392K, reserved 1101824K
  class space    used 7503K, capacity 7837K, committed 7936K, reserved 1048576K
Event: 14.516 GC heap after
Heap after GC invocations=115 (full 4):
 def new generation   total 18560K, used 1468K [0x00000000f0800000, 0x00000000f1c20000, 0x00000000f5aa0000)
  eden space 16512K,   0% used [0x00000000f0800000, 0x00000000f0800000, 0x00000000f1820000)
  from space 2048K,  71% used [0x00000000f1a20000, 0x00000000f1b8f2b8, 0x00000000f1c20000)
  to   space 2048K,   0% used [0x00000000f1820000, 0x00000000f1820000, 0x00000000f1a20000)
 tenured generation   total 41092K, used 27929K [0x00000000f5aa0000, 0x00000000f82c1000, 0x0000000100000000)
   the space 41092K,  67% used [0x00000000f5aa0000, 0x00000000f75e66c8, 0x00000000f75e6800, 0x00000000f82c1000)
 Metaspace       used 57595K, capacity 59210K, committed 59392K, reserved 1101824K
  class space    used 7503K, capacity 7837K, committed 7936K, reserved 1048576K
}
Event: 14.694 GC heap before
{Heap before GC invocations=115 (full 4):
 def new generation   total 18560K, used 17980K [0x00000000f0800000, 0x00000000f1c20000, 0x00000000f5aa0000)
  eden space 16512K, 100% used [0x00000000f0800000, 0x00000000f1820000, 0x00000000f1820000)
  from space 2048K,  71% used [0x00000000f1a20000, 0x00000000f1b8f2b8, 0x00000000f1c20000)
  to   space 2048K,   0% used [0x00000000f1820000, 0x00000000f1820000, 0x00000000f1a20000)
 tenured generation   total 41092K, used 27929K [0x00000000f5aa0000, 0x00000000f82c1000, 0x0000000100000000)
   the space 41092K,  67% used [0x00000000f5aa0000, 0x00000000f75e66c8, 0x00000000f75e6800, 0x00000000f82c1000)
 Metaspace       used 57793K, capacity 59452K, committed 59648K, reserved 1101824K
  class space    used 7534K, capacity 7872K, committed 7936K, reserved 1048576K
Event: 14.705 GC heap after
Heap after GC invocations=116 (full 4):
 def new generation   total 18560K, used 1457K [0x00000000f0800000, 0x00000000f1c20000, 0x00000000f5aa0000)
  eden space 16512K,   0% used [0x00000000f0800000, 0x00000000f0800000, 0x00000000f1820000)
  from space 2048K,  71% used [0x00000000f1820000, 0x00000000f198c7e0, 0x00000000f1a20000)
  to   space 2048K,   0% used [0x00000000f1a20000, 0x00000000f1a20000, 0x00000000f1c20000)
 tenured generation   total 41092K, used 28576K [0x00000000f5aa0000, 0x00000000f82c1000, 0x0000000100000000)
   the space 41092K,  69% used [0x00000000f5aa0000, 0x00000000f7688028, 0x00000000f7688200, 0x00000000f82c1000)
 Metaspace       used 57793K, capacity 59452K, committed 59648K, reserved 1101824K
  class space    used 7534K, capacity 7872K, committed 7936K, reserved 1048576K
}
Event: 14.868 GC heap before
{Heap before GC invocations=116 (full 4):
 def new generation   total 18560K, used 17969K [0x00000000f0800000, 0x00000000f1c20000, 0x00000000f5aa0000)
  eden space 16512K, 100% used [0x00000000f0800000, 0x00000000f1820000, 0x00000000f1820000)
  from space 2048K,  71% used [0x00000000f1820000, 0x00000000f198c7e0, 0x00000000f1a20000)
  to   space 2048K,   0% used [0x00000000f1a20000, 0x00000000f1a20000, 0x00000000f1c20000)
 tenured generation   total 41092K, used 28576K [0x00000000f5aa0000, 0x00000000f82c1000, 0x0000000100000000)
   the space 41092K,  69% used [0x00000000f5aa0000, 0x00000000f7688028, 0x00000000f7688200, 0x00000000f82c1000)
 Metaspace       used 57946K, capacity 59592K, committed 59904K, reserved 1101824K
  class space    used 7554K, capacity 7874K, committed 7936K, reserved 1048576K
Event: 14.875 GC heap after
Heap after GC invocations=117 (full 4):
 def new generation   total 18560K, used 1306K [0x00000000f0800000, 0x00000000f1c20000, 0x00000000f5aa0000)
  eden space 16512K,   0% used [0x00000000f0800000, 0x00000000f0800000, 0x00000000f1820000)
  from space 2048K,  63% used [0x00000000f1a20000, 0x00000000f1b66b58, 0x00000000f1c20000)
  to   space 2048K,   0% used [0x00000000f1820000, 0x00000000f1820000, 0x00000000f1a20000)
 tenured generation   total 41092K, used 29089K [0x00000000f5aa0000, 0x00000000f82c1000, 0x0000000100000000)
   the space 41092K,  70% used [0x00000000f5aa0000, 0x00000000f7708528, 0x00000000f7708600, 0x00000000f82c1000)
 Metaspace       used 57946K, capacity 59592K, committed 59904K, reserved 1101824K
  class space    used 7554K, capacity 7874K, committed 7936K, reserved 1048576K
}
Event: 15.062 GC heap before
{Heap before GC invocations=117 (full 4):
 def new generation   total 18560K, used 17818K [0x00000000f0800000, 0x00000000f1c20000, 0x00000000f5aa0000)
  eden space 16512K, 100% used [0x00000000f0800000, 0x00000000f1820000, 0x00000000f1820000)
  from space 2048K,  63% used [0x00000000f1a20000, 0x00000000f1b66b58, 0x00000000f1c20000)
  to   space 2048K,   0% used [0x00000000f1820000, 0x00000000f1820000, 0x00000000f1a20000)
 tenured generation   total 41092K, used 29089K [0x00000000f5aa0000, 0x00000000f82c1000, 0x0000000100000000)
   the space 41092K,  70% used [0x00000000f5aa0000, 0x00000000f7708528, 0x00000000f7708600, 0x00000000f82c1000)
 Metaspace       used 58463K, capacity 60104K, committed 60288K, reserved 1101824K
  class space    used 7610K, capacity 7938K, committed 8064K, reserved 1048576K
Event: 15.069 GC heap after
Heap after GC invocations=118 (full 4):
 def new generation   total 18560K, used 1513K [0x00000000f0800000, 0x00000000f1c20000, 0x00000000f5aa0000)
  eden space 16512K,   0% used [0x00000000f0800000, 0x00000000f0800000, 0x00000000f1820000)
  from space 2048K,  73% used [0x00000000f1820000, 0x00000000f199a6b0, 0x00000000f1a20000)
  to   space 2048K,   0% used [0x00000000f1a20000, 0x00000000f1a20000, 0x00000000f1c20000)
 tenured generation   total 41092K, used 29768K [0x00000000f5aa0000, 0x00000000f82c1000, 0x0000000100000000)
   the space 41092K,  72% used [0x00000000f5aa0000, 0x00000000f77b2198, 0x00000000f77b2200, 0x00000000f82c1000)
 Metaspace       used 58463K, capacity 60104K, committed 60288K, reserved 1101824K
  class space    used 7610K, capacity 7938K, committed 8064K, reserved 1048576K
}
Event: 15.278 GC heap before
{Heap before GC invocations=118 (full 4):
 def new generation   total 18560K, used 18025K [0x00000000f0800000, 0x00000000f1c20000, 0x00000000f5aa0000)
  eden space 16512K, 100% used [0x00000000f0800000, 0x00000000f1820000, 0x00000000f1820000)
  from space 2048K,  73% used [0x00000000f1820000, 0x00000000f199a6b0, 0x00000000f1a20000)
  to   space 2048K,   0% used [0x00000000f1a20000, 0x00000000f1a20000, 0x00000000f1c20000)
 tenured generation   total 41092K, used 29768K [0x00000000f5aa0000, 0x00000000f82c1000, 0x0000000100000000)
   the space 41092K,  72% used [0x00000000f5aa0000, 0x00000000f77b2198, 0x00000000f77b2200, 0x00000000f82c1000)
 Metaspace       used 58824K, capacity 60782K, committed 60800K, reserved 1101824K
  class space    used 7689K, capacity 8055K, committed 8064K, reserved 1048576K
Event: 15.287 GC heap after
Heap after GC invocations=119 (full 4):
 def new generation   total 18560K, used 1437K [0x00000000f0800000, 0x00000000f1c20000, 0x00000000f5aa0000)
  eden space 16512K,   0% used [0x00000000f0800000, 0x00000000f0800000, 0x00000000f1820000)
  from space 2048K,  70% used [0x00000000f1a20000, 0x00000000f1b87550, 0x00000000f1c20000)
  to   space 2048K,   0% used [0x00000000f1820000, 0x00000000f1820000, 0x00000000f1a20000)
 tenured generation   total 41092K, used 30262K [0x00000000f5aa0000, 0x00000000f82c1000, 0x0000000100000000)
   the space 41092K,  73% used [0x00000000f5aa0000, 0x00000000f782dbe0, 0x00000000f782dc00, 0x00000000f82c1000)
 Metaspace       used 58824K, capacity 60782K, committed 60800K, reserved 1101824K
  class space    used 7689K, capacity 8055K, committed 8064K, reserved 1048576K
}
Event: 15.432 GC heap before
{Heap before GC invocations=119 (full 4):
 def new generation   total 18560K, used 17949K [0x00000000f0800000, 0x00000000f1c20000, 0x00000000f5aa0000)
  eden space 16512K, 100% used [0x00000000f0800000, 0x00000000f1820000, 0x00000000f1820000)
  from space 2048K,  70% used [0x00000000f1a20000, 0x00000000f1b87550, 0x00000000f1c20000)
  to   space 2048K,   0% used [0x00000000f1820000, 0x00000000f1820000, 0x00000000f1a20000)
 tenured generation   total 41092K, used 30262K [0x00000000f5aa0000, 0x00000000f82c1000, 0x0000000100000000)
   the space 41092K,  73% used [0x00000000f5aa0000, 0x00000000f782dbe0, 0x00000000f782dc00, 0x00000000f82c1000)
 Metaspace       used 58950K, capacity 60924K, committed 61056K, reserved 1101824K
  class space    used 7702K, capacity 8058K, committed 8064K, reserved 1048576K
Event: 15.443 GC heap after
Heap after GC invocations=120 (full 4):
 def new generation   total 18560K, used 1190K [0x00000000f0800000, 0x00000000f1c20000, 0x00000000f5aa0000)
  eden space 16512K,   0% used [0x00000000f0800000, 0x00000000f0800000, 0x00000000f1820000)
  from space 2048K,  58% used [0x00000000f1820000, 0x00000000f1949a18, 0x00000000f1a20000)
  to   space 2048K,   0% used [0x00000000f1a20000, 0x00000000f1a20000, 0x00000000f1c20000)
 tenured generation   total 41092K, used 30982K [0x00000000f5aa0000, 0x00000000f82c1000, 0x0000000100000000)
   the space 41092K,  75% used [0x00000000f5aa0000, 0x00000000f78e1898, 0x00000000f78e1a00, 0x00000000f82c1000)
 Metaspace       used 58950K, capacity 60924K, committed 61056K, reserved 1101824K
  class space    used 7702K, capacity 8058K, committed 8064K, reserved 1048576K
}
Event: 15.594 GC heap before
{Heap before GC invocations=120 (full 4):
 def new generation   total 18560K, used 17702K [0x00000000f0800000, 0x00000000f1c20000, 0x00000000f5aa0000)
  eden space 16512K, 100% used [0x00000000f0800000, 0x00000000f1820000, 0x00000000f1820000)
  from space 2048K,  58% used [0x00000000f1820000, 0x00000000f1949a18, 0x00000000f1a20000)
  to   space 2048K,   0% used [0x00000000f1a20000, 0x00000000f1a20000, 0x00000000f1c20000)
 tenured generation   total 41092K, used 30982K [0x00000000f5aa0000, 0x00000000f82c1000, 0x0000000100000000)
   the space 41092K,  75% used [0x00000000f5aa0000, 0x00000000f78e1898, 0x00000000f78e1a00, 0x00000000f82c1000)
 Metaspace       used 59154K, capacity 61124K, committed 61440K, reserved 1101824K
  class space    used 7729K, capacity 8100K, committed 8192K, reserved 1048576K
Event: 15.601 GC heap after
Heap after GC invocations=121 (full 4):
 def new generation   total 18560K, used 1189K [0x00000000f0800000, 0x00000000f1c20000, 0x00000000f5aa0000)
  eden space 16512K,   0% used [0x00000000f0800000, 0x00000000f0800000, 0x00000000f1820000)
  from space 2048K,  58% used [0x00000000f1a20000, 0x00000000f1b496d0, 0x00000000f1c20000)
  to   space 2048K,   0% used [0x00000000f1820000, 0x00000000f1820000, 0x00000000f1a20000)
 tenured generation   total 41092K, used 31602K [0x00000000f5aa0000, 0x00000000f82c1000, 0x0000000100000000)
   the space 41092K,  76% used [0x00000000f5aa0000, 0x00000000f797c890, 0x00000000f797ca00, 0x00000000f82c1000)
 Metaspace       used 59154K, capacity 61124K, committed 61440K, reserved 1101824K
  class space    used 7729K, capacity 8100K, committed 8192K, reserved 1048576K
}
Event: 15.817 GC heap before
{Heap before GC invocations=121 (full 4):
 def new generation   total 18560K, used 17701K [0x00000000f0800000, 0x00000000f1c20000, 0x00000000f5aa0000)
  eden space 16512K, 100% used [0x00000000f0800000, 0x00000000f1820000, 0x00000000f1820000)
  from space 2048K,  58% used [0x00000000f1a20000, 0x00000000f1b496d0, 0x00000000f1c20000)
  to   space 2048K,   0% used [0x00000000f1820000, 0x00000000f1820000, 0x00000000f1a20000)
 tenured generation   total 41092K, used 31602K [0x00000000f5aa0000, 0x00000000f82c1000, 0x0000000100000000)
   the space 41092K,  76% used [0x00000000f5aa0000, 0x00000000f797c890, 0x00000000f797ca00, 0x00000000f82c1000)
 Metaspace       used 59731K, capacity 61726K, committed 62080K, reserved 1103872K
  class space    used 7822K, capacity 8207K, committed 8320K, reserved 1048576K
Event: 15.827 GC heap after
Heap after GC invocations=122 (full 4):
 def new generation   total 18560K, used 1526K [0x00000000f0800000, 0x00000000f1c20000, 0x00000000f5aa0000)
  eden space 16512K,   0% used [0x00000000f0800000, 0x00000000f0800000, 0x00000000f1820000)
  from space 2048K,  74% used [0x00000000f1820000, 0x00000000f199db88, 0x00000000f1a20000)
  to   space 2048K,   0% used [0x00000000f1a20000, 0x00000000f1a20000, 0x00000000f1c20000)
 tenured generation   total 41092K, used 32142K [0x00000000f5aa0000, 0x00000000f82c1000, 0x0000000100000000)
   the space 41092K,  78% used [0x00000000f5aa0000, 0x00000000f7a03828, 0x00000000f7a03a00, 0x00000000f82c1000)
 Metaspace       used 59731K, capacity 61726K, committed 62080K, reserved 1103872K
  class space    used 7822K, capacity 8207K, committed 8320K, reserved 1048576K
}
Event: 16.050 GC heap before
{Heap before GC invocations=122 (full 4):
 def new generation   total 18560K, used 18038K [0x00000000f0800000, 0x00000000f1c20000, 0x00000000f5aa0000)
  eden space 16512K, 100% used [0x00000000f0800000, 0x00000000f1820000, 0x00000000f1820000)
  from space 2048K,  74% used [0x00000000f1820000, 0x00000000f199db88, 0x00000000f1a20000)
  to   space 2048K,   0% used [0x00000000f1a20000, 0x00000000f1a20000, 0x00000000f1c20000)
 tenured generation   total 41092K, used 32142K [0x00000000f5aa0000, 0x00000000f82c1000, 0x0000000100000000)
   the space 41092K,  78% used [0x00000000f5aa0000, 0x00000000f7a03828, 0x00000000f7a03a00, 0x00000000f82c1000)
 Metaspace       used 60283K, capacity 62394K, committed 62592K, reserved 1103872K
  class space    used 7897K, capacity 8295K, committed 8320K, reserved 1048576K
Event: 16.061 GC heap after
Heap after GC invocations=123 (full 4):
 def new generation   total 18560K, used 1510K [0x00000000f0800000, 0x00000000f1c20000, 0x00000000f5aa0000)
  eden space 16512K,   0% used [0x00000000f0800000, 0x00000000f0800000, 0x00000000f1820000)
  from space 2048K,  73% used [0x00000000f1a20000, 0x00000000f1b99968, 0x00000000f1c20000)
  to   space 2048K,   0% used [0x00000000f1820000, 0x00000000f1820000, 0x00000000f1a20000)
 tenured generation   total 41092K, used 32647K [0x00000000f5aa0000, 0x00000000f82c1000, 0x0000000100000000)
   the space 41092K,  79% used [0x00000000f5aa0000, 0x00000000f7a81c20, 0x00000000f7a81e00, 0x00000000f82c1000)
 Metaspace       used 60283K, capacity 62394K, committed 62592K, reserved 1103872K
  class space    used 7897K, capacity 8295K, committed 8320K, reserved 1048576K
}
Event: 16.220 GC heap before
{Heap before GC invocations=123 (full 4):
 def new generation   total 18560K, used 18022K [0x00000000f0800000, 0x00000000f1c20000, 0x00000000f5aa0000)
  eden space 16512K, 100% used [0x00000000f0800000, 0x00000000f1820000, 0x00000000f1820000)
  from space 2048K,  73% used [0x00000000f1a20000, 0x00000000f1b99968, 0x00000000f1c20000)
  to   space 2048K,   0% used [0x00000000f1820000, 0x00000000f1820000, 0x00000000f1a20000)
 tenured generation   total 41092K, used 32647K [0x00000000f5aa0000, 0x00000000f82c1000, 0x0000000100000000)
   the space 41092K,  79% used [0x00000000f5aa0000, 0x00000000f7a81c20, 0x00000000f7a81e00, 0x00000000f82c1000)
 Metaspace       used 60487K, capacity 62600K, committed 62848K, reserved 1103872K
  class space    used 7920K, capacity 8298K, committed 8320K, reserved 1048576K
Event: 16.231 GC heap after
Heap after GC invocations=124 (full 4):
 def new generation   total 18560K, used 1249K [0x00000000f0800000, 0x00000000f1c20000, 0x00000000f5aa0000)
  eden space 16512K,   0% used [0x00000000f0800000, 0x00000000f0800000, 0x00000000f1820000)
  from space 2048K,  61% used [0x00000000f1820000, 0x00000000f1958670, 0x00000000f1a20000)
  to   space 2048K,   0% used [0x00000000f1a20000, 0x00000000f1a20000, 0x00000000f1c20000)
 tenured generation   total 41092K, used 33157K [0x00000000f5aa0000, 0x00000000f82c1000, 0x0000000100000000)
   the space 41092K,  80% used [0x00000000f5aa0000, 0x00000000f7b017b0, 0x00000000f7b01800, 0x00000000f82c1000)
 Metaspace       used 60487K, capacity 62600K, committed 62848K, reserved 1103872K
  class space    used 7920K, capacity 8298K, committed 8320K, reserved 1048576K
}
Event: 16.330 GC heap before
{Heap before GC invocations=124 (full 4):
 def new generation   total 18560K, used 17761K [0x00000000f0800000, 0x00000000f1c20000, 0x00000000f5aa0000)
  eden space 16512K,  99% used [0x00000000f0800000, 0x00000000f181ff58, 0x00000000f1820000)
  from space 2048K,  61% used [0x00000000f1820000, 0x00000000f1958670, 0x00000000f1a20000)
  to   space 2048K,   0% used [0x00000000f1a20000, 0x00000000f1a20000, 0x00000000f1c20000)
 tenured generation   total 41092K, used 33157K [0x00000000f5aa0000, 0x00000000f82c1000, 0x0000000100000000)
   the space 41092K,  80% used [0x00000000f5aa0000, 0x00000000f7b017b0, 0x00000000f7b01800, 0x00000000f82c1000)
 Metaspace       used 60517K, capacity 62618K, committed 62848K, reserved 1103872K
  class space    used 7923K, capacity 8301K, committed 8320K, reserved 1048576K
Event: 16.336 GC heap after
Heap after GC invocations=125 (full 4):
 def new generation   total 18560K, used 933K [0x00000000f0800000, 0x00000000f1c20000, 0x00000000f5aa0000)
  eden space 16512K,   0% used [0x00000000f0800000, 0x00000000f0800000, 0x00000000f1820000)
  from space 2048K,  45% used [0x00000000f1a20000, 0x00000000f1b095c8, 0x00000000f1c20000)
  to   space 2048K,   0% used [0x00000000f1820000, 0x00000000f1820000, 0x00000000f1a20000)
 tenured generation   total 41092K, used 33669K [0x00000000f5aa0000, 0x00000000f82c1000, 0x0000000100000000)
   the space 41092K,  81% used [0x00000000f5aa0000, 0x00000000f7b81558, 0x00000000f7b81600, 0x00000000f82c1000)
 Metaspace       used 60517K, capacity 62618K, committed 62848K, reserved 1103872K
  class space    used 7923K, capacity 8301K, committed 8320K, reserved 1048576K
}
Event: 16.492 GC heap before
{Heap before GC invocations=125 (full 4):
 def new generation   total 18560K, used 17445K [0x00000000f0800000, 0x00000000f1c20000, 0x00000000f5aa0000)
  eden space 16512K, 100% used [0x00000000f0800000, 0x00000000f1820000, 0x00000000f1820000)
  from space 2048K,  45% used [0x00000000f1a20000, 0x00000000f1b095c8, 0x00000000f1c20000)
  to   space 2048K,   0% used [0x00000000f1820000, 0x00000000f1820000, 0x00000000f1a20000)
 tenured generation   total 41092K, used 33669K [0x00000000f5aa0000, 0x00000000f82c1000, 0x0000000100000000)
   the space 41092K,  81% used [0x00000000f5aa0000, 0x00000000f7b81558, 0x00000000f7b81600, 0x00000000f82c1000)
 Metaspace       used 60696K, capacity 62906K, committed 63232K, reserved 1103872K
  class space    used 7947K, capacity 8343K, committed 8448K, reserved 1048576K
Event: 16.503 GC heap after
Heap after GC invocations=126 (full 4):
 def new generation   total 18560K, used 1648K [0x00000000f0800000, 0x00000000f1c20000, 0x00000000f5aa0000)
  eden space 16512K,   0% used [0x00000000f0800000, 0x00000000f0800000, 0x00000000f1820000)
  from space 2048K,  80% used [0x00000000f1820000, 0x00000000f19bc2b8, 0x00000000f1a20000)
  to   space 2048K,   0% used [0x00000000f1a20000, 0x00000000f1a20000, 0x00000000f1c20000)
 tenured generation   total 41092K, used 33669K [0x00000000f5aa0000, 0x00000000f82c1000, 0x0000000100000000)
   the space 41092K,  81% used [0x00000000f5aa0000, 0x00000000f7b81558, 0x00000000f7b81600, 0x00000000f82c1000)
 Metaspace       used 60696K, capacity 62906K, committed 63232K, reserved 1103872K
  class space    used 7947K, capacity 8343K, committed 8448K, reserved 1048576K
}
Event: 16.647 GC heap before
{Heap before GC invocations=126 (full 4):
 def new generation   total 18560K, used 18160K [0x00000000f0800000, 0x00000000f1c20000, 0x00000000f5aa0000)
  eden space 16512K, 100% used [0x00000000f0800000, 0x00000000f1820000, 0x00000000f1820000)
  from space 2048K,  80% used [0x00000000f1820000, 0x00000000f19bc2b8, 0x00000000f1a20000)
  to   space 2048K,   0% used [0x00000000f1a20000, 0x00000000f1a20000, 0x00000000f1c20000)
 tenured generation   total 41092K, used 33669K [0x00000000f5aa0000, 0x00000000f82c1000, 0x0000000100000000)
   the space 41092K,  81% used [0x00000000f5aa0000, 0x00000000f7b81558, 0x00000000f7b81600, 0x00000000f82c1000)
 Metaspace       used 60804K, capacity 62994K, committed 63232K, reserved 1103872K
  class space    used 7965K, capacity 8347K, committed 8448K, reserved 1048576K
Event: 16.655 GC heap after
Heap after GC invocations=127 (full 4):
 def new generation   total 18560K, used 1429K [0x00000000f0800000, 0x00000000f1c20000, 0x00000000f5aa0000)
  eden space 16512K,   0% used [0x00000000f0800000, 0x00000000f0800000, 0x00000000f1820000)
  from space 2048K,  69% used [0x00000000f1a20000, 0x00000000f1b856f0, 0x00000000f1c20000)
  to   space 2048K,   0% used [0x00000000f1820000, 0x00000000f1820000, 0x00000000f1a20000)
 tenured generation   total 41092K, used 34594K [0x00000000f5aa0000, 0x00000000f82c1000, 0x0000000100000000)
   the space 41092K,  84% used [0x00000000f5aa0000, 0x00000000f7c68a98, 0x00000000f7c68c00, 0x00000000f82c1000)
 Metaspace       used 60804K, capacity 62994K, committed 63232K, reserved 1103872K
  class space    used 7965K, capacity 8347K, committed 8448K, reserved 1048576K
}
Event: 16.778 GC heap before
{Heap before GC invocations=127 (full 4):
 def new generation   total 18560K, used 17941K [0x00000000f0800000, 0x00000000f1c20000, 0x00000000f5aa0000)
  eden space 16512K, 100% used [0x00000000f0800000, 0x00000000f1820000, 0x00000000f1820000)
  from space 2048K,  69% used [0x00000000f1a20000, 0x00000000f1b856f0, 0x00000000f1c20000)
  to   space 2048K,   0% used [0x00000000f1820000, 0x00000000f1820000, 0x00000000f1a20000)
 tenured generation   total 41092K, used 34594K [0x00000000f5aa0000, 0x00000000f82c1000, 0x0000000100000000)
   the space 41092K,  84% used [0x00000000f5aa0000, 0x00000000f7c68a98, 0x00000000f7c68c00, 0x00000000f82c1000)
 Metaspace       used 60899K, capacity 63096K, committed 63232K, reserved 1103872K
  class space    used 7988K, capacity 8380K, committed 8448K, reserved 1048576K
Event: 16.785 GC heap after
Heap after GC invocations=128 (full 4):
 def new generation   total 18560K, used 1319K [0x00000000f0800000, 0x00000000f1c20000, 0x00000000f5aa0000)
  eden space 16512K,   0% used [0x00000000f0800000, 0x00000000f0800000, 0x00000000f1820000)
  from space 2048K,  64% used [0x00000000f1820000, 0x00000000f1969e60, 0x00000000f1a20000)
  to   space 2048K,   0% used [0x00000000f1a20000, 0x00000000f1a20000, 0x00000000f1c20000)
 tenured generation   total 41092K, used 35195K [0x00000000f5aa0000, 0x00000000f82c1000, 0x0000000100000000)
   the space 41092K,  85% used [0x00000000f5aa0000, 0x00000000f7cfed70, 0x00000000f7cfee00, 0x00000000f82c1000)
 Metaspace       used 60899K, capacity 63096K, committed 63232K, reserved 1103872K
  class space    used 7988K, capacity 8380K, committed 8448K, reserved 1048576K
}
Event: 16.961 GC heap before
{Heap before GC invocations=128 (full 4):
 def new generation   total 18560K, used 17831K [0x00000000f0800000, 0x00000000f1c20000, 0x00000000f5aa0000)
  eden space 16512K, 100% used [0x00000000f0800000, 0x00000000f1820000, 0x00000000f1820000)
  from space 2048K,  64% used [0x00000000f1820000, 0x00000000f1969e60, 0x00000000f1a20000)
  to   space 2048K,   0% used [0x00000000f1a20000, 0x00000000f1a20000, 0x00000000f1c20000)
 tenured generation   total 41092K, used 35195K [0x00000000f5aa0000, 0x00000000f82c1000, 0x0000000100000000)
   the space 41092K,  85% used [0x00000000f5aa0000, 0x00000000f7cfed70, 0x00000000f7cfee00, 0x00000000f82c1000)
 Metaspace       used 61145K, capacity 63338K, committed 63488K, reserved 1103872K
  class space    used 8025K, capacity 8417K, committed 8448K, reserved 1048576K
Event: 16.970 GC heap after
Heap after GC invocations=129 (full 4):
 def new generation   total 18560K, used 1288K [0x00000000f0800000, 0x00000000f1c20000, 0x00000000f5aa0000)
  eden space 16512K,   0% used [0x00000000f0800000, 0x00000000f0800000, 0x00000000f1820000)
  from space 2048K,  62% used [0x00000000f1a20000, 0x00000000f1b62028, 0x00000000f1c20000)
  to   space 2048K,   0% used [0x00000000f1820000, 0x00000000f1820000, 0x00000000f1a20000)
 tenured generation   total 41092K, used 35963K [0x00000000f5aa0000, 0x00000000f82c1000, 0x0000000100000000)
   the space 41092K,  87% used [0x00000000f5aa0000, 0x00000000f7dbef60, 0x00000000f7dbf000, 0x00000000f82c1000)
 Metaspace       used 61145K, capacity 63338K, committed 63488K, reserved 1103872K
  class space    used 8025K, capacity 8417K, committed 8448K, reserved 1048576K
}
Event: 17.210 GC heap before
{Heap before GC invocations=129 (full 4):
 def new generation   total 18560K, used 17800K [0x00000000f0800000, 0x00000000f1c20000, 0x00000000f5aa0000)
  eden space 16512K, 100% used [0x00000000f0800000, 0x00000000f1820000, 0x00000000f1820000)
  from space 2048K,  62% used [0x00000000f1a20000, 0x00000000f1b62028, 0x00000000f1c20000)
  to   space 2048K,   0% used [0x00000000f1820000, 0x00000000f1820000, 0x00000000f1a20000)
 tenured generation   total 41092K, used 35963K [0x00000000f5aa0000, 0x00000000f82c1000, 0x0000000100000000)
   the space 41092K,  87% used [0x00000000f5aa0000, 0x00000000f7dbef60, 0x00000000f7dbf000, 0x00000000f82c1000)
 Metaspace       used 61954K, capacity 64164K, committed 64512K, reserved 1105920K
  class space    used 8153K, capacity 8584K, committed 8704K, reserved 1048576K
Event: 17.218 GC heap after
Heap after GC invocations=130 (full 4):
 def new generation   total 18560K, used 1789K [0x00000000f0800000, 0x00000000f1c20000, 0x00000000f5aa0000)
  eden space 16512K,   0% used [0x00000000f0800000, 0x00000000f0800000, 0x00000000f1820000)
  from space 2048K,  87% used [0x00000000f1820000, 0x00000000f19df500, 0x00000000f1a20000)
  to   space 2048K,   0% used [0x00000000f1a20000, 0x00000000f1a20000, 0x00000000f1c20000)
 tenured generation   total 41092K, used 36461K [0x00000000f5aa0000, 0x00000000f82c1000, 0x0000000100000000)
   the space 41092K,  88% used [0x00000000f5aa0000, 0x00000000f7e3b740, 0x00000000f7e3b800, 0x00000000f82c1000)
 Metaspace       used 61954K, capacity 64164K, committed 64512K, reserved 1105920K
  class space    used 8153K, capacity 8584K, committed 8704K, reserved 1048576K
}
Event: 17.645 GC heap before
{Heap before GC invocations=130 (full 4):
 def new generation   total 18560K, used 18301K [0x00000000f0800000, 0x00000000f1c20000, 0x00000000f5aa0000)
  eden space 16512K, 100% used [0x00000000f0800000, 0x00000000f1820000, 0x00000000f1820000)
  from space 2048K,  87% used [0x00000000f1820000, 0x00000000f19df500, 0x00000000f1a20000)
  to   space 2048K,   0% used [0x00000000f1a20000, 0x00000000f1a20000, 0x00000000f1c20000)
 tenured generation   total 41092K, used 36461K [0x00000000f5aa0000, 0x00000000f82c1000, 0x0000000100000000)
   the space 41092K,  88% used [0x00000000f5aa0000, 0x00000000f7e3b740, 0x00000000f7e3b800, 0x00000000f82c1000)
 Metaspace       used 62895K, capacity 65154K, committed 65408K, reserved 1105920K
  class space    used 8278K, capacity 8717K, committed 8832K, reserved 1048576K
Event: 17.661 GC heap after
Heap after GC invocations=131 (full 4):
 def new generation   total 18560K, used 1109K [0x00000000f0800000, 0x00000000f1c20000, 0x00000000f5aa0000)
  eden space 16512K,   0% used [0x00000000f0800000, 0x00000000f0800000, 0x00000000f1820000)
  from space 2048K,  54% used [0x00000000f1a20000, 0x00000000f1b355e8, 0x00000000f1c20000)
  to   space 2048K,   0% used [0x00000000f1820000, 0x00000000f1820000, 0x00000000f1a20000)
 tenured generation   total 41092K, used 37229K [0x00000000f5aa0000, 0x00000000f82c1000, 0x0000000100000000)
   the space 41092K,  90% used [0x00000000f5aa0000, 0x00000000f7efb628, 0x00000000f7efb800, 0x00000000f82c1000)
 Metaspace       used 62895K, capacity 65154K, committed 65408K, reserved 1105920K
  class space    used 8278K, capacity 8717K, committed 8832K, reserved 1048576K
}
Event: 18.003 GC heap before
{Heap before GC invocations=131 (full 4):
 def new generation   total 18560K, used 17621K [0x00000000f0800000, 0x00000000f1c20000, 0x00000000f5aa0000)
  eden space 16512K, 100% used [0x00000000f0800000, 0x00000000f1820000, 0x00000000f1820000)
  from space 2048K,  54% used [0x00000000f1a20000, 0x00000000f1b355e8, 0x00000000f1c20000)
  to   space 2048K,   0% used [0x00000000f1820000, 0x00000000f1820000, 0x00000000f1a20000)
 tenured generation   total 41092K, used 37229K [0x00000000f5aa0000, 0x00000000f82c1000, 0x0000000100000000)
   the space 41092K,  90% used [0x00000000f5aa0000, 0x00000000f7efb628, 0x00000000f7efb800, 0x00000000f82c1000)
 Metaspace       used 63741K, capacity 65980K, committed 66176K, reserved 1105920K
  class space    used 8397K, capacity 8818K, committed 8832K, reserved 1048576K
Event: 18.016 GC heap after
Heap after GC invocations=132 (full 4):
 def new generation   total 18560K, used 2048K [0x00000000f0800000, 0x00000000f1c20000, 0x00000000f5aa0000)
  eden space 16512K,   0% used [0x00000000f0800000, 0x00000000f0800000, 0x00000000f1820000)
  from space 2048K, 100% used [0x00000000f1820000, 0x00000000f1a20000, 0x00000000f1a20000)
  to   space 2048K,   0% used [0x00000000f1a20000, 0x00000000f1a20000, 0x00000000f1c20000)
 tenured generation   total 41092K, used 37894K [0x00000000f5aa0000, 0x00000000f82c1000, 0x0000000100000000)
   the space 41092K,  92% used [0x00000000f5aa0000, 0x00000000f7fa18e0, 0x00000000f7fa1a00, 0x00000000f82c1000)
 Metaspace       used 63741K, capacity 65980K, committed 66176K, reserved 1105920K
  class space    used 8397K, capacity 8818K, committed 8832K, reserved 1048576K
}
Event: 18.080 GC heap before
{Heap before GC invocations=132 (full 4):
 def new generation   total 18560K, used 17640K [0x00000000f0800000, 0x00000000f1c20000, 0x00000000f5aa0000)
  eden space 16512K,  94% used [0x00000000f0800000, 0x00000000f173a360, 0x00000000f1820000)
  from space 2048K, 100% used [0x00000000f1820000, 0x00000000f1a20000, 0x00000000f1a20000)
  to   space 2048K,   0% used [0x00000000f1a20000, 0x00000000f1a20000, 0x00000000f1c20000)
 tenured generation   total 41092K, used 37894K [0x00000000f5aa0000, 0x00000000f82c1000, 0x0000000100000000)
   the space 41092K,  92% used [0x00000000f5aa0000, 0x00000000f7fa18e0, 0x00000000f7fa1a00, 0x00000000f82c1000)
 Metaspace       used 63864K, capacity 66140K, committed 66304K, reserved 1105920K
  class space    used 8415K, capacity 8850K, committed 8960K, reserved 1048576K
Event: 18.295 GC heap after
Heap after GC invocations=133 (full 5):
 def new generation   total 25600K, used 0K [0x00000000f0800000, 0x00000000f23c0000, 0x00000000f5aa0000)
  eden space 22784K,   0% used [0x00000000f0800000, 0x00000000f0800000, 0x00000000f1e40000)
  from space 2816K,   0% used [0x00000000f1e40000, 0x00000000f1e40000, 0x00000000f2100000)
  to   space 2816K,   0% used [0x00000000f2100000, 0x00000000f2100000, 0x00000000f23c0000)
 tenured generation   total 56788K, used 34072K [0x00000000f5aa0000, 0x00000000f9215000, 0x0000000100000000)
   the space 56788K,  59% used [0x00000000f5aa0000, 0x00000000f7be6060, 0x00000000f7be6200, 0x00000000f9215000)
 Metaspace       used 63864K, capacity 66140K, committed 66304K, reserved 1105920K
  class space    used 8415K, capacity 8850K, committed 8960K, reserved 1048576K
}
Event: 18.322 GC heap before
{Heap before GC invocations=133 (full 5):
 def new generation   total 25600K, used 22765K [0x00000000f0800000, 0x00000000f23c0000, 0x00000000f5aa0000)
  eden space 22784K,  99% used [0x00000000f0800000, 0x00000000f1e3b520, 0x00000000f1e40000)
  from space 2816K,   0% used [0x00000000f1e40000, 0x00000000f1e40000, 0x00000000f2100000)
  to   space 2816K,   0% used [0x00000000f2100000, 0x00000000f2100000, 0x00000000f23c0000)
 tenured generation   total 56788K, used 34072K [0x00000000f5aa0000, 0x00000000f9215000, 0x0000000100000000)
   the space 56788K,  59% used [0x00000000f5aa0000, 0x00000000f7be6060, 0x00000000f7be6200, 0x00000000f9215000)
 Metaspace       used 63865K, capacity 66140K, committed 66304K, reserved 1105920K
  class space    used 8415K, capacity 8850K, committed 8960K, reserved 1048576K
Event: 18.326 GC heap after
Heap after GC invocations=134 (full 5):
 def new generation   total 25600K, used 2051K [0x00000000f0800000, 0x00000000f23c0000, 0x00000000f5aa0000)
  eden space 22784K,   0% used [0x00000000f0800000, 0x00000000f0800000, 0x00000000f1e40000)
  from space 2816K,  72% used [0x00000000f2100000, 0x00000000f2300d38, 0x00000000f23c0000)
  to   space 2816K,   0% used [0x00000000f1e40000, 0x00000000f1e40000, 0x00000000f2100000)
 tenured generation   total 56788K, used 41112K [0x00000000f5aa0000, 0x00000000f9215000, 0x0000000100000000)
   the space 56788K,  72% used [0x00000000f5aa0000, 0x00000000f82c6220, 0x00000000f82c6400, 0x00000000f9215000)
 Metaspace       used 63865K, capacity 66140K, committed 66304K, reserved 1105920K
  class space    used 8415K, capacity 8850K, committed 8960K, reserved 1048576K
}
Event: 18.532 GC heap before
{Heap before GC invocations=134 (full 5):
 def new generation   total 25600K, used 24835K [0x00000000f0800000, 0x00000000f23c0000, 0x00000000f5aa0000)
  eden space 22784K, 100% used [0x00000000f0800000, 0x00000000f1e40000, 0x00000000f1e40000)
  from space 2816K,  72% used [0x00000000f2100000, 0x00000000f2300d38, 0x00000000f23c0000)
  to   space 2816K,   0% used [0x00000000f1e40000, 0x00000000f1e40000, 0x00000000f2100000)
 tenured generation   total 56788K, used 41112K [0x00000000f5aa0000, 0x00000000f9215000, 0x0000000100000000)
   the space 56788K,  72% used [0x00000000f5aa0000, 0x00000000f82c6220, 0x00000000f82c6400, 0x00000000f9215000)
 Metaspace       used 64921K, capacity 67222K, committed 67328K, reserved 1107968K
  class space    used 8539K, capacity 8951K, committed 8960K, reserved 1048576K
Event: 18.544 GC heap after
Heap after GC invocations=135 (full 5):
 def new generation   total 25600K, used 2511K [0x00000000f0800000, 0x00000000f23c0000, 0x00000000f5aa0000)
  eden space 22784K,   0% used [0x00000000f0800000, 0x00000000f0800000, 0x00000000f1e40000)
  from space 2816K,  89% used [0x00000000f1e40000, 0x00000000f20b3ef8, 0x00000000f2100000)
  to   space 2816K,   0% used [0x00000000f2100000, 0x00000000f2100000, 0x00000000f23c0000)
 tenured generation   total 56788K, used 44441K [0x00000000f5aa0000, 0x00000000f9215000, 0x0000000100000000)
   the space 56788K,  78% used [0x00000000f5aa0000, 0x00000000f86064b0, 0x00000000f8606600, 0x00000000f9215000)
 Metaspace       used 64921K, capacity 67222K, committed 67328K, reserved 1107968K
  class space    used 8539K, capacity 8951K, committed 8960K, reserved 1048576K
}
Event: 19.246 GC heap before
{Heap before GC invocations=135 (full 5):
 def new generation   total 25600K, used 24120K [0x00000000f0800000, 0x00000000f23c0000, 0x00000000f5aa0000)
  eden space 22784K,  94% used [0x00000000f0800000, 0x00000000f1d1a440, 0x00000000f1e40000)
  from space 2816K,  89% used [0x00000000f1e40000, 0x00000000f20b3ef8, 0x00000000f2100000)
  to   space 2816K,   0% used [0x00000000f2100000, 0x00000000f2100000, 0x00000000f23c0000)
 tenured generation   total 56788K, used 44441K [0x00000000f5aa0000, 0x00000000f9215000, 0x0000000100000000)
   the space 56788K,  78% used [0x00000000f5aa0000, 0x00000000f86064b0, 0x00000000f8606600, 0x00000000f9215000)
 Metaspace       used 66811K, capacity 69096K, committed 69376K, reserved 1110016K
  class space    used 8730K, capacity 9146K, committed 9216K, reserved 1048576K
Event: 19.258 GC heap after
Heap after GC invocations=136 (full 5):
 def new generation   total 25600K, used 1924K [0x00000000f0800000, 0x00000000f23c0000, 0x00000000f5aa0000)
  eden space 22784K,   0% used [0x00000000f0800000, 0x00000000f0800000, 0x00000000f1e40000)
  from space 2816K,  68% used [0x00000000f2100000, 0x00000000f22e10c0, 0x00000000f23c0000)
  to   space 2816K,   0% used [0x00000000f1e40000, 0x00000000f1e40000, 0x00000000f2100000)
 tenured generation   total 56788K, used 49357K [0x00000000f5aa0000, 0x00000000f9215000, 0x0000000100000000)
   the space 56788K,  86% used [0x00000000f5aa0000, 0x00000000f8ad37a8, 0x00000000f8ad3800, 0x00000000f9215000)
 Metaspace       used 66811K, capacity 69096K, committed 69376K, reserved 1110016K
  class space    used 8730K, capacity 9146K, committed 9216K, reserved 1048576K
}
Event: 19.417 GC heap before
{Heap before GC invocations=136 (full 5):
 def new generation   total 25600K, used 23252K [0x00000000f0800000, 0x00000000f23c0000, 0x00000000f5aa0000)
  eden space 22784K,  93% used [0x00000000f0800000, 0x00000000f1cd4148, 0x00000000f1e40000)
  from space 2816K,  68% used [0x00000000f2100000, 0x00000000f22e10c0, 0x00000000f23c0000)
  to   space 2816K,   0% used [0x00000000f1e40000, 0x00000000f1e40000, 0x00000000f2100000)
 tenured generation   total 56788K, used 49357K [0x00000000f5aa0000, 0x00000000f9215000, 0x0000000100000000)
   the space 56788K,  86% used [0x00000000f5aa0000, 0x00000000f8ad37a8, 0x00000000f8ad3800, 0x00000000f9215000)
 Metaspace       used 66812K, capacity 69096K, committed 69376K, reserved 1110016K
  class space    used 8730K, capacity 9146K, committed 9216K, reserved 1048576K
Event: 19.428 GC heap after
Heap after GC invocations=137 (full 5):
 def new generation   total 25600K, used 1805K [0x00000000f0800000, 0x00000000f23c0000, 0x00000000f5aa0000)
  eden space 22784K,   0% used [0x00000000f0800000, 0x00000000f0800000, 0x00000000f1e40000)
  from space 2816K,  64% used [0x00000000f1e40000, 0x00000000f20037e0, 0x00000000f2100000)
  to   space 2816K,   0% used [0x00000000f2100000, 0x00000000f2100000, 0x00000000f23c0000)
 tenured generation   total 56788K, used 56393K [0x00000000f5aa0000, 0x00000000f9215000, 0x0000000100000000)
   the space 56788K,  99% used [0x00000000f5aa0000, 0x00000000f91b26d8, 0x00000000f91b2800, 0x00000000f9215000)
 Metaspace       used 66812K, capacity 69096K, committed 69376K, reserved 1110016K
  class space    used 8730K, capacity 9146K, committed 9216K, reserved 1048576K
}
Event: 19.591 GC heap before
{Heap before GC invocations=137 (full 5):
 def new generation   total 25600K, used 24493K [0x00000000f0800000, 0x00000000f23c0000, 0x00000000f5aa0000)
  eden space 22784K,  99% used [0x00000000f0800000, 0x00000000f1e27c28, 0x00000000f1e40000)
  from space 2816K,  64% used [0x00000000f1e40000, 0x00000000f20037e0, 0x00000000f2100000)
  to   space 2816K,   0% used [0x00000000f2100000, 0x00000000f2100000, 0x00000000f23c0000)
 tenured generation   total 56788K, used 56393K [0x00000000f5aa0000, 0x00000000f9215000, 0x0000000100000000)
   the space 56788K,  99% used [0x00000000f5aa0000, 0x00000000f91b26d8, 0x00000000f91b2800, 0x00000000f9215000)
 Metaspace       used 66815K, capacity 69096K, committed 69376K, reserved 1110016K
  class space    used 8730K, capacity 9146K, committed 9216K, reserved 1048576K

